                                      1 ;--------------------------------------------------------
                                      2 ; File Created by SDCC : free open source ISO C Compiler 
                                      3 ; Version 4.3.2 #14228 (Linux)
                                      4 ;--------------------------------------------------------
                                      5 	.module badday_data
                                      6 	.optsdcc -msm83
                                      7 	
                                      8 ;--------------------------------------------------------
                                      9 ; Public variables in this module
                                     10 ;--------------------------------------------------------
                                     11 	.globl _badday_data
                                     12 ;--------------------------------------------------------
                                     13 ; special function registers
                                     14 ;--------------------------------------------------------
                                     15 ;--------------------------------------------------------
                                     16 ; ram data
                                     17 ;--------------------------------------------------------
                                     18 	.area _DATA
                                     19 ;--------------------------------------------------------
                                     20 ; ram data
                                     21 ;--------------------------------------------------------
                                     22 	.area _INITIALIZED
                                     23 ;--------------------------------------------------------
                                     24 ; absolute external ram data
                                     25 ;--------------------------------------------------------
                                     26 	.area _DABS (ABS)
                                     27 ;--------------------------------------------------------
                                     28 ; global & static initialisations
                                     29 ;--------------------------------------------------------
                                     30 	.area _HOME
                                     31 	.area _GSINIT
                                     32 	.area _GSFINAL
                                     33 	.area _GSINIT
                                     34 ;--------------------------------------------------------
                                     35 ; Home
                                     36 ;--------------------------------------------------------
                                     37 	.area _HOME
                                     38 	.area _HOME
                                     39 ;--------------------------------------------------------
                                     40 ; code
                                     41 ;--------------------------------------------------------
                                     42 	.area _CODE
                                     43 	.area _CODE
      000000                         44 _badday_data:
      000000 3F                      45 	.db #0x3f	; 63
      000001 3F                      46 	.db #0x3f	; 63
      000002 30                      47 	.db #0x30	; 48	'0'
      000003 38                      48 	.db #0x38	; 56	'8'
      000004 30                      49 	.db #0x30	; 48	'0'
      000005 38                      50 	.db #0x38	; 56	'8'
      000006 30                      51 	.db #0x30	; 48	'0'
      000007 38                      52 	.db #0x38	; 56	'8'
      000008 30                      53 	.db #0x30	; 48	'0'
      000009 38                      54 	.db #0x38	; 56	'8'
      00000A 30                      55 	.db #0x30	; 48	'0'
      00000B 38                      56 	.db #0x38	; 56	'8'
      00000C 30                      57 	.db #0x30	; 48	'0'
      00000D 38                      58 	.db #0x38	; 56	'8'
      00000E 30                      59 	.db #0x30	; 48	'0'
      00000F 38                      60 	.db #0x38	; 56	'8'
      000010 FF                      61 	.db #0xff	; 255
      000011 FF                      62 	.db #0xff	; 255
      000012 00                      63 	.db #0x00	; 0
      000013 00                      64 	.db #0x00	; 0
      000014 00                      65 	.db #0x00	; 0
      000015 00                      66 	.db #0x00	; 0
      000016 00                      67 	.db #0x00	; 0
      000017 00                      68 	.db #0x00	; 0
      000018 00                      69 	.db #0x00	; 0
      000019 00                      70 	.db #0x00	; 0
      00001A 00                      71 	.db #0x00	; 0
      00001B 00                      72 	.db #0x00	; 0
      00001C 10                      73 	.db #0x10	; 16
      00001D 18                      74 	.db #0x18	; 24
      00001E 10                      75 	.db #0x10	; 16
      00001F 18                      76 	.db #0x18	; 24
      000020 C7                      77 	.db #0xc7	; 199
      000021 C7                      78 	.db #0xc7	; 199
      000022 2E                      79 	.db #0x2e	; 46
      000023 2F                      80 	.db #0x2f	; 47
      000024 1C                      81 	.db #0x1c	; 28
      000025 1E                      82 	.db #0x1e	; 30
      000026 1C                      83 	.db #0x1c	; 28
      000027 1E                      84 	.db #0x1e	; 30
      000028 1C                      85 	.db #0x1c	; 28
      000029 1E                      86 	.db #0x1e	; 30
      00002A 1C                      87 	.db #0x1c	; 28
      00002B 1E                      88 	.db #0x1e	; 30
      00002C 1C                      89 	.db #0x1c	; 28
      00002D 1E                      90 	.db #0x1e	; 30
      00002E 1C                      91 	.db #0x1c	; 28
      00002F 1E                      92 	.db #0x1e	; 30
      000030 FF                      93 	.db #0xff	; 255
      000031 FF                      94 	.db #0xff	; 255
      000032 00                      95 	.db #0x00	; 0
      000033 00                      96 	.db #0x00	; 0
      000034 00                      97 	.db #0x00	; 0
      000035 00                      98 	.db #0x00	; 0
      000036 00                      99 	.db #0x00	; 0
      000037 00                     100 	.db #0x00	; 0
      000038 00                     101 	.db #0x00	; 0
      000039 00                     102 	.db #0x00	; 0
      00003A 00                     103 	.db #0x00	; 0
      00003B 00                     104 	.db #0x00	; 0
      00003C 04                     105 	.db #0x04	; 4
      00003D 06                     106 	.db #0x06	; 6
      00003E 04                     107 	.db #0x04	; 4
      00003F 06                     108 	.db #0x06	; 6
      000040 F3                     109 	.db #0xf3	; 243
      000041 F3                     110 	.db #0xf3	; 243
      000042 0B                     111 	.db #0x0b	; 11
      000043 0B                     112 	.db #0x0b	; 11
      000044 07                     113 	.db #0x07	; 7
      000045 07                     114 	.db #0x07	; 7
      000046 07                     115 	.db #0x07	; 7
      000047 07                     116 	.db #0x07	; 7
      000048 07                     117 	.db #0x07	; 7
      000049 07                     118 	.db #0x07	; 7
      00004A 07                     119 	.db #0x07	; 7
      00004B 07                     120 	.db #0x07	; 7
      00004C 07                     121 	.db #0x07	; 7
      00004D 07                     122 	.db #0x07	; 7
      00004E 07                     123 	.db #0x07	; 7
      00004F 07                     124 	.db #0x07	; 7
      000050 FF                     125 	.db #0xff	; 255
      000051 FF                     126 	.db #0xff	; 255
      000052 00                     127 	.db #0x00	; 0
      000053 80                     128 	.db #0x80	; 128
      000054 00                     129 	.db #0x00	; 0
      000055 80                     130 	.db #0x80	; 128
      000056 00                     131 	.db #0x00	; 0
      000057 80                     132 	.db #0x80	; 128
      000058 00                     133 	.db #0x00	; 0
      000059 80                     134 	.db #0x80	; 128
      00005A 00                     135 	.db #0x00	; 0
      00005B 80                     136 	.db #0x80	; 128
      00005C 01                     137 	.db #0x01	; 1
      00005D 81                     138 	.db #0x81	; 129
      00005E 01                     139 	.db #0x01	; 1
      00005F 81                     140 	.db #0x81	; 129
      000060 FC                     141 	.db #0xfc	; 252
      000061 FC                     142 	.db #0xfc	; 252
      000062 02                     143 	.db #0x02	; 2
      000063 02                     144 	.db #0x02	; 2
      000064 01                     145 	.db #0x01	; 1
      000065 01                     146 	.db #0x01	; 1
      000066 01                     147 	.db #0x01	; 1
      000067 01                     148 	.db #0x01	; 1
      000068 01                     149 	.db #0x01	; 1
      000069 01                     150 	.db #0x01	; 1
      00006A 01                     151 	.db #0x01	; 1
      00006B 01                     152 	.db #0x01	; 1
      00006C 01                     153 	.db #0x01	; 1
      00006D 01                     154 	.db #0x01	; 1
      00006E 01                     155 	.db #0x01	; 1
      00006F 81                     156 	.db #0x81	; 129
      000070 F0                     157 	.db #0xf0	; 240
      000071 38                     158 	.db #0x38	; 56	'8'
      000072 30                     159 	.db #0x30	; 48	'0'
      000073 38                     160 	.db #0x38	; 56	'8'
      000074 F0                     161 	.db #0xf0	; 240
      000075 38                     162 	.db #0x38	; 56	'8'
      000076 F0                     163 	.db #0xf0	; 240
      000077 38                     164 	.db #0x38	; 56	'8'
      000078 F0                     165 	.db #0xf0	; 240
      000079 38                     166 	.db #0x38	; 56	'8'
      00007A 30                     167 	.db #0x30	; 48	'0'
      00007B 38                     168 	.db #0x38	; 56	'8'
      00007C F0                     169 	.db #0xf0	; 240
      00007D 38                     170 	.db #0x38	; 56	'8'
      00007E 30                     171 	.db #0x30	; 48	'0'
      00007F F8                     172 	.db #0xf8	; 248
      000080 10                     173 	.db #0x10	; 16
      000081 18                     174 	.db #0x18	; 24
      000082 10                     175 	.db #0x10	; 16
      000083 18                     176 	.db #0x18	; 24
      000084 00                     177 	.db #0x00	; 0
      000085 00                     178 	.db #0x00	; 0
      000086 00                     179 	.db #0x00	; 0
      000087 00                     180 	.db #0x00	; 0
      000088 00                     181 	.db #0x00	; 0
      000089 00                     182 	.db #0x00	; 0
      00008A 00                     183 	.db #0x00	; 0
      00008B 00                     184 	.db #0x00	; 0
      00008C 10                     185 	.db #0x10	; 16
      00008D 18                     186 	.db #0x18	; 24
      00008E 10                     187 	.db #0x10	; 16
      00008F 18                     188 	.db #0x18	; 24
      000090 1C                     189 	.db #0x1c	; 28
      000091 1E                     190 	.db #0x1e	; 30
      000092 1C                     191 	.db #0x1c	; 28
      000093 1E                     192 	.db #0x1e	; 30
      000094 1C                     193 	.db #0x1c	; 28
      000095 1E                     194 	.db #0x1e	; 30
      000096 2C                     195 	.db #0x2c	; 44
      000097 2E                     196 	.db #0x2e	; 46
      000098 1C                     197 	.db #0x1c	; 28
      000099 1E                     198 	.db #0x1e	; 30
      00009A 1C                     199 	.db #0x1c	; 28
      00009B 1E                     200 	.db #0x1e	; 30
      00009C 1C                     201 	.db #0x1c	; 28
      00009D 1E                     202 	.db #0x1e	; 30
      00009E 1C                     203 	.db #0x1c	; 28
      00009F 1E                     204 	.db #0x1e	; 30
      0000A0 04                     205 	.db #0x04	; 4
      0000A1 06                     206 	.db #0x06	; 6
      0000A2 04                     207 	.db #0x04	; 4
      0000A3 06                     208 	.db #0x06	; 6
      0000A4 04                     209 	.db #0x04	; 4
      0000A5 06                     210 	.db #0x06	; 6
      0000A6 00                     211 	.db #0x00	; 0
      0000A7 00                     212 	.db #0x00	; 0
      0000A8 00                     213 	.db #0x00	; 0
      0000A9 00                     214 	.db #0x00	; 0
      0000AA 00                     215 	.db #0x00	; 0
      0000AB 00                     216 	.db #0x00	; 0
      0000AC 00                     217 	.db #0x00	; 0
      0000AD 00                     218 	.db #0x00	; 0
      0000AE 00                     219 	.db #0x00	; 0
      0000AF 00                     220 	.db #0x00	; 0
      0000B0 07                     221 	.db #0x07	; 7
      0000B1 07                     222 	.db #0x07	; 7
      0000B2 07                     223 	.db #0x07	; 7
      0000B3 07                     224 	.db #0x07	; 7
      0000B4 07                     225 	.db #0x07	; 7
      0000B5 07                     226 	.db #0x07	; 7
      0000B6 07                     227 	.db #0x07	; 7
      0000B7 07                     228 	.db #0x07	; 7
      0000B8 07                     229 	.db #0x07	; 7
      0000B9 07                     230 	.db #0x07	; 7
      0000BA 07                     231 	.db #0x07	; 7
      0000BB 07                     232 	.db #0x07	; 7
      0000BC 07                     233 	.db #0x07	; 7
      0000BD 07                     234 	.db #0x07	; 7
      0000BE 07                     235 	.db #0x07	; 7
      0000BF 07                     236 	.db #0x07	; 7
      0000C0 01                     237 	.db #0x01	; 1
      0000C1 81                     238 	.db #0x81	; 129
      0000C2 01                     239 	.db #0x01	; 1
      0000C3 81                     240 	.db #0x81	; 129
      0000C4 01                     241 	.db #0x01	; 1
      0000C5 81                     242 	.db #0x81	; 129
      0000C6 01                     243 	.db #0x01	; 1
      0000C7 81                     244 	.db #0x81	; 129
      0000C8 01                     245 	.db #0x01	; 1
      0000C9 81                     246 	.db #0x81	; 129
      0000CA 01                     247 	.db #0x01	; 1
      0000CB 81                     248 	.db #0x81	; 129
      0000CC 01                     249 	.db #0x01	; 1
      0000CD 81                     250 	.db #0x81	; 129
      0000CE 01                     251 	.db #0x01	; 1
      0000CF 81                     252 	.db #0x81	; 129
      0000D0 30                     253 	.db #0x30	; 48	'0'
      0000D1 38                     254 	.db #0x38	; 56	'8'
      0000D2 30                     255 	.db #0x30	; 48	'0'
      0000D3 38                     256 	.db #0x38	; 56	'8'
      0000D4 30                     257 	.db #0x30	; 48	'0'
      0000D5 38                     258 	.db #0x38	; 56	'8'
      0000D6 30                     259 	.db #0x30	; 48	'0'
      0000D7 38                     260 	.db #0x38	; 56	'8'
      0000D8 30                     261 	.db #0x30	; 48	'0'
      0000D9 38                     262 	.db #0x38	; 56	'8'
      0000DA 30                     263 	.db #0x30	; 48	'0'
      0000DB 38                     264 	.db #0x38	; 56	'8'
      0000DC 37                     265 	.db #0x37	; 55	'7'
      0000DD 38                     266 	.db #0x38	; 56	'8'
      0000DE 3F                     267 	.db #0x3f	; 63
      0000DF 3F                     268 	.db #0x3f	; 63
      0000E0 10                     269 	.db #0x10	; 16
      0000E1 18                     270 	.db #0x18	; 24
      0000E2 10                     271 	.db #0x10	; 16
      0000E3 18                     272 	.db #0x18	; 24
      0000E4 00                     273 	.db #0x00	; 0
      0000E5 00                     274 	.db #0x00	; 0
      0000E6 00                     275 	.db #0x00	; 0
      0000E7 00                     276 	.db #0x00	; 0
      0000E8 00                     277 	.db #0x00	; 0
      0000E9 00                     278 	.db #0x00	; 0
      0000EA 00                     279 	.db #0x00	; 0
      0000EB 00                     280 	.db #0x00	; 0
      0000EC FF                     281 	.db #0xff	; 255
      0000ED 00                     282 	.db #0x00	; 0
      0000EE FF                     283 	.db #0xff	; 255
      0000EF FF                     284 	.db #0xff	; 255
      0000F0 1C                     285 	.db #0x1c	; 28
      0000F1 1E                     286 	.db #0x1e	; 30
      0000F2 1C                     287 	.db #0x1c	; 28
      0000F3 1E                     288 	.db #0x1e	; 30
      0000F4 1C                     289 	.db #0x1c	; 28
      0000F5 1E                     290 	.db #0x1e	; 30
      0000F6 1C                     291 	.db #0x1c	; 28
      0000F7 1E                     292 	.db #0x1e	; 30
      0000F8 1C                     293 	.db #0x1c	; 28
      0000F9 1E                     294 	.db #0x1e	; 30
      0000FA 3C                     295 	.db #0x3c	; 60
      0000FB 1E                     296 	.db #0x1e	; 30
      0000FC ED                     297 	.db #0xed	; 237
      0000FD 2E                     298 	.db #0x2e	; 46
      0000FE CF                     299 	.db #0xcf	; 207
      0000FF CF                     300 	.db #0xcf	; 207
      000100 04                     301 	.db #0x04	; 4
      000101 06                     302 	.db #0x06	; 6
      000102 04                     303 	.db #0x04	; 4
      000103 06                     304 	.db #0x06	; 6
      000104 04                     305 	.db #0x04	; 4
      000105 06                     306 	.db #0x06	; 6
      000106 04                     307 	.db #0x04	; 4
      000107 06                     308 	.db #0x06	; 6
      000108 04                     309 	.db #0x04	; 4
      000109 06                     310 	.db #0x06	; 6
      00010A 04                     311 	.db #0x04	; 4
      00010B 06                     312 	.db #0x06	; 6
      00010C FD                     313 	.db #0xfd	; 253
      00010D 06                     314 	.db #0x06	; 6
      00010E FF                     315 	.db #0xff	; 255
      00010F FF                     316 	.db #0xff	; 255
      000110 07                     317 	.db #0x07	; 7
      000111 07                     318 	.db #0x07	; 7
      000112 07                     319 	.db #0x07	; 7
      000113 07                     320 	.db #0x07	; 7
      000114 07                     321 	.db #0x07	; 7
      000115 07                     322 	.db #0x07	; 7
      000116 07                     323 	.db #0x07	; 7
      000117 07                     324 	.db #0x07	; 7
      000118 07                     325 	.db #0x07	; 7
      000119 07                     326 	.db #0x07	; 7
      00011A 07                     327 	.db #0x07	; 7
      00011B 07                     328 	.db #0x07	; 7
      00011C FF                     329 	.db #0xff	; 255
      00011D 07                     330 	.db #0x07	; 7
      00011E FF                     331 	.db #0xff	; 255
      00011F FF                     332 	.db #0xff	; 255
      000120 01                     333 	.db #0x01	; 1
      000121 81                     334 	.db #0x81	; 129
      000122 01                     335 	.db #0x01	; 1
      000123 81                     336 	.db #0x81	; 129
      000124 00                     337 	.db #0x00	; 0
      000125 80                     338 	.db #0x80	; 128
      000126 00                     339 	.db #0x00	; 0
      000127 80                     340 	.db #0x80	; 128
      000128 00                     341 	.db #0x00	; 0
      000129 80                     342 	.db #0x80	; 128
      00012A 00                     343 	.db #0x00	; 0
      00012B 80                     344 	.db #0x80	; 128
      00012C 7F                     345 	.db #0x7f	; 127
      00012D 80                     346 	.db #0x80	; 128
      00012E FF                     347 	.db #0xff	; 255
      00012F FF                     348 	.db #0xff	; 255
      000130 01                     349 	.db #0x01	; 1
      000131 81                     350 	.db #0x81	; 129
      000132 01                     351 	.db #0x01	; 1
      000133 81                     352 	.db #0x81	; 129
      000134 01                     353 	.db #0x01	; 1
      000135 01                     354 	.db #0x01	; 1
      000136 01                     355 	.db #0x01	; 1
      000137 01                     356 	.db #0x01	; 1
      000138 01                     357 	.db #0x01	; 1
      000139 01                     358 	.db #0x01	; 1
      00013A 03                     359 	.db #0x03	; 3
      00013B 01                     360 	.db #0x01	; 1
      00013C FE                     361 	.db #0xfe	; 254
      00013D 02                     362 	.db #0x02	; 2
      00013E FC                     363 	.db #0xfc	; 252
      00013F FC                     364 	.db #0xfc	; 252
      000140 FF                     365 	.db #0xff	; 255
      000141 FF                     366 	.db #0xff	; 255
      000142 00                     367 	.db #0x00	; 0
      000143 00                     368 	.db #0x00	; 0
      000144 00                     369 	.db #0x00	; 0
      000145 00                     370 	.db #0x00	; 0
      000146 00                     371 	.db #0x00	; 0
      000147 00                     372 	.db #0x00	; 0
      000148 00                     373 	.db #0x00	; 0
      000149 00                     374 	.db #0x00	; 0
      00014A 00                     375 	.db #0x00	; 0
      00014B 00                     376 	.db #0x00	; 0
      00014C 10                     377 	.db #0x10	; 16
      00014D 10                     378 	.db #0x10	; 16
      00014E 10                     379 	.db #0x10	; 16
      00014F 18                     380 	.db #0x18	; 24
      000150 FF                     381 	.db #0xff	; 255
      000151 FF                     382 	.db #0xff	; 255
      000152 01                     383 	.db #0x01	; 1
      000153 81                     384 	.db #0x81	; 129
      000154 01                     385 	.db #0x01	; 1
      000155 81                     386 	.db #0x81	; 129
      000156 01                     387 	.db #0x01	; 1
      000157 81                     388 	.db #0x81	; 129
      000158 01                     389 	.db #0x01	; 1
      000159 81                     390 	.db #0x81	; 129
      00015A 01                     391 	.db #0x01	; 1
      00015B 81                     392 	.db #0x81	; 129
      00015C 01                     393 	.db #0x01	; 1
      00015D 81                     394 	.db #0x81	; 129
      00015E 00                     395 	.db #0x00	; 0
      00015F 80                     396 	.db #0x80	; 128
      000160 FF                     397 	.db #0xff	; 255
      000161 FF                     398 	.db #0xff	; 255
      000162 01                     399 	.db #0x01	; 1
      000163 81                     400 	.db #0x81	; 129
      000164 01                     401 	.db #0x01	; 1
      000165 81                     402 	.db #0x81	; 129
      000166 01                     403 	.db #0x01	; 1
      000167 81                     404 	.db #0x81	; 129
      000168 01                     405 	.db #0x01	; 1
      000169 81                     406 	.db #0x81	; 129
      00016A 01                     407 	.db #0x01	; 1
      00016B 81                     408 	.db #0x81	; 129
      00016C 01                     409 	.db #0x01	; 1
      00016D 81                     410 	.db #0x81	; 129
      00016E 01                     411 	.db #0x01	; 1
      00016F 01                     412 	.db #0x01	; 1
      000170 30                     413 	.db #0x30	; 48	'0'
      000171 38                     414 	.db #0x38	; 56	'8'
      000172 30                     415 	.db #0x30	; 48	'0'
      000173 38                     416 	.db #0x38	; 56	'8'
      000174 30                     417 	.db #0x30	; 48	'0'
      000175 38                     418 	.db #0x38	; 56	'8'
      000176 30                     419 	.db #0x30	; 48	'0'
      000177 38                     420 	.db #0x38	; 56	'8'
      000178 30                     421 	.db #0x30	; 48	'0'
      000179 38                     422 	.db #0x38	; 56	'8'
      00017A 30                     423 	.db #0x30	; 48	'0'
      00017B 38                     424 	.db #0x38	; 56	'8'
      00017C 30                     425 	.db #0x30	; 48	'0'
      00017D 38                     426 	.db #0x38	; 56	'8'
      00017E 30                     427 	.db #0x30	; 48	'0'
      00017F 38                     428 	.db #0x38	; 56	'8'
      000180 10                     429 	.db #0x10	; 16
      000181 18                     430 	.db #0x18	; 24
      000182 10                     431 	.db #0x10	; 16
      000183 18                     432 	.db #0x18	; 24
      000184 10                     433 	.db #0x10	; 16
      000185 18                     434 	.db #0x18	; 24
      000186 10                     435 	.db #0x10	; 16
      000187 18                     436 	.db #0x18	; 24
      000188 10                     437 	.db #0x10	; 16
      000189 18                     438 	.db #0x18	; 24
      00018A 10                     439 	.db #0x10	; 16
      00018B 18                     440 	.db #0x18	; 24
      00018C 10                     441 	.db #0x10	; 16
      00018D 18                     442 	.db #0x18	; 24
      00018E 10                     443 	.db #0x10	; 16
      00018F 18                     444 	.db #0x18	; 24
      000190 1C                     445 	.db #0x1c	; 28
      000191 1E                     446 	.db #0x1e	; 30
      000192 1C                     447 	.db #0x1c	; 28
      000193 1E                     448 	.db #0x1e	; 30
      000194 1C                     449 	.db #0x1c	; 28
      000195 1E                     450 	.db #0x1e	; 30
      000196 1C                     451 	.db #0x1c	; 28
      000197 1E                     452 	.db #0x1e	; 30
      000198 1C                     453 	.db #0x1c	; 28
      000199 1E                     454 	.db #0x1e	; 30
      00019A 1C                     455 	.db #0x1c	; 28
      00019B 1E                     456 	.db #0x1e	; 30
      00019C 1C                     457 	.db #0x1c	; 28
      00019D 1E                     458 	.db #0x1e	; 30
      00019E 1C                     459 	.db #0x1c	; 28
      00019F 1E                     460 	.db #0x1e	; 30
      0001A0 07                     461 	.db #0x07	; 7
      0001A1 07                     462 	.db #0x07	; 7
      0001A2 07                     463 	.db #0x07	; 7
      0001A3 07                     464 	.db #0x07	; 7
      0001A4 07                     465 	.db #0x07	; 7
      0001A5 07                     466 	.db #0x07	; 7
      0001A6 07                     467 	.db #0x07	; 7
      0001A7 07                     468 	.db #0x07	; 7
      0001A8 05                     469 	.db #0x05	; 5
      0001A9 05                     470 	.db #0x05	; 5
      0001AA 04                     471 	.db #0x04	; 4
      0001AB 04                     472 	.db #0x04	; 4
      0001AC 04                     473 	.db #0x04	; 4
      0001AD 04                     474 	.db #0x04	; 4
      0001AE 04                     475 	.db #0x04	; 4
      0001AF 04                     476 	.db #0x04	; 4
      0001B0 00                     477 	.db #0x00	; 0
      0001B1 80                     478 	.db #0x80	; 128
      0001B2 00                     479 	.db #0x00	; 0
      0001B3 80                     480 	.db #0x80	; 128
      0001B4 00                     481 	.db #0x00	; 0
      0001B5 80                     482 	.db #0x80	; 128
      0001B6 80                     483 	.db #0x80	; 128
      0001B7 C0                     484 	.db #0xc0	; 192
      0001B8 C0                     485 	.db #0xc0	; 192
      0001B9 E0                     486 	.db #0xe0	; 224
      0001BA E0                     487 	.db #0xe0	; 224
      0001BB F0                     488 	.db #0xf0	; 240
      0001BC 70                     489 	.db #0x70	; 112	'p'
      0001BD 78                     490 	.db #0x78	; 120	'x'
      0001BE 30                     491 	.db #0x30	; 48	'0'
      0001BF 38                     492 	.db #0x38	; 56	'8'
      0001C0 01                     493 	.db #0x01	; 1
      0001C1 01                     494 	.db #0x01	; 1
      0001C2 01                     495 	.db #0x01	; 1
      0001C3 01                     496 	.db #0x01	; 1
      0001C4 03                     497 	.db #0x03	; 3
      0001C5 01                     498 	.db #0x01	; 1
      0001C6 06                     499 	.db #0x06	; 6
      0001C7 02                     500 	.db #0x02	; 2
      0001C8 0C                     501 	.db #0x0c	; 12
      0001C9 04                     502 	.db #0x04	; 4
      0001CA 18                     503 	.db #0x18	; 24
      0001CB 08                     504 	.db #0x08	; 8
      0001CC 10                     505 	.db #0x10	; 16
      0001CD 10                     506 	.db #0x10	; 16
      0001CE 10                     507 	.db #0x10	; 16
      0001CF 10                     508 	.db #0x10	; 16
      0001D0 04                     509 	.db #0x04	; 4
      0001D1 04                     510 	.db #0x04	; 4
      0001D2 04                     511 	.db #0x04	; 4
      0001D3 04                     512 	.db #0x04	; 4
      0001D4 04                     513 	.db #0x04	; 4
      0001D5 04                     514 	.db #0x04	; 4
      0001D6 04                     515 	.db #0x04	; 4
      0001D7 04                     516 	.db #0x04	; 4
      0001D8 04                     517 	.db #0x04	; 4
      0001D9 04                     518 	.db #0x04	; 4
      0001DA 04                     519 	.db #0x04	; 4
      0001DB 04                     520 	.db #0x04	; 4
      0001DC FC                     521 	.db #0xfc	; 252
      0001DD 04                     522 	.db #0x04	; 4
      0001DE FC                     523 	.db #0xfc	; 252
      0001DF FC                     524 	.db #0xfc	; 252
      0001E0 10                     525 	.db #0x10	; 16
      0001E1 10                     526 	.db #0x10	; 16
      0001E2 10                     527 	.db #0x10	; 16
      0001E3 10                     528 	.db #0x10	; 16
      0001E4 10                     529 	.db #0x10	; 16
      0001E5 10                     530 	.db #0x10	; 16
      0001E6 10                     531 	.db #0x10	; 16
      0001E7 10                     532 	.db #0x10	; 16
      0001E8 10                     533 	.db #0x10	; 16
      0001E9 10                     534 	.db #0x10	; 16
      0001EA 10                     535 	.db #0x10	; 16
      0001EB 10                     536 	.db #0x10	; 16
      0001EC F0                     537 	.db #0xf0	; 240
      0001ED 10                     538 	.db #0x10	; 16
      0001EE F0                     539 	.db #0xf0	; 240
      0001EF F0                     540 	.db #0xf0	; 240
                                    541 	.area _INITIALIZER
                                    542 	.area _CABS (ABS)
