                                      1 ;--------------------------------------------------------
                                      2 ; File Created by SDCC : free open source ISO C Compiler 
                                      3 ; Version 4.3.2 #14228 (Linux)
                                      4 ;--------------------------------------------------------
                                      5 	.module badday_map
                                      6 	.optsdcc -msm83
                                      7 	
                                      8 ;--------------------------------------------------------
                                      9 ; Public variables in this module
                                     10 ;--------------------------------------------------------
                                     11 	.globl _badday_map
                                     12 ;--------------------------------------------------------
                                     13 ; special function registers
                                     14 ;--------------------------------------------------------
                                     15 ;--------------------------------------------------------
                                     16 ; ram data
                                     17 ;--------------------------------------------------------
                                     18 	.area _DATA
                                     19 ;--------------------------------------------------------
                                     20 ; ram data
                                     21 ;--------------------------------------------------------
                                     22 	.area _INITIALIZED
                                     23 ;--------------------------------------------------------
                                     24 ; absolute external ram data
                                     25 ;--------------------------------------------------------
                                     26 	.area _DABS (ABS)
                                     27 ;--------------------------------------------------------
                                     28 ; global & static initialisations
                                     29 ;--------------------------------------------------------
                                     30 	.area _HOME
                                     31 	.area _GSINIT
                                     32 	.area _GSFINAL
                                     33 	.area _GSINIT
                                     34 ;--------------------------------------------------------
                                     35 ; Home
                                     36 ;--------------------------------------------------------
                                     37 	.area _HOME
                                     38 	.area _HOME
                                     39 ;--------------------------------------------------------
                                     40 ; code
                                     41 ;--------------------------------------------------------
                                     42 	.area _CODE
                                     43 	.area _CODE
      000000                         44 _badday_map:
      000000 80                      45 	.db #0x80	; 128
      000001 81                      46 	.db #0x81	; 129
      000002 82                      47 	.db #0x82	; 130
      000003 83                      48 	.db #0x83	; 131
      000004 84                      49 	.db #0x84	; 132
      000005 85                      50 	.db #0x85	; 133
      000006 86                      51 	.db #0x86	; 134
      000007 87                      52 	.db #0x87	; 135
      000008 88                      53 	.db #0x88	; 136
      000009 89                      54 	.db #0x89	; 137
      00000A 8A                      55 	.db #0x8a	; 138
      00000B 8B                      56 	.db #0x8b	; 139
      00000C 8C                      57 	.db #0x8c	; 140
      00000D 8C                      58 	.db #0x8c	; 140
      00000E 8D                      59 	.db #0x8d	; 141
      00000F 8E                      60 	.db #0x8e	; 142
      000010 8F                      61 	.db #0x8f	; 143
      000011 90                      62 	.db #0x90	; 144
      000012 91                      63 	.db #0x91	; 145
      000013 92                      64 	.db #0x92	; 146
      000014 93                      65 	.db #0x93	; 147
      000015 80                      66 	.db #0x80	; 128
      000016 94                      67 	.db #0x94	; 148
      000017 82                      68 	.db #0x82	; 130
      000018 83                      69 	.db #0x83	; 131
      000019 84                      70 	.db #0x84	; 132
      00001A 95                      71 	.db #0x95	; 149
      00001B 96                      72 	.db #0x96	; 150
      00001C 97                      73 	.db #0x97	; 151
      00001D 98                      74 	.db #0x98	; 152
      00001E 99                      75 	.db #0x99	; 153
      00001F 8A                      76 	.db #0x8a	; 138
      000020 9A                      77 	.db #0x9a	; 154
      000021 9B                      78 	.db #0x9b	; 155
      000022 9C                      79 	.db #0x9c	; 156
      000023 8D                      80 	.db #0x8d	; 141
      000024 8E                      81 	.db #0x8e	; 142
      000025 8F                      82 	.db #0x8f	; 143
      000026 90                      83 	.db #0x90	; 144
      000027 9D                      84 	.db #0x9d	; 157
      000028 8D                      85 	.db #0x8d	; 141
      000029 9E                      86 	.db #0x9e	; 158
                                     87 	.area _INITIALIZER
                                     88 	.area _CABS (ABS)
