                                      1 ;--------------------------------------------------------
                                      2 ; File Created by SDCC : free open source ISO C Compiler 
                                      3 ; Version 4.3.2 #14228 (Linux)
                                      4 ;--------------------------------------------------------
                                      5 	.module base_floor_map
                                      6 	.optsdcc -msm83
                                      7 	
                                      8 ;--------------------------------------------------------
                                      9 ; Public variables in this module
                                     10 ;--------------------------------------------------------
                                     11 	.globl _base_floor_map
                                     12 ;--------------------------------------------------------
                                     13 ; special function registers
                                     14 ;--------------------------------------------------------
                                     15 ;--------------------------------------------------------
                                     16 ; ram data
                                     17 ;--------------------------------------------------------
                                     18 	.area _DATA
                                     19 ;--------------------------------------------------------
                                     20 ; ram data
                                     21 ;--------------------------------------------------------
                                     22 	.area _INITIALIZED
                                     23 ;--------------------------------------------------------
                                     24 ; absolute external ram data
                                     25 ;--------------------------------------------------------
                                     26 	.area _DABS (ABS)
                                     27 ;--------------------------------------------------------
                                     28 ; global & static initialisations
                                     29 ;--------------------------------------------------------
                                     30 	.area _HOME
                                     31 	.area _GSINIT
                                     32 	.area _GSFINAL
                                     33 	.area _GSINIT
                                     34 ;--------------------------------------------------------
                                     35 ; Home
                                     36 ;--------------------------------------------------------
                                     37 	.area _HOME
                                     38 	.area _HOME
                                     39 ;--------------------------------------------------------
                                     40 ; code
                                     41 ;--------------------------------------------------------
                                     42 	.area _CODE
                                     43 	.area _CODE
      000000                         44 _base_floor_map:
      000000 00                      45 	.db #0x00	; 0
      000001 01                      46 	.db #0x01	; 1
      000002 00                      47 	.db #0x00	; 0
      000003 00                      48 	.db #0x00	; 0
      000004 00                      49 	.db #0x00	; 0
      000005 00                      50 	.db #0x00	; 0
      000006 00                      51 	.db #0x00	; 0
      000007 00                      52 	.db #0x00	; 0
      000008 00                      53 	.db #0x00	; 0
      000009 02                      54 	.db #0x02	; 2
      00000A 00                      55 	.db #0x00	; 0
      00000B 00                      56 	.db #0x00	; 0
      00000C 00                      57 	.db #0x00	; 0
      00000D 00                      58 	.db #0x00	; 0
      00000E 00                      59 	.db #0x00	; 0
      00000F 00                      60 	.db #0x00	; 0
      000010 00                      61 	.db #0x00	; 0
      000011 00                      62 	.db #0x00	; 0
      000012 03                      63 	.db #0x03	; 3
      000013 00                      64 	.db #0x00	; 0
      000014 04                      65 	.db #0x04	; 4
      000015 05                      66 	.db #0x05	; 5
      000016 11                      67 	.db #0x11	; 17
      000017 12                      68 	.db #0x12	; 18
      000018 12                      69 	.db #0x12	; 18
      000019 13                      70 	.db #0x13	; 19
      00001A 11                      71 	.db #0x11	; 17
      00001B 12                      72 	.db #0x12	; 18
      00001C 12                      73 	.db #0x12	; 18
      00001D 13                      74 	.db #0x13	; 19
      00001E 11                      75 	.db #0x11	; 17
      00001F 12                      76 	.db #0x12	; 18
      000020 12                      77 	.db #0x12	; 18
      000021 13                      78 	.db #0x13	; 19
      000022 11                      79 	.db #0x11	; 17
      000023 12                      80 	.db #0x12	; 18
      000024 12                      81 	.db #0x12	; 18
      000025 13                      82 	.db #0x13	; 19
      000026 06                      83 	.db #0x06	; 6
      000027 07                      84 	.db #0x07	; 7
      000028 00                      85 	.db #0x00	; 0
      000029 08                      86 	.db #0x08	; 8
      00002A 04                      87 	.db #0x04	; 4
      00002B 1A                      88 	.db #0x1a	; 26
      00002C 1B                      89 	.db #0x1b	; 27
      00002D 07                      90 	.db #0x07	; 7
      00002E 04                      91 	.db #0x04	; 4
      00002F 1A                      92 	.db #0x1a	; 26
      000030 1B                      93 	.db #0x1b	; 27
      000031 07                      94 	.db #0x07	; 7
      000032 04                      95 	.db #0x04	; 4
      000033 1A                      96 	.db #0x1a	; 26
      000034 1B                      97 	.db #0x1b	; 27
      000035 07                      98 	.db #0x07	; 7
      000036 04                      99 	.db #0x04	; 4
      000037 1A                     100 	.db #0x1a	; 26
      000038 1B                     101 	.db #0x1b	; 27
      000039 07                     102 	.db #0x07	; 7
      00003A 0A                     103 	.db #0x0a	; 10
      00003B 00                     104 	.db #0x00	; 0
      00003C 00                     105 	.db #0x00	; 0
      00003D 08                     106 	.db #0x08	; 8
      00003E 04                     107 	.db #0x04	; 4
      00003F 1D                     108 	.db #0x1d	; 29
      000040 1A                     109 	.db #0x1a	; 26
      000041 07                     110 	.db #0x07	; 7
      000042 04                     111 	.db #0x04	; 4
      000043 1D                     112 	.db #0x1d	; 29
      000044 1A                     113 	.db #0x1a	; 26
      000045 07                     114 	.db #0x07	; 7
      000046 04                     115 	.db #0x04	; 4
      000047 1D                     116 	.db #0x1d	; 29
      000048 1A                     117 	.db #0x1a	; 26
      000049 07                     118 	.db #0x07	; 7
      00004A 04                     119 	.db #0x04	; 4
      00004B 1D                     120 	.db #0x1d	; 29
      00004C 1A                     121 	.db #0x1a	; 26
      00004D 07                     122 	.db #0x07	; 7
      00004E 0A                     123 	.db #0x0a	; 10
      00004F 00                     124 	.db #0x00	; 0
      000050 00                     125 	.db #0x00	; 0
      000051 08                     126 	.db #0x08	; 8
      000052 04                     127 	.db #0x04	; 4
      000053 1B                     128 	.db #0x1b	; 27
      000054 1D                     129 	.db #0x1d	; 29
      000055 07                     130 	.db #0x07	; 7
      000056 04                     131 	.db #0x04	; 4
      000057 1B                     132 	.db #0x1b	; 27
      000058 1D                     133 	.db #0x1d	; 29
      000059 07                     134 	.db #0x07	; 7
      00005A 04                     135 	.db #0x04	; 4
      00005B 1B                     136 	.db #0x1b	; 27
      00005C 1D                     137 	.db #0x1d	; 29
      00005D 07                     138 	.db #0x07	; 7
      00005E 04                     139 	.db #0x04	; 4
      00005F 1B                     140 	.db #0x1b	; 27
      000060 1D                     141 	.db #0x1d	; 29
      000061 07                     142 	.db #0x07	; 7
      000062 0A                     143 	.db #0x0a	; 10
      000063 00                     144 	.db #0x00	; 0
      000064 04                     145 	.db #0x04	; 4
      000065 05                     146 	.db #0x05	; 5
      000066 25                     147 	.db #0x25	; 37
      000067 26                     148 	.db #0x26	; 38
      000068 26                     149 	.db #0x26	; 38
      000069 27                     150 	.db #0x27	; 39
      00006A 25                     151 	.db #0x25	; 37
      00006B 26                     152 	.db #0x26	; 38
      00006C 26                     153 	.db #0x26	; 38
      00006D 27                     154 	.db #0x27	; 39
      00006E 25                     155 	.db #0x25	; 37
      00006F 26                     156 	.db #0x26	; 38
      000070 26                     157 	.db #0x26	; 38
      000071 27                     158 	.db #0x27	; 39
      000072 25                     159 	.db #0x25	; 37
      000073 26                     160 	.db #0x26	; 38
      000074 26                     161 	.db #0x26	; 38
      000075 27                     162 	.db #0x27	; 39
      000076 06                     163 	.db #0x06	; 6
      000077 07                     164 	.db #0x07	; 7
      000078 00                     165 	.db #0x00	; 0
      000079 08                     166 	.db #0x08	; 8
      00007A 00                     167 	.db #0x00	; 0
      00007B 00                     168 	.db #0x00	; 0
      00007C 00                     169 	.db #0x00	; 0
      00007D 00                     170 	.db #0x00	; 0
      00007E 00                     171 	.db #0x00	; 0
      00007F 00                     172 	.db #0x00	; 0
      000080 00                     173 	.db #0x00	; 0
      000081 00                     174 	.db #0x00	; 0
      000082 00                     175 	.db #0x00	; 0
      000083 09                     176 	.db #0x09	; 9
      000084 00                     177 	.db #0x00	; 0
      000085 00                     178 	.db #0x00	; 0
      000086 00                     179 	.db #0x00	; 0
      000087 00                     180 	.db #0x00	; 0
      000088 00                     181 	.db #0x00	; 0
      000089 00                     182 	.db #0x00	; 0
      00008A 0A                     183 	.db #0x0a	; 10
      00008B 00                     184 	.db #0x00	; 0
      00008C 00                     185 	.db #0x00	; 0
      00008D 0B                     186 	.db #0x0b	; 11
      00008E 0C                     187 	.db #0x0c	; 12
      00008F 0C                     188 	.db #0x0c	; 12
      000090 0C                     189 	.db #0x0c	; 12
      000091 0C                     190 	.db #0x0c	; 12
      000092 0C                     191 	.db #0x0c	; 12
      000093 0C                     192 	.db #0x0c	; 12
      000094 0C                     193 	.db #0x0c	; 12
      000095 0C                     194 	.db #0x0c	; 12
      000096 0C                     195 	.db #0x0c	; 12
      000097 0C                     196 	.db #0x0c	; 12
      000098 0C                     197 	.db #0x0c	; 12
      000099 0C                     198 	.db #0x0c	; 12
      00009A 0C                     199 	.db #0x0c	; 12
      00009B 0C                     200 	.db #0x0c	; 12
      00009C 0C                     201 	.db #0x0c	; 12
      00009D 0C                     202 	.db #0x0c	; 12
      00009E 0D                     203 	.db #0x0d	; 13
      00009F 00                     204 	.db #0x00	; 0
                                    205 	.area _INITIALIZER
                                    206 	.area _CABS (ABS)
