                                      1 ;--------------------------------------------------------
                                      2 ; File Created by SDCC : free open source ISO C Compiler 
                                      3 ; Version 4.3.2 #14228 (Linux)
                                      4 ;--------------------------------------------------------
                                      5 	.module brick_particle
                                      6 	.optsdcc -msm83
                                      7 	
                                      8 ;--------------------------------------------------------
                                      9 ; Public variables in this module
                                     10 ;--------------------------------------------------------
                                     11 	.globl _brick_particle
                                     12 ;--------------------------------------------------------
                                     13 ; special function registers
                                     14 ;--------------------------------------------------------
                                     15 ;--------------------------------------------------------
                                     16 ; ram data
                                     17 ;--------------------------------------------------------
                                     18 	.area _DATA
                                     19 ;--------------------------------------------------------
                                     20 ; ram data
                                     21 ;--------------------------------------------------------
                                     22 	.area _INITIALIZED
                                     23 ;--------------------------------------------------------
                                     24 ; absolute external ram data
                                     25 ;--------------------------------------------------------
                                     26 	.area _DABS (ABS)
                                     27 ;--------------------------------------------------------
                                     28 ; global & static initialisations
                                     29 ;--------------------------------------------------------
                                     30 	.area _HOME
                                     31 	.area _GSINIT
                                     32 	.area _GSFINAL
                                     33 	.area _GSINIT
                                     34 ;--------------------------------------------------------
                                     35 ; Home
                                     36 ;--------------------------------------------------------
                                     37 	.area _HOME
                                     38 	.area _HOME
                                     39 ;--------------------------------------------------------
                                     40 ; code
                                     41 ;--------------------------------------------------------
                                     42 	.area _CODE
                                     43 	.area _CODE
      000000                         44 _brick_particle:
      000000 00                      45 	.db #0x00	; 0
      000001 70                      46 	.db #0x70	; 112	'p'
      000002 F0                      47 	.db #0xf0	; 240
      000003 88                      48 	.db #0x88	; 136
      000004 98                      49 	.db #0x98	; 152
      000005 E8                      50 	.db #0xe8	; 232
      000006 88                      51 	.db #0x88	; 136
      000007 F8                      52 	.db #0xf8	; 248
      000008 70                      53 	.db #0x70	; 112	'p'
      000009 70                      54 	.db #0x70	; 112	'p'
      00000A 00                      55 	.db #0x00	; 0
      00000B 00                      56 	.db #0x00	; 0
      00000C 00                      57 	.db #0x00	; 0
      00000D 00                      58 	.db #0x00	; 0
      00000E 00                      59 	.db #0x00	; 0
      00000F 00                      60 	.db #0x00	; 0
      000010 00                      61 	.db #0x00	; 0
      000011 60                      62 	.db #0x60	; 96
      000012 E0                      63 	.db #0xe0	; 224
      000013 90                      64 	.db #0x90	; 144
      000014 90                      65 	.db #0x90	; 144
      000015 F0                      66 	.db #0xf0	; 240
      000016 60                      67 	.db #0x60	; 96
      000017 60                      68 	.db #0x60	; 96
      000018 00                      69 	.db #0x00	; 0
      000019 00                      70 	.db #0x00	; 0
      00001A 00                      71 	.db #0x00	; 0
      00001B 00                      72 	.db #0x00	; 0
      00001C 00                      73 	.db #0x00	; 0
      00001D 00                      74 	.db #0x00	; 0
      00001E 00                      75 	.db #0x00	; 0
      00001F 00                      76 	.db #0x00	; 0
                                     77 	.area _INITIALIZER
                                     78 	.area _CABS (ABS)
