                                      1 ;--------------------------------------------------------
                                      2 ; File Created by SDCC : free open source ISO C Compiler 
                                      3 ; Version 4.3.2 #14228 (Linux)
                                      4 ;--------------------------------------------------------
                                      5 	.module extra_sprites
                                      6 	.optsdcc -msm83
                                      7 	
                                      8 ;--------------------------------------------------------
                                      9 ; Public variables in this module
                                     10 ;--------------------------------------------------------
                                     11 	.globl _extra_sprites
                                     12 ;--------------------------------------------------------
                                     13 ; special function registers
                                     14 ;--------------------------------------------------------
                                     15 ;--------------------------------------------------------
                                     16 ; ram data
                                     17 ;--------------------------------------------------------
                                     18 	.area _DATA
                                     19 ;--------------------------------------------------------
                                     20 ; ram data
                                     21 ;--------------------------------------------------------
                                     22 	.area _INITIALIZED
                                     23 ;--------------------------------------------------------
                                     24 ; absolute external ram data
                                     25 ;--------------------------------------------------------
                                     26 	.area _DABS (ABS)
                                     27 ;--------------------------------------------------------
                                     28 ; global & static initialisations
                                     29 ;--------------------------------------------------------
                                     30 	.area _HOME
                                     31 	.area _GSINIT
                                     32 	.area _GSFINAL
                                     33 	.area _GSINIT
                                     34 ;--------------------------------------------------------
                                     35 ; Home
                                     36 ;--------------------------------------------------------
                                     37 	.area _HOME
                                     38 	.area _HOME
                                     39 ;--------------------------------------------------------
                                     40 ; code
                                     41 ;--------------------------------------------------------
                                     42 	.area _CODE
                                     43 	.area _CODE
      000000                         44 _extra_sprites:
      000000 00                      45 	.db #0x00	; 0
      000001 00                      46 	.db #0x00	; 0
      000002 00                      47 	.db #0x00	; 0
      000003 00                      48 	.db #0x00	; 0
      000004 00                      49 	.db #0x00	; 0
      000005 02                      50 	.db #0x02	; 2
      000006 00                      51 	.db #0x00	; 0
      000007 22                      52 	.db #0x22	; 34
      000008 00                      53 	.db #0x00	; 0
      000009 12                      54 	.db #0x12	; 18
      00000A 00                      55 	.db #0x00	; 0
      00000B 1A                      56 	.db #0x1a	; 26
      00000C 00                      57 	.db #0x00	; 0
      00000D 0C                      58 	.db #0x0c	; 12
      00000E 00                      59 	.db #0x00	; 0
      00000F 0C                      60 	.db #0x0c	; 12
      000010 00                      61 	.db #0x00	; 0
      000011 00                      62 	.db #0x00	; 0
      000012 00                      63 	.db #0x00	; 0
      000013 00                      64 	.db #0x00	; 0
      000014 00                      65 	.db #0x00	; 0
      000015 00                      66 	.db #0x00	; 0
      000016 00                      67 	.db #0x00	; 0
      000017 11                      68 	.db #0x11	; 17
      000018 00                      69 	.db #0x00	; 0
      000019 12                      70 	.db #0x12	; 18
      00001A 00                      71 	.db #0x00	; 0
      00001B 0A                      72 	.db #0x0a	; 10
      00001C 00                      73 	.db #0x00	; 0
      00001D 0E                      74 	.db #0x0e	; 14
      00001E 00                      75 	.db #0x00	; 0
      00001F 0C                      76 	.db #0x0c	; 12
      000020 12                      77 	.db #0x12	; 18
      000021 12                      78 	.db #0x12	; 18
      000022 24                      79 	.db #0x24	; 36
      000023 24                      80 	.db #0x24	; 36
      000024 00                      81 	.db #0x00	; 0
      000025 6C                      82 	.db #0x6c	; 108	'l'
      000026 00                      83 	.db #0x00	; 0
      000027 6C                      84 	.db #0x6c	; 108	'l'
      000028 00                      85 	.db #0x00	; 0
      000029 6C                      86 	.db #0x6c	; 108	'l'
      00002A 00                      87 	.db #0x00	; 0
      00002B 7E                      88 	.db #0x7e	; 126
      00002C 00                      89 	.db #0x00	; 0
      00002D 36                      90 	.db #0x36	; 54	'6'
      00002E 00                      91 	.db #0x00	; 0
      00002F 00                      92 	.db #0x00	; 0
      000030 22                      93 	.db #0x22	; 34
      000031 22                      94 	.db #0x22	; 34
      000032 44                      95 	.db #0x44	; 68	'D'
      000033 44                      96 	.db #0x44	; 68	'D'
      000034 28                      97 	.db #0x28	; 40
      000035 44                      98 	.db #0x44	; 68	'D'
      000036 10                      99 	.db #0x10	; 16
      000037 EE                     100 	.db #0xee	; 238
      000038 00                     101 	.db #0x00	; 0
      000039 FE                     102 	.db #0xfe	; 254
      00003A 00                     103 	.db #0x00	; 0
      00003B 7C                     104 	.db #0x7c	; 124
      00003C 00                     105 	.db #0x00	; 0
      00003D 7C                     106 	.db #0x7c	; 124
      00003E 00                     107 	.db #0x00	; 0
      00003F 38                     108 	.db #0x38	; 56	'8'
      000040 00                     109 	.db #0x00	; 0
      000041 60                     110 	.db #0x60	; 96
      000042 00                     111 	.db #0x00	; 0
      000043 76                     112 	.db #0x76	; 118	'v'
      000044 00                     113 	.db #0x00	; 0
      000045 3E                     114 	.db #0x3e	; 62
      000046 00                     115 	.db #0x00	; 0
      000047 1C                     116 	.db #0x1c	; 28
      000048 00                     117 	.db #0x00	; 0
      000049 60                     118 	.db #0x60	; 96
      00004A 00                     119 	.db #0x00	; 0
      00004B 76                     120 	.db #0x76	; 118	'v'
      00004C 00                     121 	.db #0x00	; 0
      00004D 3E                     122 	.db #0x3e	; 62
      00004E 00                     123 	.db #0x00	; 0
      00004F 1C                     124 	.db #0x1c	; 28
      000050 00                     125 	.db #0x00	; 0
      000051 18                     126 	.db #0x18	; 24
      000052 20                     127 	.db #0x20	; 32
      000053 18                     128 	.db #0x18	; 24
      000054 60                     129 	.db #0x60	; 96
      000055 1C                     130 	.db #0x1c	; 28
      000056 00                     131 	.db #0x00	; 0
      000057 FE                     132 	.db #0xfe	; 254
      000058 00                     133 	.db #0x00	; 0
      000059 FE                     134 	.db #0xfe	; 254
      00005A 00                     135 	.db #0x00	; 0
      00005B 3E                     136 	.db #0x3e	; 62
      00005C 00                     137 	.db #0x00	; 0
      00005D 1C                     138 	.db #0x1c	; 28
      00005E 00                     139 	.db #0x00	; 0
      00005F 00                     140 	.db #0x00	; 0
      000060 3C                     141 	.db #0x3c	; 60
      000061 3C                     142 	.db #0x3c	; 60
      000062 42                     143 	.db #0x42	; 66	'B'
      000063 7E                     144 	.db #0x7e	; 126
      000064 89                     145 	.db #0x89	; 137
      000065 F3                     146 	.db #0xf3	; 243
      000066 85                     147 	.db #0x85	; 133
      000067 FB                     148 	.db #0xfb	; 251
      000068 81                     149 	.db #0x81	; 129
      000069 FF                     150 	.db #0xff	; 255
      00006A 42                     151 	.db #0x42	; 66	'B'
      00006B 7E                     152 	.db #0x7e	; 126
      00006C 24                     153 	.db #0x24	; 36
      00006D 3C                     154 	.db #0x3c	; 60
      00006E 18                     155 	.db #0x18	; 24
      00006F 18                     156 	.db #0x18	; 24
      000070 08                     157 	.db #0x08	; 8
      000071 08                     158 	.db #0x08	; 8
      000072 08                     159 	.db #0x08	; 8
      000073 08                     160 	.db #0x08	; 8
      000074 08                     161 	.db #0x08	; 8
      000075 08                     162 	.db #0x08	; 8
      000076 10                     163 	.db #0x10	; 16
      000077 10                     164 	.db #0x10	; 16
      000078 10                     165 	.db #0x10	; 16
      000079 10                     166 	.db #0x10	; 16
      00007A 10                     167 	.db #0x10	; 16
      00007B 10                     168 	.db #0x10	; 16
      00007C 08                     169 	.db #0x08	; 8
      00007D 08                     170 	.db #0x08	; 8
      00007E 08                     171 	.db #0x08	; 8
      00007F 08                     172 	.db #0x08	; 8
                                    173 	.area _INITIALIZER
                                    174 	.area _CABS (ABS)
