                                      1 ;--------------------------------------------------------
                                      2 ; File Created by SDCC : free open source ANSI-C Compiler
                                      3 ; Version 4.1.6 #12539 (MINGW32)
                                      4 ;--------------------------------------------------------
                                      5 	.module hub_map
                                      6 	.optsdcc -mgbz80
                                      7 	
                                      8 ;--------------------------------------------------------
                                      9 ; Public variables in this module
                                     10 ;--------------------------------------------------------
                                     11 	.globl _hub_map
                                     12 ;--------------------------------------------------------
                                     13 ; special function registers
                                     14 ;--------------------------------------------------------
                                     15 ;--------------------------------------------------------
                                     16 ; ram data
                                     17 ;--------------------------------------------------------
                                     18 	.area _DATA
                                     19 ;--------------------------------------------------------
                                     20 ; ram data
                                     21 ;--------------------------------------------------------
                                     22 	.area _INITIALIZED
                                     23 ;--------------------------------------------------------
                                     24 ; absolute external ram data
                                     25 ;--------------------------------------------------------
                                     26 	.area _DABS (ABS)
                                     27 ;--------------------------------------------------------
                                     28 ; global & static initialisations
                                     29 ;--------------------------------------------------------
                                     30 	.area _HOME
                                     31 	.area _GSINIT
                                     32 	.area _GSFINAL
                                     33 	.area _GSINIT
                                     34 ;--------------------------------------------------------
                                     35 ; Home
                                     36 ;--------------------------------------------------------
                                     37 	.area _HOME
                                     38 	.area _HOME
                                     39 ;--------------------------------------------------------
                                     40 ; code
                                     41 ;--------------------------------------------------------
                                     42 	.area _CODE
                                     43 	.area _CODE
                           000000    44 G$hub_map$0_0$0 == .
      000000                         45 _hub_map:
      000000 00                      46 	.db #0x00	; 0
      000001 01                      47 	.db #0x01	; 1
      000002 00                      48 	.db #0x00	; 0
      000003 00                      49 	.db #0x00	; 0
      000004 00                      50 	.db #0x00	; 0
      000005 00                      51 	.db #0x00	; 0
      000006 00                      52 	.db #0x00	; 0
      000007 00                      53 	.db #0x00	; 0
      000008 00                      54 	.db #0x00	; 0
      000009 02                      55 	.db #0x02	; 2
      00000A 00                      56 	.db #0x00	; 0
      00000B 00                      57 	.db #0x00	; 0
      00000C 00                      58 	.db #0x00	; 0
      00000D 00                      59 	.db #0x00	; 0
      00000E 00                      60 	.db #0x00	; 0
      00000F 00                      61 	.db #0x00	; 0
      000010 00                      62 	.db #0x00	; 0
      000011 00                      63 	.db #0x00	; 0
      000012 03                      64 	.db #0x03	; 3
      000013 00                      65 	.db #0x00	; 0
      000014 04                      66 	.db #0x04	; 4
      000015 05                      67 	.db #0x05	; 5
      000016 00                      68 	.db #0x00	; 0
      000017 00                      69 	.db #0x00	; 0
      000018 00                      70 	.db #0x00	; 0
      000019 00                      71 	.db #0x00	; 0
      00001A 00                      72 	.db #0x00	; 0
      00001B 00                      73 	.db #0x00	; 0
      00001C 00                      74 	.db #0x00	; 0
      00001D 00                      75 	.db #0x00	; 0
      00001E 00                      76 	.db #0x00	; 0
      00001F 00                      77 	.db #0x00	; 0
      000020 00                      78 	.db #0x00	; 0
      000021 00                      79 	.db #0x00	; 0
      000022 00                      80 	.db #0x00	; 0
      000023 00                      81 	.db #0x00	; 0
      000024 00                      82 	.db #0x00	; 0
      000025 00                      83 	.db #0x00	; 0
      000026 06                      84 	.db #0x06	; 6
      000027 07                      85 	.db #0x07	; 7
      000028 00                      86 	.db #0x00	; 0
      000029 08                      87 	.db #0x08	; 8
      00002A 00                      88 	.db #0x00	; 0
      00002B 00                      89 	.db #0x00	; 0
      00002C 00                      90 	.db #0x00	; 0
      00002D 00                      91 	.db #0x00	; 0
      00002E 00                      92 	.db #0x00	; 0
      00002F 00                      93 	.db #0x00	; 0
      000030 00                      94 	.db #0x00	; 0
      000031 00                      95 	.db #0x00	; 0
      000032 00                      96 	.db #0x00	; 0
      000033 09                      97 	.db #0x09	; 9
      000034 00                      98 	.db #0x00	; 0
      000035 00                      99 	.db #0x00	; 0
      000036 00                     100 	.db #0x00	; 0
      000037 00                     101 	.db #0x00	; 0
      000038 00                     102 	.db #0x00	; 0
      000039 00                     103 	.db #0x00	; 0
      00003A 0A                     104 	.db #0x0a	; 10
      00003B 00                     105 	.db #0x00	; 0
      00003C 00                     106 	.db #0x00	; 0
      00003D 0B                     107 	.db #0x0b	; 11
      00003E 0C                     108 	.db #0x0c	; 12
      00003F 0C                     109 	.db #0x0c	; 12
      000040 0C                     110 	.db #0x0c	; 12
      000041 0C                     111 	.db #0x0c	; 12
      000042 0C                     112 	.db #0x0c	; 12
      000043 0C                     113 	.db #0x0c	; 12
      000044 0C                     114 	.db #0x0c	; 12
      000045 0C                     115 	.db #0x0c	; 12
      000046 0C                     116 	.db #0x0c	; 12
      000047 0C                     117 	.db #0x0c	; 12
      000048 0C                     118 	.db #0x0c	; 12
      000049 0C                     119 	.db #0x0c	; 12
      00004A 0C                     120 	.db #0x0c	; 12
      00004B 0C                     121 	.db #0x0c	; 12
      00004C 0C                     122 	.db #0x0c	; 12
      00004D 0C                     123 	.db #0x0c	; 12
      00004E 0D                     124 	.db #0x0d	; 13
      00004F 00                     125 	.db #0x00	; 0
      000050 00                     126 	.db #0x00	; 0
      000051 01                     127 	.db #0x01	; 1
      000052 00                     128 	.db #0x00	; 0
      000053 00                     129 	.db #0x00	; 0
      000054 00                     130 	.db #0x00	; 0
      000055 00                     131 	.db #0x00	; 0
      000056 00                     132 	.db #0x00	; 0
      000057 00                     133 	.db #0x00	; 0
      000058 00                     134 	.db #0x00	; 0
      000059 02                     135 	.db #0x02	; 2
      00005A 00                     136 	.db #0x00	; 0
      00005B 00                     137 	.db #0x00	; 0
      00005C 00                     138 	.db #0x00	; 0
      00005D 00                     139 	.db #0x00	; 0
      00005E 00                     140 	.db #0x00	; 0
      00005F 00                     141 	.db #0x00	; 0
      000060 00                     142 	.db #0x00	; 0
      000061 00                     143 	.db #0x00	; 0
      000062 03                     144 	.db #0x03	; 3
      000063 00                     145 	.db #0x00	; 0
      000064 04                     146 	.db #0x04	; 4
      000065 05                     147 	.db #0x05	; 5
      000066 0E                     148 	.db #0x0e	; 14
      000067 0F                     149 	.db #0x0f	; 15
      000068 0F                     150 	.db #0x0f	; 15
      000069 10                     151 	.db #0x10	; 16
      00006A 11                     152 	.db #0x11	; 17
      00006B 12                     153 	.db #0x12	; 18
      00006C 12                     154 	.db #0x12	; 18
      00006D 13                     155 	.db #0x13	; 19
      00006E 14                     156 	.db #0x14	; 20
      00006F 15                     157 	.db #0x15	; 21
      000070 15                     158 	.db #0x15	; 21
      000071 16                     159 	.db #0x16	; 22
      000072 17                     160 	.db #0x17	; 23
      000073 18                     161 	.db #0x18	; 24
      000074 18                     162 	.db #0x18	; 24
      000075 19                     163 	.db #0x19	; 25
      000076 06                     164 	.db #0x06	; 6
      000077 07                     165 	.db #0x07	; 7
      000078 00                     166 	.db #0x00	; 0
      000079 08                     167 	.db #0x08	; 8
      00007A 04                     168 	.db #0x04	; 4
      00007B 1A                     169 	.db #0x1a	; 26
      00007C 1B                     170 	.db #0x1b	; 27
      00007D 07                     171 	.db #0x07	; 7
      00007E 04                     172 	.db #0x04	; 4
      00007F 1A                     173 	.db #0x1a	; 26
      000080 1B                     174 	.db #0x1b	; 27
      000081 07                     175 	.db #0x07	; 7
      000082 1C                     176 	.db #0x1c	; 28
      000083 1A                     177 	.db #0x1a	; 26
      000084 1B                     178 	.db #0x1b	; 27
      000085 1C                     179 	.db #0x1c	; 28
      000086 04                     180 	.db #0x04	; 4
      000087 1A                     181 	.db #0x1a	; 26
      000088 1B                     182 	.db #0x1b	; 27
      000089 07                     183 	.db #0x07	; 7
      00008A 0A                     184 	.db #0x0a	; 10
      00008B 00                     185 	.db #0x00	; 0
      00008C 00                     186 	.db #0x00	; 0
      00008D 08                     187 	.db #0x08	; 8
      00008E 04                     188 	.db #0x04	; 4
      00008F 1D                     189 	.db #0x1d	; 29
      000090 1A                     190 	.db #0x1a	; 26
      000091 07                     191 	.db #0x07	; 7
      000092 04                     192 	.db #0x04	; 4
      000093 1D                     193 	.db #0x1d	; 29
      000094 1A                     194 	.db #0x1a	; 26
      000095 07                     195 	.db #0x07	; 7
      000096 04                     196 	.db #0x04	; 4
      000097 1D                     197 	.db #0x1d	; 29
      000098 1A                     198 	.db #0x1a	; 26
      000099 07                     199 	.db #0x07	; 7
      00009A 04                     200 	.db #0x04	; 4
      00009B 1D                     201 	.db #0x1d	; 29
      00009C 1A                     202 	.db #0x1a	; 26
      00009D 07                     203 	.db #0x07	; 7
      00009E 0A                     204 	.db #0x0a	; 10
      00009F 00                     205 	.db #0x00	; 0
      0000A0 00                     206 	.db #0x00	; 0
      0000A1 08                     207 	.db #0x08	; 8
      0000A2 04                     208 	.db #0x04	; 4
      0000A3 1B                     209 	.db #0x1b	; 27
      0000A4 1D                     210 	.db #0x1d	; 29
      0000A5 07                     211 	.db #0x07	; 7
      0000A6 1E                     212 	.db #0x1e	; 30
      0000A7 1F                     213 	.db #0x1f	; 31
      0000A8 20                     214 	.db #0x20	; 32
      0000A9 21                     215 	.db #0x21	; 33
      0000AA 04                     216 	.db #0x04	; 4
      0000AB 1B                     217 	.db #0x1b	; 27
      0000AC 1D                     218 	.db #0x1d	; 29
      0000AD 07                     219 	.db #0x07	; 7
      0000AE 04                     220 	.db #0x04	; 4
      0000AF 1B                     221 	.db #0x1b	; 27
      0000B0 1D                     222 	.db #0x1d	; 29
      0000B1 07                     223 	.db #0x07	; 7
      0000B2 0A                     224 	.db #0x0a	; 10
      0000B3 00                     225 	.db #0x00	; 0
      0000B4 04                     226 	.db #0x04	; 4
      0000B5 05                     227 	.db #0x05	; 5
      0000B6 22                     228 	.db #0x22	; 34
      0000B7 23                     229 	.db #0x23	; 35
      0000B8 23                     230 	.db #0x23	; 35
      0000B9 24                     231 	.db #0x24	; 36
      0000BA 22                     232 	.db #0x22	; 34
      0000BB 23                     233 	.db #0x23	; 35
      0000BC 23                     234 	.db #0x23	; 35
      0000BD 24                     235 	.db #0x24	; 36
      0000BE 25                     236 	.db #0x25	; 37
      0000BF 26                     237 	.db #0x26	; 38
      0000C0 26                     238 	.db #0x26	; 38
      0000C1 27                     239 	.db #0x27	; 39
      0000C2 28                     240 	.db #0x28	; 40
      0000C3 29                     241 	.db #0x29	; 41
      0000C4 29                     242 	.db #0x29	; 41
      0000C5 2A                     243 	.db #0x2a	; 42
      0000C6 06                     244 	.db #0x06	; 6
      0000C7 07                     245 	.db #0x07	; 7
      0000C8 00                     246 	.db #0x00	; 0
      0000C9 08                     247 	.db #0x08	; 8
      0000CA 2B                     248 	.db #0x2b	; 43
      0000CB 2C                     249 	.db #0x2c	; 44
      0000CC 2D                     250 	.db #0x2d	; 45
      0000CD 2E                     251 	.db #0x2e	; 46
      0000CE 2B                     252 	.db #0x2b	; 43
      0000CF 2C                     253 	.db #0x2c	; 44
      0000D0 2D                     254 	.db #0x2d	; 45
      0000D1 2E                     255 	.db #0x2e	; 46
      0000D2 00                     256 	.db #0x00	; 0
      0000D3 09                     257 	.db #0x09	; 9
      0000D4 00                     258 	.db #0x00	; 0
      0000D5 00                     259 	.db #0x00	; 0
      0000D6 00                     260 	.db #0x00	; 0
      0000D7 00                     261 	.db #0x00	; 0
      0000D8 00                     262 	.db #0x00	; 0
      0000D9 00                     263 	.db #0x00	; 0
      0000DA 0A                     264 	.db #0x0a	; 10
      0000DB 00                     265 	.db #0x00	; 0
      0000DC 00                     266 	.db #0x00	; 0
      0000DD 0B                     267 	.db #0x0b	; 11
      0000DE 0C                     268 	.db #0x0c	; 12
      0000DF 0C                     269 	.db #0x0c	; 12
      0000E0 0C                     270 	.db #0x0c	; 12
      0000E1 0C                     271 	.db #0x0c	; 12
      0000E2 0C                     272 	.db #0x0c	; 12
      0000E3 0C                     273 	.db #0x0c	; 12
      0000E4 0C                     274 	.db #0x0c	; 12
      0000E5 0C                     275 	.db #0x0c	; 12
      0000E6 0C                     276 	.db #0x0c	; 12
      0000E7 0C                     277 	.db #0x0c	; 12
      0000E8 0C                     278 	.db #0x0c	; 12
      0000E9 0C                     279 	.db #0x0c	; 12
      0000EA 0C                     280 	.db #0x0c	; 12
      0000EB 0C                     281 	.db #0x0c	; 12
      0000EC 0C                     282 	.db #0x0c	; 12
      0000ED 0C                     283 	.db #0x0c	; 12
      0000EE 0D                     284 	.db #0x0d	; 13
      0000EF 00                     285 	.db #0x00	; 0
      0000F0 00                     286 	.db #0x00	; 0
      0000F1 01                     287 	.db #0x01	; 1
      0000F2 00                     288 	.db #0x00	; 0
      0000F3 00                     289 	.db #0x00	; 0
      0000F4 00                     290 	.db #0x00	; 0
      0000F5 00                     291 	.db #0x00	; 0
      0000F6 00                     292 	.db #0x00	; 0
      0000F7 00                     293 	.db #0x00	; 0
      0000F8 00                     294 	.db #0x00	; 0
      0000F9 02                     295 	.db #0x02	; 2
      0000FA 00                     296 	.db #0x00	; 0
      0000FB 00                     297 	.db #0x00	; 0
      0000FC 00                     298 	.db #0x00	; 0
      0000FD 00                     299 	.db #0x00	; 0
      0000FE 00                     300 	.db #0x00	; 0
      0000FF 00                     301 	.db #0x00	; 0
      000100 00                     302 	.db #0x00	; 0
      000101 00                     303 	.db #0x00	; 0
      000102 03                     304 	.db #0x03	; 3
      000103 00                     305 	.db #0x00	; 0
      000104 00                     306 	.db #0x00	; 0
      000105 08                     307 	.db #0x08	; 8
      000106 0E                     308 	.db #0x0e	; 14
      000107 0F                     309 	.db #0x0f	; 15
      000108 0F                     310 	.db #0x0f	; 15
      000109 10                     311 	.db #0x10	; 16
      00010A 0E                     312 	.db #0x0e	; 14
      00010B 0F                     313 	.db #0x0f	; 15
      00010C 0F                     314 	.db #0x0f	; 15
      00010D 10                     315 	.db #0x10	; 16
      00010E 0E                     316 	.db #0x0e	; 14
      00010F 0F                     317 	.db #0x0f	; 15
      000110 0F                     318 	.db #0x0f	; 15
      000111 10                     319 	.db #0x10	; 16
      000112 0E                     320 	.db #0x0e	; 14
      000113 0F                     321 	.db #0x0f	; 15
      000114 0F                     322 	.db #0x0f	; 15
      000115 10                     323 	.db #0x10	; 16
      000116 0A                     324 	.db #0x0a	; 10
      000117 00                     325 	.db #0x00	; 0
      000118 00                     326 	.db #0x00	; 0
      000119 08                     327 	.db #0x08	; 8
      00011A 04                     328 	.db #0x04	; 4
      00011B 1A                     329 	.db #0x1a	; 26
      00011C 1B                     330 	.db #0x1b	; 27
      00011D 07                     331 	.db #0x07	; 7
      00011E 04                     332 	.db #0x04	; 4
      00011F 1A                     333 	.db #0x1a	; 26
      000120 1B                     334 	.db #0x1b	; 27
      000121 07                     335 	.db #0x07	; 7
      000122 04                     336 	.db #0x04	; 4
      000123 1A                     337 	.db #0x1a	; 26
      000124 1B                     338 	.db #0x1b	; 27
      000125 07                     339 	.db #0x07	; 7
      000126 04                     340 	.db #0x04	; 4
      000127 1A                     341 	.db #0x1a	; 26
      000128 1B                     342 	.db #0x1b	; 27
      000129 07                     343 	.db #0x07	; 7
      00012A 0A                     344 	.db #0x0a	; 10
      00012B 00                     345 	.db #0x00	; 0
      00012C 00                     346 	.db #0x00	; 0
      00012D 08                     347 	.db #0x08	; 8
      00012E 04                     348 	.db #0x04	; 4
      00012F 1D                     349 	.db #0x1d	; 29
      000130 1A                     350 	.db #0x1a	; 26
      000131 07                     351 	.db #0x07	; 7
      000132 04                     352 	.db #0x04	; 4
      000133 1D                     353 	.db #0x1d	; 29
      000134 1A                     354 	.db #0x1a	; 26
      000135 07                     355 	.db #0x07	; 7
      000136 04                     356 	.db #0x04	; 4
      000137 1D                     357 	.db #0x1d	; 29
      000138 1A                     358 	.db #0x1a	; 26
      000139 07                     359 	.db #0x07	; 7
      00013A 04                     360 	.db #0x04	; 4
      00013B 1D                     361 	.db #0x1d	; 29
      00013C 1A                     362 	.db #0x1a	; 26
      00013D 07                     363 	.db #0x07	; 7
      00013E 30                     364 	.db #0x30	; 48	'0'
      00013F 30                     365 	.db #0x30	; 48	'0'
      000140 00                     366 	.db #0x00	; 0
      000141 08                     367 	.db #0x08	; 8
      000142 04                     368 	.db #0x04	; 4
      000143 1B                     369 	.db #0x1b	; 27
      000144 1D                     370 	.db #0x1d	; 29
      000145 07                     371 	.db #0x07	; 7
      000146 04                     372 	.db #0x04	; 4
      000147 1B                     373 	.db #0x1b	; 27
      000148 1D                     374 	.db #0x1d	; 29
      000149 07                     375 	.db #0x07	; 7
      00014A 04                     376 	.db #0x04	; 4
      00014B 1B                     377 	.db #0x1b	; 27
      00014C 1D                     378 	.db #0x1d	; 29
      00014D 07                     379 	.db #0x07	; 7
      00014E 04                     380 	.db #0x04	; 4
      00014F 1B                     381 	.db #0x1b	; 27
      000150 1D                     382 	.db #0x1d	; 29
      000151 07                     383 	.db #0x07	; 7
      000152 32                     384 	.db #0x32	; 50	'2'
      000153 32                     385 	.db #0x32	; 50	'2'
      000154 00                     386 	.db #0x00	; 0
      000155 08                     387 	.db #0x08	; 8
      000156 28                     388 	.db #0x28	; 40
      000157 29                     389 	.db #0x29	; 41
      000158 29                     390 	.db #0x29	; 41
      000159 2A                     391 	.db #0x2a	; 42
      00015A 28                     392 	.db #0x28	; 40
      00015B 29                     393 	.db #0x29	; 41
      00015C 29                     394 	.db #0x29	; 41
      00015D 2A                     395 	.db #0x2a	; 42
      00015E 28                     396 	.db #0x28	; 40
      00015F 29                     397 	.db #0x29	; 41
      000160 29                     398 	.db #0x29	; 41
      000161 2A                     399 	.db #0x2a	; 42
      000162 28                     400 	.db #0x28	; 40
      000163 29                     401 	.db #0x29	; 41
      000164 29                     402 	.db #0x29	; 41
      000165 2A                     403 	.db #0x2a	; 42
      000166 32                     404 	.db #0x32	; 50	'2'
      000167 32                     405 	.db #0x32	; 50	'2'
      000168 26                     406 	.db #0x26	; 38
      000169 36                     407 	.db #0x36	; 54	'6'
      00016A 00                     408 	.db #0x00	; 0
      00016B 00                     409 	.db #0x00	; 0
      00016C 00                     410 	.db #0x00	; 0
      00016D 00                     411 	.db #0x00	; 0
      00016E 00                     412 	.db #0x00	; 0
      00016F 00                     413 	.db #0x00	; 0
      000170 00                     414 	.db #0x00	; 0
      000171 00                     415 	.db #0x00	; 0
      000172 00                     416 	.db #0x00	; 0
      000173 09                     417 	.db #0x09	; 9
      000174 00                     418 	.db #0x00	; 0
      000175 00                     419 	.db #0x00	; 0
      000176 00                     420 	.db #0x00	; 0
      000177 00                     421 	.db #0x00	; 0
      000178 00                     422 	.db #0x00	; 0
      000179 00                     423 	.db #0x00	; 0
      00017A 32                     424 	.db #0x32	; 50	'2'
      00017B 32                     425 	.db #0x32	; 50	'2'
      00017C 00                     426 	.db #0x00	; 0
      00017D 0B                     427 	.db #0x0b	; 11
      00017E 0C                     428 	.db #0x0c	; 12
      00017F 0C                     429 	.db #0x0c	; 12
      000180 0C                     430 	.db #0x0c	; 12
      000181 0C                     431 	.db #0x0c	; 12
      000182 0C                     432 	.db #0x0c	; 12
      000183 0C                     433 	.db #0x0c	; 12
      000184 0C                     434 	.db #0x0c	; 12
      000185 0C                     435 	.db #0x0c	; 12
      000186 0C                     436 	.db #0x0c	; 12
      000187 0C                     437 	.db #0x0c	; 12
      000188 0C                     438 	.db #0x0c	; 12
      000189 0C                     439 	.db #0x0c	; 12
      00018A 0C                     440 	.db #0x0c	; 12
      00018B 0C                     441 	.db #0x0c	; 12
      00018C 0C                     442 	.db #0x0c	; 12
      00018D 0C                     443 	.db #0x0c	; 12
      00018E 37                     444 	.db #0x37	; 55	'7'
      00018F 37                     445 	.db #0x37	; 55	'7'
      000190 00                     446 	.db #0x00	; 0
      000191 38                     447 	.db #0x38	; 56	'8'
      000192 39                     448 	.db #0x39	; 57	'9'
      000193 39                     449 	.db #0x39	; 57	'9'
      000194 39                     450 	.db #0x39	; 57	'9'
      000195 39                     451 	.db #0x39	; 57	'9'
      000196 39                     452 	.db #0x39	; 57	'9'
      000197 39                     453 	.db #0x39	; 57	'9'
      000198 39                     454 	.db #0x39	; 57	'9'
      000199 39                     455 	.db #0x39	; 57	'9'
      00019A 39                     456 	.db #0x39	; 57	'9'
      00019B 39                     457 	.db #0x39	; 57	'9'
      00019C 39                     458 	.db #0x39	; 57	'9'
      00019D 39                     459 	.db #0x39	; 57	'9'
      00019E 39                     460 	.db #0x39	; 57	'9'
      00019F 39                     461 	.db #0x39	; 57	'9'
      0001A0 39                     462 	.db #0x39	; 57	'9'
      0001A1 39                     463 	.db #0x39	; 57	'9'
      0001A2 3A                     464 	.db #0x3a	; 58
      0001A3 3B                     465 	.db #0x3b	; 59
      0001A4 00                     466 	.db #0x00	; 0
      0001A5 3C                     467 	.db #0x3c	; 60
      0001A6 3D                     468 	.db #0x3d	; 61
      0001A7 3D                     469 	.db #0x3d	; 61
      0001A8 3D                     470 	.db #0x3d	; 61
      0001A9 3D                     471 	.db #0x3d	; 61
      0001AA 3E                     472 	.db #0x3e	; 62
      0001AB 3F                     473 	.db #0x3f	; 63
      0001AC 3D                     474 	.db #0x3d	; 61
      0001AD 3E                     475 	.db #0x3e	; 62
      0001AE 40                     476 	.db #0x40	; 64
      0001AF 3F                     477 	.db #0x3f	; 63
      0001B0 3D                     478 	.db #0x3d	; 61
      0001B1 3D                     479 	.db #0x3d	; 61
      0001B2 3D                     480 	.db #0x3d	; 61
      0001B3 40                     481 	.db #0x40	; 64
      0001B4 3E                     482 	.db #0x3e	; 62
      0001B5 40                     483 	.db #0x40	; 64
      0001B6 41                     484 	.db #0x41	; 65	'A'
      0001B7 00                     485 	.db #0x00	; 0
      0001B8 00                     486 	.db #0x00	; 0
      0001B9 42                     487 	.db #0x42	; 66	'B'
      0001BA 43                     488 	.db #0x43	; 67	'C'
      0001BB 43                     489 	.db #0x43	; 67	'C'
      0001BC 43                     490 	.db #0x43	; 67	'C'
      0001BD 43                     491 	.db #0x43	; 67	'C'
      0001BE 3B                     492 	.db #0x3b	; 59
      0001BF 44                     493 	.db #0x44	; 68	'D'
      0001C0 45                     494 	.db #0x45	; 69	'E'
      0001C1 46                     495 	.db #0x46	; 70	'F'
      0001C2 47                     496 	.db #0x47	; 71	'G'
      0001C3 48                     497 	.db #0x48	; 72	'H'
      0001C4 49                     498 	.db #0x49	; 73	'I'
      0001C5 45                     499 	.db #0x45	; 69	'E'
      0001C6 45                     500 	.db #0x45	; 69	'E'
      0001C7 42                     501 	.db #0x42	; 66	'B'
      0001C8 43                     502 	.db #0x43	; 67	'C'
      0001C9 3B                     503 	.db #0x3b	; 59
      0001CA 44                     504 	.db #0x44	; 68	'D'
      0001CB 00                     505 	.db #0x00	; 0
      0001CC 00                     506 	.db #0x00	; 0
      0001CD 36                     507 	.db #0x36	; 54	'6'
      0001CE 00                     508 	.db #0x00	; 0
      0001CF 4A                     509 	.db #0x4a	; 74	'J'
      0001D0 4A                     510 	.db #0x4a	; 74	'J'
      0001D1 4B                     511 	.db #0x4b	; 75	'K'
      0001D2 00                     512 	.db #0x00	; 0
      0001D3 4C                     513 	.db #0x4c	; 76	'L'
      0001D4 4D                     514 	.db #0x4d	; 77	'M'
      0001D5 4E                     515 	.db #0x4e	; 78	'N'
      0001D6 4F                     516 	.db #0x4f	; 79	'O'
      0001D7 50                     517 	.db #0x50	; 80	'P'
      0001D8 51                     518 	.db #0x51	; 81	'Q'
      0001D9 4D                     519 	.db #0x4d	; 77	'M'
      0001DA 4D                     520 	.db #0x4d	; 77	'M'
      0001DB 36                     521 	.db #0x36	; 54	'6'
      0001DC 00                     522 	.db #0x00	; 0
      0001DD 00                     523 	.db #0x00	; 0
      0001DE 4C                     524 	.db #0x4c	; 76	'L'
      0001DF 2F                     525 	.db #0x2f	; 47
      0001E0 00                     526 	.db #0x00	; 0
      0001E1 36                     527 	.db #0x36	; 54	'6'
      0001E2 00                     528 	.db #0x00	; 0
      0001E3 52                     529 	.db #0x52	; 82	'R'
      0001E4 53                     530 	.db #0x53	; 83	'S'
      0001E5 54                     531 	.db #0x54	; 84	'T'
      0001E6 00                     532 	.db #0x00	; 0
      0001E7 4C                     533 	.db #0x4c	; 76	'L'
      0001E8 4D                     534 	.db #0x4d	; 77	'M'
      0001E9 4D                     535 	.db #0x4d	; 77	'M'
      0001EA 4D                     536 	.db #0x4d	; 77	'M'
      0001EB 4D                     537 	.db #0x4d	; 77	'M'
      0001EC 4D                     538 	.db #0x4d	; 77	'M'
      0001ED 4D                     539 	.db #0x4d	; 77	'M'
      0001EE 4D                     540 	.db #0x4d	; 77	'M'
      0001EF 36                     541 	.db #0x36	; 54	'6'
      0001F0 55                     542 	.db #0x55	; 85	'U'
      0001F1 56                     543 	.db #0x56	; 86	'V'
      0001F2 57                     544 	.db #0x57	; 87	'W'
      0001F3 06                     545 	.db #0x06	; 6
      0001F4 00                     546 	.db #0x00	; 0
      0001F5 36                     547 	.db #0x36	; 54	'6'
      0001F6 00                     548 	.db #0x00	; 0
      0001F7 3D                     549 	.db #0x3d	; 61
      0001F8 58                     550 	.db #0x58	; 88	'X'
      0001F9 41                     551 	.db #0x41	; 65	'A'
      0001FA 00                     552 	.db #0x00	; 0
      0001FB 59                     553 	.db #0x59	; 89	'Y'
      0001FC 5A                     554 	.db #0x5a	; 90	'Z'
      0001FD 5A                     555 	.db #0x5a	; 90	'Z'
      0001FE 5A                     556 	.db #0x5a	; 90	'Z'
      0001FF 5B                     557 	.db #0x5b	; 91
      000200 5A                     558 	.db #0x5a	; 90	'Z'
      000201 5A                     559 	.db #0x5a	; 90	'Z'
      000202 5A                     560 	.db #0x5a	; 90	'Z'
      000203 36                     561 	.db #0x36	; 54	'6'
      000204 5C                     562 	.db #0x5c	; 92
      000205 56                     563 	.db #0x56	; 86	'V'
      000206 5D                     564 	.db #0x5d	; 93
      000207 06                     565 	.db #0x06	; 6
      000208 5E                     566 	.db #0x5e	; 94
      000209 36                     567 	.db #0x36	; 54	'6'
      00020A 00                     568 	.db #0x00	; 0
      00020B 3D                     569 	.db #0x3d	; 61
      00020C 5F                     570 	.db #0x5f	; 95
      00020D 41                     571 	.db #0x41	; 65	'A'
      00020E 00                     572 	.db #0x00	; 0
      00020F 60                     573 	.db #0x60	; 96
      000210 61                     574 	.db #0x61	; 97	'a'
      000211 61                     575 	.db #0x61	; 97	'a'
      000212 61                     576 	.db #0x61	; 97	'a'
      000213 61                     577 	.db #0x61	; 97	'a'
      000214 62                     578 	.db #0x62	; 98	'b'
      000215 63                     579 	.db #0x63	; 99	'c'
      000216 63                     580 	.db #0x63	; 99	'c'
      000217 64                     581 	.db #0x64	; 100	'd'
      000218 65                     582 	.db #0x65	; 101	'e'
      000219 56                     583 	.db #0x56	; 86	'V'
      00021A 66                     584 	.db #0x66	; 102	'f'
      00021B 06                     585 	.db #0x06	; 6
      00021C 4D                     586 	.db #0x4d	; 77	'M'
      00021D 36                     587 	.db #0x36	; 54	'6'
      00021E 67                     588 	.db #0x67	; 103	'g'
      00021F 3D                     589 	.db #0x3d	; 61
      000220 58                     590 	.db #0x58	; 88	'X'
      000221 41                     591 	.db #0x41	; 65	'A'
      000222 5E                     592 	.db #0x5e	; 94
      000223 60                     593 	.db #0x60	; 96
      000224 61                     594 	.db #0x61	; 97	'a'
      000225 61                     595 	.db #0x61	; 97	'a'
      000226 61                     596 	.db #0x61	; 97	'a'
      000227 61                     597 	.db #0x61	; 97	'a'
      000228 68                     598 	.db #0x68	; 104	'h'
      000229 69                     599 	.db #0x69	; 105	'i'
      00022A 69                     600 	.db #0x69	; 105	'i'
      00022B 6A                     601 	.db #0x6a	; 106	'j'
      00022C 3C                     602 	.db #0x3c	; 60
      00022D 56                     603 	.db #0x56	; 86	'V'
      00022E 6B                     604 	.db #0x6b	; 107	'k'
      00022F 22                     605 	.db #0x22	; 34
      000230 6C                     606 	.db #0x6c	; 108	'l'
      000231 6D                     607 	.db #0x6d	; 109	'm'
      000232 6C                     608 	.db #0x6c	; 108	'l'
      000233 6D                     609 	.db #0x6d	; 109	'm'
      000234 6C                     610 	.db #0x6c	; 108	'l'
      000235 6D                     611 	.db #0x6d	; 109	'm'
      000236 6C                     612 	.db #0x6c	; 108	'l'
      000237 6D                     613 	.db #0x6d	; 109	'm'
      000238 6C                     614 	.db #0x6c	; 108	'l'
      000239 6D                     615 	.db #0x6d	; 109	'm'
      00023A 6C                     616 	.db #0x6c	; 108	'l'
      00023B 6D                     617 	.db #0x6d	; 109	'm'
      00023C 6C                     618 	.db #0x6c	; 108	'l'
      00023D 6D                     619 	.db #0x6d	; 109	'm'
      00023E 6C                     620 	.db #0x6c	; 108	'l'
      00023F 6D                     621 	.db #0x6d	; 109	'm'
      000240 6C                     622 	.db #0x6c	; 108	'l'
      000241 6D                     623 	.db #0x6d	; 109	'm'
      000242 6C                     624 	.db #0x6c	; 108	'l'
      000243 6D                     625 	.db #0x6d	; 109	'm'
      000244 61                     626 	.db #0x61	; 97	'a'
      000245 61                     627 	.db #0x61	; 97	'a'
      000246 6E                     628 	.db #0x6e	; 110	'n'
      000247 6F                     629 	.db #0x6f	; 111	'o'
      000248 61                     630 	.db #0x61	; 97	'a'
      000249 61                     631 	.db #0x61	; 97	'a'
      00024A 61                     632 	.db #0x61	; 97	'a'
      00024B 61                     633 	.db #0x61	; 97	'a'
      00024C 61                     634 	.db #0x61	; 97	'a'
      00024D 61                     635 	.db #0x61	; 97	'a'
      00024E 61                     636 	.db #0x61	; 97	'a'
      00024F 61                     637 	.db #0x61	; 97	'a'
      000250 61                     638 	.db #0x61	; 97	'a'
      000251 61                     639 	.db #0x61	; 97	'a'
      000252 61                     640 	.db #0x61	; 97	'a'
      000253 61                     641 	.db #0x61	; 97	'a'
      000254 6E                     642 	.db #0x6e	; 110	'n'
      000255 6F                     643 	.db #0x6f	; 111	'o'
      000256 61                     644 	.db #0x61	; 97	'a'
      000257 61                     645 	.db #0x61	; 97	'a'
                                    646 	.area _INITIALIZER
                                    647 	.area _CABS (ABS)
