                                      1 ;--------------------------------------------------------
                                      2 ; File Created by SDCC : free open source ISO C Compiler 
                                      3 ; Version 4.3.2 #14228 (Linux)
                                      4 ;--------------------------------------------------------
                                      5 	.module mrwhositletters
                                      6 	.optsdcc -msm83
                                      7 	
                                      8 ;--------------------------------------------------------
                                      9 ; Public variables in this module
                                     10 ;--------------------------------------------------------
                                     11 	.globl _mrwhosit_sprite
                                     12 	.globl _mrwhosit
                                     13 ;--------------------------------------------------------
                                     14 ; special function registers
                                     15 ;--------------------------------------------------------
                                     16 ;--------------------------------------------------------
                                     17 ; ram data
                                     18 ;--------------------------------------------------------
                                     19 	.area _DATA
                                     20 ;--------------------------------------------------------
                                     21 ; ram data
                                     22 ;--------------------------------------------------------
                                     23 	.area _INITIALIZED
                                     24 ;--------------------------------------------------------
                                     25 ; absolute external ram data
                                     26 ;--------------------------------------------------------
                                     27 	.area _DABS (ABS)
                                     28 ;--------------------------------------------------------
                                     29 ; global & static initialisations
                                     30 ;--------------------------------------------------------
                                     31 	.area _HOME
                                     32 	.area _GSINIT
                                     33 	.area _GSFINAL
                                     34 	.area _GSINIT
                                     35 ;--------------------------------------------------------
                                     36 ; Home
                                     37 ;--------------------------------------------------------
                                     38 	.area _HOME
                                     39 	.area _HOME
                                     40 ;--------------------------------------------------------
                                     41 ; code
                                     42 ;--------------------------------------------------------
                                     43 	.area _CODE
                                     44 	.area _CODE
      000000                         45 _mrwhosit:
      000000 20                      46 	.db #0x20	; 32
      000001 20                      47 	.db #0x20	; 32
      000002 71                      48 	.db #0x71	; 113	'q'
      000003 51                      49 	.db #0x51	; 81	'Q'
      000004 71                      50 	.db #0x71	; 113	'q'
      000005 51                      51 	.db #0x51	; 81	'Q'
      000006 7F                      52 	.db #0x7f	; 127
      000007 4F                      53 	.db #0x4f	; 79	'O'
      000008 3F                      54 	.db #0x3f	; 63
      000009 2C                      55 	.db #0x2c	; 44
      00000A 1F                      56 	.db #0x1f	; 31
      00000B 14                      57 	.db #0x14	; 20
      00000C 0F                      58 	.db #0x0f	; 15
      00000D 09                      59 	.db #0x09	; 9
      00000E 06                      60 	.db #0x06	; 6
      00000F 06                      61 	.db #0x06	; 6
      000010 90                      62 	.db #0x90	; 144
      000011 90                      63 	.db #0x90	; 144
      000012 F8                      64 	.db #0xf8	; 248
      000013 68                      65 	.db #0x68	; 104	'h'
      000014 FD                      66 	.db #0xfd	; 253
      000015 AD                      67 	.db #0xad	; 173
      000016 FF                      68 	.db #0xff	; 255
      000017 A3                      69 	.db #0xa3	; 163
      000018 FF                      70 	.db #0xff	; 255
      000019 AD                      71 	.db #0xad	; 173
      00001A FF                      72 	.db #0xff	; 255
      00001B 2D                      73 	.db #0x2d	; 45
      00001C FF                      74 	.db #0xff	; 255
      00001D AD                      75 	.db #0xad	; 173
      00001E F6                      76 	.db #0xf6	; 246
      00001F F6                      77 	.db #0xf6	; 246
      000020 7F                      78 	.db #0x7f	; 127
      000021 7F                      79 	.db #0x7f	; 127
      000022 FF                      80 	.db #0xff	; 255
      000023 98                      81 	.db #0x98	; 152
      000024 FF                      82 	.db #0xff	; 255
      000025 6B                      83 	.db #0x6b	; 107	'k'
      000026 FF                      84 	.db #0xff	; 255
      000027 6C                      85 	.db #0x6c	; 108	'l'
      000028 FF                      86 	.db #0xff	; 255
      000029 6E                      87 	.db #0x6e	; 110	'n'
      00002A FF                      88 	.db #0xff	; 255
      00002B 98                      89 	.db #0x98	; 152
      00002C 6F                      90 	.db #0x6f	; 111	'o'
      00002D 6F                      91 	.db #0x6f	; 111	'o'
      00002E 00                      92 	.db #0x00	; 0
      00002F 00                      93 	.db #0x00	; 0
      000030 24                      94 	.db #0x24	; 36
      000031 24                      95 	.db #0x24	; 36
      000032 7E                      96 	.db #0x7e	; 126
      000033 5A                      97 	.db #0x5a	; 90	'Z'
      000034 FE                      98 	.db #0xfe	; 254
      000035 F2                      99 	.db #0xf2	; 242
      000036 FF                     100 	.db #0xff	; 255
      000037 D9                     101 	.db #0xd9	; 217
      000038 FF                     102 	.db #0xff	; 255
      000039 DB                     103 	.db #0xdb	; 219
      00003A FE                     104 	.db #0xfe	; 254
      00003B DA                     105 	.db #0xda	; 218
      00003C FE                     106 	.db #0xfe	; 254
      00003D CA                     107 	.db #0xca	; 202
      00003E FC                     108 	.db #0xfc	; 252
      00003F FC                     109 	.db #0xfc	; 252
      000040 30                     110 	.db #0x30	; 48	'0'
      000041 30                     111 	.db #0x30	; 48	'0'
      000042 78                     112 	.db #0x78	; 120	'x'
      000043 48                     113 	.db #0x48	; 72	'H'
      000044 FF                     114 	.db #0xff	; 255
      000045 9F                     115 	.db #0x9f	; 159
      000046 FF                     116 	.db #0xff	; 255
      000047 B8                     117 	.db #0xb8	; 184
      000048 FF                     118 	.db #0xff	; 255
      000049 9A                     119 	.db #0x9a	; 154
      00004A FF                     120 	.db #0xff	; 255
      00004B BA                     121 	.db #0xba	; 186
      00004C FF                     122 	.db #0xff	; 255
      00004D B8                     123 	.db #0xb8	; 184
      00004E 67                     124 	.db #0x67	; 103	'g'
      00004F 67                     125 	.db #0x67	; 103	'g'
      000050 00                     126 	.db #0x00	; 0
      000051 00                     127 	.db #0x00	; 0
      000052 00                     128 	.db #0x00	; 0
      000053 00                     129 	.db #0x00	; 0
      000054 70                     130 	.db #0x70	; 112	'p'
      000055 70                     131 	.db #0x70	; 112	'p'
      000056 F8                     132 	.db #0xf8	; 248
      000057 A8                     133 	.db #0xa8	; 168
      000058 F0                     134 	.db #0xf0	; 240
      000059 90                     135 	.db #0x90	; 144
      00005A E0                     136 	.db #0xe0	; 224
      00005B A0                     137 	.db #0xa0	; 160
      00005C E0                     138 	.db #0xe0	; 224
      00005D A0                     139 	.db #0xa0	; 160
      00005E C0                     140 	.db #0xc0	; 192
      00005F C0                     141 	.db #0xc0	; 192
      000060 40                     142 	.db #0x40	; 64
      000061 40                     143 	.db #0x40	; 64
      000062 F6                     144 	.db #0xf6	; 246
      000063 B6                     145 	.db #0xb6	; 182
      000064 FF                     146 	.db #0xff	; 255
      000065 89                     147 	.db #0x89	; 137
      000066 FF                     148 	.db #0xff	; 255
      000067 A5                     149 	.db #0xa5	; 165
      000068 FF                     150 	.db #0xff	; 255
      000069 BD                     151 	.db #0xbd	; 189
      00006A 7F                     152 	.db #0x7f	; 127
      00006B 5D                     153 	.db #0x5d	; 93
      00006C 7F                     154 	.db #0x7f	; 127
      00006D 5D                     155 	.db #0x5d	; 93
      00006E 32                     156 	.db #0x32	; 50	'2'
      00006F 32                     157 	.db #0x32	; 50	'2'
      000070 00                     158 	.db #0x00	; 0
      000071 00                     159 	.db #0x00	; 0
      000072 00                     160 	.db #0x00	; 0
      000073 00                     161 	.db #0x00	; 0
      000074 A0                     162 	.db #0xa0	; 160
      000075 A0                     163 	.db #0xa0	; 160
      000076 F0                     164 	.db #0xf0	; 240
      000077 50                     165 	.db #0x50	; 80	'P'
      000078 F8                     166 	.db #0xf8	; 248
      000079 38                     167 	.db #0x38	; 56	'8'
      00007A FA                     168 	.db #0xfa	; 250
      00007B AA                     169 	.db #0xaa	; 170
      00007C F7                     170 	.db #0xf7	; 247
      00007D F5                     171 	.db #0xf5	; 245
      00007E 07                     172 	.db #0x07	; 7
      00007F 05                     173 	.db #0x05	; 5
      000080                        174 _mrwhosit_sprite:
      000080 00                     175 	.db #0x00	;  0
      000081 00                     176 	.db #0x00	;  0
      000082 A4                     177 	.db #0xa4	; 164
      000083 00                     178 	.db #0x00	; 0
      000084 00                     179 	.db #0x00	;  0
      000085 08                     180 	.db #0x08	;  8
      000086 A5                     181 	.db #0xa5	; 165
      000087 00                     182 	.db #0x00	; 0
      000088 00                     183 	.db #0x00	;  0
      000089 08                     184 	.db #0x08	;  8
      00008A A6                     185 	.db #0xa6	; 166
      00008B 00                     186 	.db #0x00	; 0
      00008C 00                     187 	.db #0x00	;  0
      00008D 08                     188 	.db #0x08	;  8
      00008E A7                     189 	.db #0xa7	; 167
      00008F 00                     190 	.db #0x00	; 0
      000090 08                     191 	.db #0x08	;  8
      000091 F3                     192 	.db #0xf3	; -13
      000092 A0                     193 	.db #0xa0	; 160
      000093 00                     194 	.db #0x00	; 0
      000094 00                     195 	.db #0x00	;  0
      000095 08                     196 	.db #0x08	;  8
      000096 A1                     197 	.db #0xa1	; 161
      000097 00                     198 	.db #0x00	; 0
      000098 00                     199 	.db #0x00	;  0
      000099 08                     200 	.db #0x08	;  8
      00009A A2                     201 	.db #0xa2	; 162
      00009B 00                     202 	.db #0x00	; 0
      00009C FE                     203 	.db #0xfe	; -2
      00009D 08                     204 	.db #0x08	;  8
      00009E A3                     205 	.db #0xa3	; 163
      00009F 00                     206 	.db #0x00	; 0
      0000A0 80                     207 	.db #0x80	; -128
      0000A1 00                     208 	.db #0x00	;  0
      0000A2 00                     209 	.db #0x00	; 0
      0000A3 00                     210 	.db #0x00	; 0
                                    211 	.area _INITIALIZER
                                    212 	.area _CABS (ABS)
