                                      1 ;--------------------------------------------------------
                                      2 ; File Created by SDCC : free open source ISO C Compiler 
                                      3 ; Version 4.3.2 #14228 (Linux)
                                      4 ;--------------------------------------------------------
                                      5 	.module Numbers
                                      6 	.optsdcc -msm83
                                      7 	
                                      8 ;--------------------------------------------------------
                                      9 ; Public variables in this module
                                     10 ;--------------------------------------------------------
                                     11 	.globl _numbers
                                     12 ;--------------------------------------------------------
                                     13 ; special function registers
                                     14 ;--------------------------------------------------------
                                     15 ;--------------------------------------------------------
                                     16 ; ram data
                                     17 ;--------------------------------------------------------
                                     18 	.area _DATA
                                     19 ;--------------------------------------------------------
                                     20 ; ram data
                                     21 ;--------------------------------------------------------
                                     22 	.area _INITIALIZED
                                     23 ;--------------------------------------------------------
                                     24 ; absolute external ram data
                                     25 ;--------------------------------------------------------
                                     26 	.area _DABS (ABS)
                                     27 ;--------------------------------------------------------
                                     28 ; global & static initialisations
                                     29 ;--------------------------------------------------------
                                     30 	.area _HOME
                                     31 	.area _GSINIT
                                     32 	.area _GSFINAL
                                     33 	.area _GSINIT
                                     34 ;--------------------------------------------------------
                                     35 ; Home
                                     36 ;--------------------------------------------------------
                                     37 	.area _HOME
                                     38 	.area _HOME
                                     39 ;--------------------------------------------------------
                                     40 ; code
                                     41 ;--------------------------------------------------------
                                     42 	.area _CODE
                                     43 	.area _CODE
      000000                         44 _numbers:
      000000 00                      45 	.db #0x00	; 0
      000001 00                      46 	.db #0x00	; 0
      000002 1C                      47 	.db #0x1c	; 28
      000003 1C                      48 	.db #0x1c	; 28
      000004 26                      49 	.db #0x26	; 38
      000005 26                      50 	.db #0x26	; 38
      000006 63                      51 	.db #0x63	; 99	'c'
      000007 63                      52 	.db #0x63	; 99	'c'
      000008 63                      53 	.db #0x63	; 99	'c'
      000009 63                      54 	.db #0x63	; 99	'c'
      00000A 63                      55 	.db #0x63	; 99	'c'
      00000B 63                      56 	.db #0x63	; 99	'c'
      00000C 32                      57 	.db #0x32	; 50	'2'
      00000D 32                      58 	.db #0x32	; 50	'2'
      00000E 1C                      59 	.db #0x1c	; 28
      00000F 1C                      60 	.db #0x1c	; 28
      000010 00                      61 	.db #0x00	; 0
      000011 00                      62 	.db #0x00	; 0
      000012 0C                      63 	.db #0x0c	; 12
      000013 0C                      64 	.db #0x0c	; 12
      000014 1C                      65 	.db #0x1c	; 28
      000015 1C                      66 	.db #0x1c	; 28
      000016 0C                      67 	.db #0x0c	; 12
      000017 0C                      68 	.db #0x0c	; 12
      000018 0C                      69 	.db #0x0c	; 12
      000019 0C                      70 	.db #0x0c	; 12
      00001A 0C                      71 	.db #0x0c	; 12
      00001B 0C                      72 	.db #0x0c	; 12
      00001C 0C                      73 	.db #0x0c	; 12
      00001D 0C                      74 	.db #0x0c	; 12
      00001E 3F                      75 	.db #0x3f	; 63
      00001F 3F                      76 	.db #0x3f	; 63
      000020 00                      77 	.db #0x00	; 0
      000021 00                      78 	.db #0x00	; 0
      000022 3E                      79 	.db #0x3e	; 62
      000023 3E                      80 	.db #0x3e	; 62
      000024 63                      81 	.db #0x63	; 99	'c'
      000025 63                      82 	.db #0x63	; 99	'c'
      000026 07                      83 	.db #0x07	; 7
      000027 07                      84 	.db #0x07	; 7
      000028 1E                      85 	.db #0x1e	; 30
      000029 1E                      86 	.db #0x1e	; 30
      00002A 3C                      87 	.db #0x3c	; 60
      00002B 3C                      88 	.db #0x3c	; 60
      00002C 70                      89 	.db #0x70	; 112	'p'
      00002D 70                      90 	.db #0x70	; 112	'p'
      00002E 7F                      91 	.db #0x7f	; 127
      00002F 7F                      92 	.db #0x7f	; 127
      000030 00                      93 	.db #0x00	; 0
      000031 00                      94 	.db #0x00	; 0
      000032 3F                      95 	.db #0x3f	; 63
      000033 3F                      96 	.db #0x3f	; 63
      000034 06                      97 	.db #0x06	; 6
      000035 06                      98 	.db #0x06	; 6
      000036 0C                      99 	.db #0x0c	; 12
      000037 0C                     100 	.db #0x0c	; 12
      000038 1E                     101 	.db #0x1e	; 30
      000039 1E                     102 	.db #0x1e	; 30
      00003A 03                     103 	.db #0x03	; 3
      00003B 03                     104 	.db #0x03	; 3
      00003C 63                     105 	.db #0x63	; 99	'c'
      00003D 63                     106 	.db #0x63	; 99	'c'
      00003E 3E                     107 	.db #0x3e	; 62
      00003F 3E                     108 	.db #0x3e	; 62
      000040 00                     109 	.db #0x00	; 0
      000041 00                     110 	.db #0x00	; 0
      000042 0E                     111 	.db #0x0e	; 14
      000043 0E                     112 	.db #0x0e	; 14
      000044 1E                     113 	.db #0x1e	; 30
      000045 1E                     114 	.db #0x1e	; 30
      000046 36                     115 	.db #0x36	; 54	'6'
      000047 36                     116 	.db #0x36	; 54	'6'
      000048 66                     117 	.db #0x66	; 102	'f'
      000049 66                     118 	.db #0x66	; 102	'f'
      00004A 7F                     119 	.db #0x7f	; 127
      00004B 7F                     120 	.db #0x7f	; 127
      00004C 06                     121 	.db #0x06	; 6
      00004D 06                     122 	.db #0x06	; 6
      00004E 06                     123 	.db #0x06	; 6
      00004F 06                     124 	.db #0x06	; 6
      000050 00                     125 	.db #0x00	; 0
      000051 00                     126 	.db #0x00	; 0
      000052 7E                     127 	.db #0x7e	; 126
      000053 7E                     128 	.db #0x7e	; 126
      000054 60                     129 	.db #0x60	; 96
      000055 60                     130 	.db #0x60	; 96
      000056 7E                     131 	.db #0x7e	; 126
      000057 7E                     132 	.db #0x7e	; 126
      000058 03                     133 	.db #0x03	; 3
      000059 03                     134 	.db #0x03	; 3
      00005A 03                     135 	.db #0x03	; 3
      00005B 03                     136 	.db #0x03	; 3
      00005C 63                     137 	.db #0x63	; 99	'c'
      00005D 63                     138 	.db #0x63	; 99	'c'
      00005E 3E                     139 	.db #0x3e	; 62
      00005F 3E                     140 	.db #0x3e	; 62
      000060 00                     141 	.db #0x00	; 0
      000061 00                     142 	.db #0x00	; 0
      000062 1E                     143 	.db #0x1e	; 30
      000063 1E                     144 	.db #0x1e	; 30
      000064 30                     145 	.db #0x30	; 48	'0'
      000065 30                     146 	.db #0x30	; 48	'0'
      000066 60                     147 	.db #0x60	; 96
      000067 60                     148 	.db #0x60	; 96
      000068 7E                     149 	.db #0x7e	; 126
      000069 7E                     150 	.db #0x7e	; 126
      00006A 63                     151 	.db #0x63	; 99	'c'
      00006B 63                     152 	.db #0x63	; 99	'c'
      00006C 63                     153 	.db #0x63	; 99	'c'
      00006D 63                     154 	.db #0x63	; 99	'c'
      00006E 3E                     155 	.db #0x3e	; 62
      00006F 3E                     156 	.db #0x3e	; 62
      000070 00                     157 	.db #0x00	; 0
      000071 00                     158 	.db #0x00	; 0
      000072 7F                     159 	.db #0x7f	; 127
      000073 7F                     160 	.db #0x7f	; 127
      000074 63                     161 	.db #0x63	; 99	'c'
      000075 63                     162 	.db #0x63	; 99	'c'
      000076 06                     163 	.db #0x06	; 6
      000077 06                     164 	.db #0x06	; 6
      000078 0C                     165 	.db #0x0c	; 12
      000079 0C                     166 	.db #0x0c	; 12
      00007A 18                     167 	.db #0x18	; 24
      00007B 18                     168 	.db #0x18	; 24
      00007C 18                     169 	.db #0x18	; 24
      00007D 18                     170 	.db #0x18	; 24
      00007E 18                     171 	.db #0x18	; 24
      00007F 18                     172 	.db #0x18	; 24
      000080 00                     173 	.db #0x00	; 0
      000081 00                     174 	.db #0x00	; 0
      000082 3C                     175 	.db #0x3c	; 60
      000083 3C                     176 	.db #0x3c	; 60
      000084 62                     177 	.db #0x62	; 98	'b'
      000085 62                     178 	.db #0x62	; 98	'b'
      000086 72                     179 	.db #0x72	; 114	'r'
      000087 72                     180 	.db #0x72	; 114	'r'
      000088 3C                     181 	.db #0x3c	; 60
      000089 3C                     182 	.db #0x3c	; 60
      00008A 4F                     183 	.db #0x4f	; 79	'O'
      00008B 4F                     184 	.db #0x4f	; 79	'O'
      00008C 63                     185 	.db #0x63	; 99	'c'
      00008D 63                     186 	.db #0x63	; 99	'c'
      00008E 3E                     187 	.db #0x3e	; 62
      00008F 3E                     188 	.db #0x3e	; 62
      000090 00                     189 	.db #0x00	; 0
      000091 00                     190 	.db #0x00	; 0
      000092 3E                     191 	.db #0x3e	; 62
      000093 3E                     192 	.db #0x3e	; 62
      000094 63                     193 	.db #0x63	; 99	'c'
      000095 63                     194 	.db #0x63	; 99	'c'
      000096 63                     195 	.db #0x63	; 99	'c'
      000097 63                     196 	.db #0x63	; 99	'c'
      000098 3F                     197 	.db #0x3f	; 63
      000099 3F                     198 	.db #0x3f	; 63
      00009A 03                     199 	.db #0x03	; 3
      00009B 03                     200 	.db #0x03	; 3
      00009C 06                     201 	.db #0x06	; 6
      00009D 06                     202 	.db #0x06	; 6
      00009E 3C                     203 	.db #0x3c	; 60
      00009F 3C                     204 	.db #0x3c	; 60
      0000A0 00                     205 	.db #0x00	; 0
      0000A1 00                     206 	.db #0x00	; 0
      0000A2 00                     207 	.db #0x00	; 0
      0000A3 00                     208 	.db #0x00	; 0
      0000A4 00                     209 	.db #0x00	; 0
      0000A5 00                     210 	.db #0x00	; 0
      0000A6 7C                     211 	.db #0x7c	; 124
      0000A7 7C                     212 	.db #0x7c	; 124
      0000A8 56                     213 	.db #0x56	; 86	'V'
      0000A9 56                     214 	.db #0x56	; 86	'V'
      0000AA 56                     215 	.db #0x56	; 86	'V'
      0000AB 56                     216 	.db #0x56	; 86	'V'
      0000AC 56                     217 	.db #0x56	; 86	'V'
      0000AD 56                     218 	.db #0x56	; 86	'V'
      0000AE 56                     219 	.db #0x56	; 86	'V'
      0000AF 56                     220 	.db #0x56	; 86	'V'
      0000B0 FF                     221 	.db #0xff	; 255
      0000B1 FF                     222 	.db #0xff	; 255
      0000B2 00                     223 	.db #0x00	; 0
      0000B3 00                     224 	.db #0x00	; 0
      0000B4 FF                     225 	.db #0xff	; 255
      0000B5 FF                     226 	.db #0xff	; 255
      0000B6 00                     227 	.db #0x00	; 0
      0000B7 00                     228 	.db #0x00	; 0
      0000B8 00                     229 	.db #0x00	; 0
      0000B9 00                     230 	.db #0x00	; 0
      0000BA 00                     231 	.db #0x00	; 0
      0000BB 00                     232 	.db #0x00	; 0
      0000BC 00                     233 	.db #0x00	; 0
      0000BD 00                     234 	.db #0x00	; 0
      0000BE 00                     235 	.db #0x00	; 0
      0000BF 00                     236 	.db #0x00	; 0
      0000C0 00                     237 	.db #0x00	; 0
      0000C1 00                     238 	.db #0x00	; 0
      0000C2 00                     239 	.db #0x00	; 0
      0000C3 00                     240 	.db #0x00	; 0
      0000C4 00                     241 	.db #0x00	; 0
      0000C5 00                     242 	.db #0x00	; 0
      0000C6 00                     243 	.db #0x00	; 0
      0000C7 00                     244 	.db #0x00	; 0
      0000C8 00                     245 	.db #0x00	; 0
      0000C9 00                     246 	.db #0x00	; 0
      0000CA FF                     247 	.db #0xff	; 255
      0000CB FF                     248 	.db #0xff	; 255
      0000CC 00                     249 	.db #0x00	; 0
      0000CD 00                     250 	.db #0x00	; 0
      0000CE FF                     251 	.db #0xff	; 255
      0000CF FF                     252 	.db #0xff	; 255
                                    253 	.area _INITIALIZER
                                    254 	.area _CABS (ABS)
