                                      1 ;--------------------------------------------------------
                                      2 ; File Created by SDCC : free open source ANSI-C Compiler
                                      3 ; Version 4.1.6 #12539 (MINGW32)
                                      4 ;--------------------------------------------------------
                                      5 	.module partly_broken_bricks
                                      6 	.optsdcc -mgbz80
                                      7 	
                                      8 ;--------------------------------------------------------
                                      9 ; Public variables in this module
                                     10 ;--------------------------------------------------------
                                     11 	.globl _partly_broken_bricks
                                     12 ;--------------------------------------------------------
                                     13 ; special function registers
                                     14 ;--------------------------------------------------------
                                     15 ;--------------------------------------------------------
                                     16 ; ram data
                                     17 ;--------------------------------------------------------
                                     18 	.area _DATA
                                     19 ;--------------------------------------------------------
                                     20 ; ram data
                                     21 ;--------------------------------------------------------
                                     22 	.area _INITIALIZED
                           000000    23 G$partly_broken_bricks$0_0$0==.
      000000                         24 _partly_broken_bricks::
      000000                         25 	.ds 32
                                     26 ;--------------------------------------------------------
                                     27 ; absolute external ram data
                                     28 ;--------------------------------------------------------
                                     29 	.area _DABS (ABS)
                                     30 ;--------------------------------------------------------
                                     31 ; global & static initialisations
                                     32 ;--------------------------------------------------------
                                     33 	.area _HOME
                                     34 	.area _GSINIT
                                     35 	.area _GSFINAL
                                     36 	.area _GSINIT
                                     37 ;--------------------------------------------------------
                                     38 ; Home
                                     39 ;--------------------------------------------------------
                                     40 	.area _HOME
                                     41 	.area _HOME
                                     42 ;--------------------------------------------------------
                                     43 ; code
                                     44 ;--------------------------------------------------------
                                     45 	.area _CODE
                                     46 	.area _CODE
                                     47 	.area _INITIALIZER
                           000000    48 Fpartly_broken_bricks$__xinit_partly_broken_bricks$0_0$0 == .
      000000                         49 __xinit__partly_broken_bricks:
      000000 00                      50 	.db #0x00	; 0
      000001 00                      51 	.db #0x00	; 0
      000002 FF                      52 	.db #0xff	; 255
      000003 FF                      53 	.db #0xff	; 255
      000004 5B                      54 	.db #0x5b	; 91
      000005 E4                      55 	.db #0xe4	; 228
      000006 DD                      56 	.db #0xdd	; 221
      000007 32                      57 	.db #0x32	; 50	'2'
      000008 BB                      58 	.db #0xbb	; 187
      000009 FF                      59 	.db #0xff	; 255
      00000A 48                      60 	.db #0x48	; 72	'H'
      00000B FF                      61 	.db #0xff	; 255
      00000C FF                      62 	.db #0xff	; 255
      00000D FF                      63 	.db #0xff	; 255
      00000E FF                      64 	.db #0xff	; 255
      00000F FF                      65 	.db #0xff	; 255
      000010 FF                      66 	.db #0xff	; 255
      000011 FF                      67 	.db #0xff	; 255
      000012 BD                      68 	.db #0xbd	; 189
      000013 6E                      69 	.db #0x6e	; 110	'n'
      000014 CB                      70 	.db #0xcb	; 203
      000015 34                      71 	.db #0x34	; 52	'4'
      000016 14                      72 	.db #0x14	; 20
      000017 FF                      73 	.db #0xff	; 255
      000018 FB                      74 	.db #0xfb	; 251
      000019 44                      75 	.db #0x44	; 68	'D'
      00001A 64                      76 	.db #0x64	; 100	'd'
      00001B FF                      77 	.db #0xff	; 255
      00001C 89                      78 	.db #0x89	; 137
      00001D FF                      79 	.db #0xff	; 255
      00001E FF                      80 	.db #0xff	; 255
      00001F FF                      81 	.db #0xff	; 255
                                     82 	.area _CABS (ABS)
