                                      1 ;--------------------------------------------------------
                                      2 ; File Created by SDCC : free open source ISO C Compiler 
                                      3 ; Version 4.3.2 #14228 (Linux)
                                      4 ;--------------------------------------------------------
                                      5 	.module Planterbox
                                      6 	.optsdcc -msm83
                                      7 	
                                      8 ;--------------------------------------------------------
                                      9 ; Public variables in this module
                                     10 ;--------------------------------------------------------
                                     11 	.globl _planter
                                     12 	.globl _planter_box
                                     13 ;--------------------------------------------------------
                                     14 ; special function registers
                                     15 ;--------------------------------------------------------
                                     16 ;--------------------------------------------------------
                                     17 ; ram data
                                     18 ;--------------------------------------------------------
                                     19 	.area _DATA
                                     20 ;--------------------------------------------------------
                                     21 ; ram data
                                     22 ;--------------------------------------------------------
                                     23 	.area _INITIALIZED
                                     24 ;--------------------------------------------------------
                                     25 ; absolute external ram data
                                     26 ;--------------------------------------------------------
                                     27 	.area _DABS (ABS)
                                     28 ;--------------------------------------------------------
                                     29 ; global & static initialisations
                                     30 ;--------------------------------------------------------
                                     31 	.area _HOME
                                     32 	.area _GSINIT
                                     33 	.area _GSFINAL
                                     34 	.area _GSINIT
                                     35 ;--------------------------------------------------------
                                     36 ; Home
                                     37 ;--------------------------------------------------------
                                     38 	.area _HOME
                                     39 	.area _HOME
                                     40 ;--------------------------------------------------------
                                     41 ; code
                                     42 ;--------------------------------------------------------
                                     43 	.area _CODE
                                     44 	.area _CODE
      000000                         45 _planter_box:
      000000 7F                      46 	.db #0x7f	; 127
      000001 7F                      47 	.db #0x7f	; 127
      000002 4F                      48 	.db #0x4f	; 79	'O'
      000003 70                      49 	.db #0x70	; 112	'p'
      000004 60                      50 	.db #0x60	; 96
      000005 7F                      51 	.db #0x7f	; 127
      000006 4F                      52 	.db #0x4f	; 79	'O'
      000007 70                      53 	.db #0x70	; 112	'p'
      000008 4F                      54 	.db #0x4f	; 79	'O'
      000009 70                      55 	.db #0x70	; 112	'p'
      00000A 20                      56 	.db #0x20	; 32
      00000B 3F                      57 	.db #0x3f	; 63
      00000C 00                      58 	.db #0x00	; 0
      00000D 00                      59 	.db #0x00	; 0
      00000E 00                      60 	.db #0x00	; 0
      00000F 00                      61 	.db #0x00	; 0
      000010 FF                      62 	.db #0xff	; 255
      000011 FF                      63 	.db #0xff	; 255
      000012 FF                      64 	.db #0xff	; 255
      000013 01                      65 	.db #0x01	; 1
      000014 07                      66 	.db #0x07	; 7
      000015 FF                      67 	.db #0xff	; 255
      000016 FE                      68 	.db #0xfe	; 254
      000017 02                      69 	.db #0x02	; 2
      000018 FE                      70 	.db #0xfe	; 254
      000019 02                      71 	.db #0x02	; 2
      00001A 0C                      72 	.db #0x0c	; 12
      00001B FC                      73 	.db #0xfc	; 252
      00001C 00                      74 	.db #0x00	; 0
      00001D 00                      75 	.db #0x00	; 0
      00001E 00                      76 	.db #0x00	; 0
      00001F 00                      77 	.db #0x00	; 0
      000020 00                      78 	.db #0x00	; 0
      000021 00                      79 	.db #0x00	; 0
      000022 00                      80 	.db #0x00	; 0
      000023 00                      81 	.db #0x00	; 0
      000024 00                      82 	.db #0x00	; 0
      000025 00                      83 	.db #0x00	; 0
      000026 02                      84 	.db #0x02	; 2
      000027 00                      85 	.db #0x00	; 0
      000028 25                      86 	.db #0x25	; 37
      000029 02                      87 	.db #0x02	; 2
      00002A 52                      88 	.db #0x52	; 82	'R'
      00002B 20                      89 	.db #0x20	; 32
      00002C 22                      90 	.db #0x22	; 34
      00002D 02                      91 	.db #0x02	; 2
      00002E 22                      92 	.db #0x22	; 34
      00002F 22                      93 	.db #0x22	; 34
      000030 00                      94 	.db #0x00	; 0
      000031 00                      95 	.db #0x00	; 0
      000032 00                      96 	.db #0x00	; 0
      000033 00                      97 	.db #0x00	; 0
      000034 00                      98 	.db #0x00	; 0
      000035 00                      99 	.db #0x00	; 0
      000036 08                     100 	.db #0x08	; 8
      000037 00                     101 	.db #0x00	; 0
      000038 16                     102 	.db #0x16	; 22
      000039 08                     103 	.db #0x08	; 8
      00003A 29                     104 	.db #0x29	; 41
      00003B 06                     105 	.db #0x06	; 6
      00003C 5A                     106 	.db #0x5a	; 90	'Z'
      00003D 28                     107 	.db #0x28	; 40
      00003E 2A                     108 	.db #0x2a	; 42
      00003F 0A                     109 	.db #0x0a	; 10
      000040                        110 _planter:
      000040 00                     111 	.db #0x00	;  0
      000041 00                     112 	.db #0x00	;  0
      000042 82                     113 	.db #0x82	; 130
      000043 00                     114 	.db #0x00	; 0
      000044 00                     115 	.db #0x00	;  0
      000045 08                     116 	.db #0x08	;  8
      000046 83                     117 	.db #0x83	; 131
      000047 00                     118 	.db #0x00	; 0
      000048 80                     119 	.db #0x80	; -128
      000049 00                     120 	.db #0x00	;  0
      00004A 00                     121 	.db #0x00	; 0
      00004B 00                     122 	.db #0x00	; 0
                                    123 	.area _INITIALIZER
                                    124 	.area _CABS (ABS)
