                                      1 ;--------------------------------------------------------
                                      2 ; File Created by SDCC : free open source ISO C Compiler 
                                      3 ; Version 4.3.2 #14228 (Linux)
                                      4 ;--------------------------------------------------------
                                      5 	.module PlayerSprites
                                      6 	.optsdcc -msm83
                                      7 	
                                      8 ;--------------------------------------------------------
                                      9 ; Public variables in this module
                                     10 ;--------------------------------------------------------
                                     11 	.globl _frames_in_state
                                     12 	.globl _metasprites_speeds
                                     13 	.globl _metasprites_states
                                     14 	.globl _hurt_speed
                                     15 	.globl _hurt_metasprites
                                     16 	.globl _hurt0
                                     17 	.globl _fall_speed
                                     18 	.globl _fall_metasprites
                                     19 	.globl _fall0
                                     20 	.globl _jump_speed
                                     21 	.globl _jump_metasprites
                                     22 	.globl _jump0
                                     23 	.globl _run_speed
                                     24 	.globl _run_metasprites
                                     25 	.globl _run5
                                     26 	.globl _run4
                                     27 	.globl _run3
                                     28 	.globl _run2
                                     29 	.globl _run1
                                     30 	.globl _run0
                                     31 	.globl _idle_speed
                                     32 	.globl _idle_metasprites
                                     33 	.globl _idle3
                                     34 	.globl _idle2
                                     35 	.globl _idle1
                                     36 	.globl _idle0
                                     37 	.globl _playerSprites
                                     38 ;--------------------------------------------------------
                                     39 ; special function registers
                                     40 ;--------------------------------------------------------
                                     41 ;--------------------------------------------------------
                                     42 ; ram data
                                     43 ;--------------------------------------------------------
                                     44 	.area _DATA
                                     45 ;--------------------------------------------------------
                                     46 ; ram data
                                     47 ;--------------------------------------------------------
                                     48 	.area _INITIALIZED
                                     49 ;--------------------------------------------------------
                                     50 ; absolute external ram data
                                     51 ;--------------------------------------------------------
                                     52 	.area _DABS (ABS)
                                     53 ;--------------------------------------------------------
                                     54 ; global & static initialisations
                                     55 ;--------------------------------------------------------
                                     56 	.area _HOME
                                     57 	.area _GSINIT
                                     58 	.area _GSFINAL
                                     59 	.area _GSINIT
                                     60 ;--------------------------------------------------------
                                     61 ; Home
                                     62 ;--------------------------------------------------------
                                     63 	.area _HOME
                                     64 	.area _HOME
                                     65 ;--------------------------------------------------------
                                     66 ; code
                                     67 ;--------------------------------------------------------
                                     68 	.area _CODE
                                     69 	.area _CODE
      000000                         70 _playerSprites:
      000000 00                      71 	.db #0x00	; 0
      000001 00                      72 	.db #0x00	; 0
      000002 01                      73 	.db #0x01	; 1
      000003 01                      74 	.db #0x01	; 1
      000004 07                      75 	.db #0x07	; 7
      000005 07                      76 	.db #0x07	; 7
      000006 0F                      77 	.db #0x0f	; 15
      000007 0F                      78 	.db #0x0f	; 15
      000008 06                      79 	.db #0x06	; 6
      000009 0F                      80 	.db #0x0f	; 15
      00000A 07                      81 	.db #0x07	; 7
      00000B 0E                      82 	.db #0x0e	; 14
      00000C 0F                      83 	.db #0x0f	; 15
      00000D 0C                      84 	.db #0x0c	; 12
      00000E 07                      85 	.db #0x07	; 7
      00000F 07                      86 	.db #0x07	; 7
      000010 03                      87 	.db #0x03	; 3
      000011 0F                      88 	.db #0x0f	; 15
      000012 01                      89 	.db #0x01	; 1
      000013 1F                      90 	.db #0x1f	; 31
      000014 18                      91 	.db #0x18	; 24
      000015 07                      92 	.db #0x07	; 7
      000016 3C                      93 	.db #0x3c	; 60
      000017 03                      94 	.db #0x03	; 3
      000018 3B                      95 	.db #0x3b	; 59
      000019 07                      96 	.db #0x07	; 7
      00001A 18                      97 	.db #0x18	; 24
      00001B 0F                      98 	.db #0x0f	; 15
      00001C 00                      99 	.db #0x00	; 0
      00001D 0F                     100 	.db #0x0f	; 15
      00001E 0C                     101 	.db #0x0c	; 12
      00001F 0E                     102 	.db #0x0e	; 14
      000020 00                     103 	.db #0x00	; 0
      000021 00                     104 	.db #0x00	; 0
      000022 C0                     105 	.db #0xc0	; 192
      000023 C0                     106 	.db #0xc0	; 192
      000024 E0                     107 	.db #0xe0	; 224
      000025 E0                     108 	.db #0xe0	; 224
      000026 F0                     109 	.db #0xf0	; 240
      000027 F0                     110 	.db #0xf0	; 240
      000028 10                     111 	.db #0x10	; 16
      000029 F0                     112 	.db #0xf0	; 240
      00002A F0                     113 	.db #0xf0	; 240
      00002B 00                     114 	.db #0x00	; 0
      00002C F0                     115 	.db #0xf0	; 240
      00002D D0                     116 	.db #0xd0	; 208
      00002E 30                     117 	.db #0x30	; 48	'0'
      00002F F0                     118 	.db #0xf0	; 240
      000030 E0                     119 	.db #0xe0	; 224
      000031 F0                     120 	.db #0xf0	; 240
      000032 C0                     121 	.db #0xc0	; 192
      000033 F0                     122 	.db #0xf0	; 240
      000034 90                     123 	.db #0x90	; 144
      000035 60                     124 	.db #0x60	; 96
      000036 18                     125 	.db #0x18	; 24
      000037 E0                     126 	.db #0xe0	; 224
      000038 E8                     127 	.db #0xe8	; 232
      000039 30                     128 	.db #0x30	; 48	'0'
      00003A 68                     129 	.db #0x68	; 104	'h'
      00003B F0                     130 	.db #0xf0	; 240
      00003C 70                     131 	.db #0x70	; 112	'p'
      00003D 70                     132 	.db #0x70	; 112	'p'
      00003E 70                     133 	.db #0x70	; 112	'p'
      00003F 70                     134 	.db #0x70	; 112	'p'
      000040 00                     135 	.db #0x00	; 0
      000041 00                     136 	.db #0x00	; 0
      000042 00                     137 	.db #0x00	; 0
      000043 00                     138 	.db #0x00	; 0
      000044 01                     139 	.db #0x01	; 1
      000045 01                     140 	.db #0x01	; 1
      000046 07                     141 	.db #0x07	; 7
      000047 07                     142 	.db #0x07	; 7
      000048 0F                     143 	.db #0x0f	; 15
      000049 0F                     144 	.db #0x0f	; 15
      00004A 06                     145 	.db #0x06	; 6
      00004B 0F                     146 	.db #0x0f	; 15
      00004C 07                     147 	.db #0x07	; 7
      00004D 0E                     148 	.db #0x0e	; 14
      00004E 0F                     149 	.db #0x0f	; 15
      00004F 0C                     150 	.db #0x0c	; 12
      000050 07                     151 	.db #0x07	; 7
      000051 0F                     152 	.db #0x0f	; 15
      000052 03                     153 	.db #0x03	; 3
      000053 1F                     154 	.db #0x1f	; 31
      000054 19                     155 	.db #0x19	; 25
      000055 07                     156 	.db #0x07	; 7
      000056 3C                     157 	.db #0x3c	; 60
      000057 03                     158 	.db #0x03	; 3
      000058 1C                     159 	.db #0x1c	; 28
      000059 03                     160 	.db #0x03	; 3
      00005A 03                     161 	.db #0x03	; 3
      00005B 0F                     162 	.db #0x0f	; 15
      00005C 04                     163 	.db #0x04	; 4
      00005D 07                     164 	.db #0x07	; 7
      00005E 06                     165 	.db #0x06	; 6
      00005F 07                     166 	.db #0x07	; 7
      000060 00                     167 	.db #0x00	; 0
      000061 00                     168 	.db #0x00	; 0
      000062 00                     169 	.db #0x00	; 0
      000063 00                     170 	.db #0x00	; 0
      000064 C0                     171 	.db #0xc0	; 192
      000065 C0                     172 	.db #0xc0	; 192
      000066 E0                     173 	.db #0xe0	; 224
      000067 E0                     174 	.db #0xe0	; 224
      000068 F0                     175 	.db #0xf0	; 240
      000069 F0                     176 	.db #0xf0	; 240
      00006A 10                     177 	.db #0x10	; 16
      00006B F0                     178 	.db #0xf0	; 240
      00006C F0                     179 	.db #0xf0	; 240
      00006D 00                     180 	.db #0x00	; 0
      00006E F0                     181 	.db #0xf0	; 240
      00006F D0                     182 	.db #0xd0	; 208
      000070 30                     183 	.db #0x30	; 48	'0'
      000071 F0                     184 	.db #0xf0	; 240
      000072 E0                     185 	.db #0xe0	; 224
      000073 F0                     186 	.db #0xf0	; 240
      000074 C8                     187 	.db #0xc8	; 200
      000075 F0                     188 	.db #0xf0	; 240
      000076 98                     189 	.db #0x98	; 152
      000077 60                     190 	.db #0x60	; 96
      000078 18                     191 	.db #0x18	; 24
      000079 E0                     192 	.db #0xe0	; 224
      00007A E0                     193 	.db #0xe0	; 224
      00007B 20                     194 	.db #0x20	; 32
      00007C 60                     195 	.db #0x60	; 96
      00007D E0                     196 	.db #0xe0	; 224
      00007E C0                     197 	.db #0xc0	; 192
      00007F C0                     198 	.db #0xc0	; 192
      000080 03                     199 	.db #0x03	; 3
      000081 0F                     200 	.db #0x0f	; 15
      000082 01                     201 	.db #0x01	; 1
      000083 1F                     202 	.db #0x1f	; 31
      000084 30                     203 	.db #0x30	; 48	'0'
      000085 0F                     204 	.db #0x0f	; 15
      000086 3C                     205 	.db #0x3c	; 60
      000087 03                     206 	.db #0x03	; 3
      000088 1B                     207 	.db #0x1b	; 27
      000089 07                     208 	.db #0x07	; 7
      00008A 02                     209 	.db #0x02	; 2
      00008B 07                     210 	.db #0x07	; 7
      00008C 07                     211 	.db #0x07	; 7
      00008D 07                     212 	.db #0x07	; 7
      00008E 06                     213 	.db #0x06	; 6
      00008F 06                     214 	.db #0x06	; 6
      000090 E0                     215 	.db #0xe0	; 224
      000091 F0                     216 	.db #0xf0	; 240
      000092 CC                     217 	.db #0xcc	; 204
      000093 F0                     218 	.db #0xf0	; 240
      000094 8C                     219 	.db #0x8c	; 140
      000095 70                     220 	.db #0x70	; 112	'p'
      000096 78                     221 	.db #0x78	; 120	'x'
      000097 E0                     222 	.db #0xe0	; 224
      000098 80                     223 	.db #0x80	; 128
      000099 F0                     224 	.db #0xf0	; 240
      00009A 10                     225 	.db #0x10	; 16
      00009B F0                     226 	.db #0xf0	; 240
      00009C 30                     227 	.db #0x30	; 48	'0'
      00009D 70                     228 	.db #0x70	; 112	'p'
      00009E 00                     229 	.db #0x00	; 0
      00009F 00                     230 	.db #0x00	; 0
      0000A0 03                     231 	.db #0x03	; 3
      0000A1 07                     232 	.db #0x07	; 7
      0000A2 01                     233 	.db #0x01	; 1
      0000A3 0F                     234 	.db #0x0f	; 15
      0000A4 06                     235 	.db #0x06	; 6
      0000A5 09                     236 	.db #0x09	; 9
      0000A6 0F                     237 	.db #0x0f	; 15
      0000A7 00                     238 	.db #0x00	; 0
      0000A8 07                     239 	.db #0x07	; 7
      0000A9 01                     240 	.db #0x01	; 1
      0000AA 08                     241 	.db #0x08	; 8
      0000AB 07                     242 	.db #0x07	; 7
      0000AC 00                     243 	.db #0x00	; 0
      0000AD 0F                     244 	.db #0x0f	; 15
      0000AE 06                     245 	.db #0x06	; 6
      0000AF 06                     246 	.db #0x06	; 6
      0000B0 E0                     247 	.db #0xe0	; 224
      0000B1 E0                     248 	.db #0xe0	; 224
      0000B2 C0                     249 	.db #0xc0	; 192
      0000B3 E0                     250 	.db #0xe0	; 224
      0000B4 90                     251 	.db #0x90	; 144
      0000B5 60                     252 	.db #0x60	; 96
      0000B6 00                     253 	.db #0x00	; 0
      0000B7 E0                     254 	.db #0xe0	; 224
      0000B8 F0                     255 	.db #0xf0	; 240
      0000B9 30                     256 	.db #0x30	; 48	'0'
      0000BA 78                     257 	.db #0x78	; 120	'x'
      0000BB F8                     258 	.db #0xf8	; 248
      0000BC 38                     259 	.db #0x38	; 56	'8'
      0000BD 78                     260 	.db #0x78	; 120	'x'
      0000BE 00                     261 	.db #0x00	; 0
      0000BF 00                     262 	.db #0x00	; 0
      0000C0 03                     263 	.db #0x03	; 3
      0000C1 07                     264 	.db #0x07	; 7
      0000C2 01                     265 	.db #0x01	; 1
      0000C3 0F                     266 	.db #0x0f	; 15
      0000C4 00                     267 	.db #0x00	; 0
      0000C5 1F                     268 	.db #0x1f	; 31
      0000C6 18                     269 	.db #0x18	; 24
      0000C7 07                     270 	.db #0x07	; 7
      0000C8 3C                     271 	.db #0x3c	; 60
      0000C9 03                     272 	.db #0x03	; 3
      0000CA 3B                     273 	.db #0x3b	; 59
      0000CB 07                     274 	.db #0x07	; 7
      0000CC 18                     275 	.db #0x18	; 24
      0000CD 0F                     276 	.db #0x0f	; 15
      0000CE 00                     277 	.db #0x00	; 0
      0000CF 0F                     278 	.db #0x0f	; 15
      0000D0 E0                     279 	.db #0xe0	; 224
      0000D1 E0                     280 	.db #0xe0	; 224
      0000D2 C0                     281 	.db #0xc0	; 192
      0000D3 F0                     282 	.db #0xf0	; 240
      0000D4 80                     283 	.db #0x80	; 128
      0000D5 70                     284 	.db #0x70	; 112	'p'
      0000D6 10                     285 	.db #0x10	; 16
      0000D7 E0                     286 	.db #0xe0	; 224
      0000D8 18                     287 	.db #0x18	; 24
      0000D9 E0                     288 	.db #0xe0	; 224
      0000DA E8                     289 	.db #0xe8	; 232
      0000DB 30                     290 	.db #0x30	; 48	'0'
      0000DC 68                     291 	.db #0x68	; 104	'h'
      0000DD F0                     292 	.db #0xf0	; 240
      0000DE 70                     293 	.db #0x70	; 112	'p'
      0000DF 70                     294 	.db #0x70	; 112	'p'
      0000E0 63                     295 	.db #0x63	; 99	'c'
      0000E1 1F                     296 	.db #0x1f	; 31
      0000E2 61                     297 	.db #0x61	; 97	'a'
      0000E3 1F                     298 	.db #0x1f	; 31
      0000E4 30                     299 	.db #0x30	; 48	'0'
      0000E5 0F                     300 	.db #0x0f	; 15
      0000E6 01                     301 	.db #0x01	; 1
      0000E7 07                     302 	.db #0x07	; 7
      0000E8 0C                     303 	.db #0x0c	; 12
      0000E9 0F                     304 	.db #0x0f	; 15
      0000EA 1E                     305 	.db #0x1e	; 30
      0000EB 1F                     306 	.db #0x1f	; 31
      0000EC 1E                     307 	.db #0x1e	; 30
      0000ED 1E                     308 	.db #0x1e	; 30
      0000EE 00                     309 	.db #0x00	; 0
      0000EF 00                     310 	.db #0x00	; 0
      0000F0 E4                     311 	.db #0xe4	; 228
      0000F1 F8                     312 	.db #0xf8	; 248
      0000F2 CE                     313 	.db #0xce	; 206
      0000F3 F0                     314 	.db #0xf0	; 240
      0000F4 8C                     315 	.db #0x8c	; 140
      0000F5 70                     316 	.db #0x70	; 112	'p'
      0000F6 A0                     317 	.db #0xa0	; 160
      0000F7 E0                     318 	.db #0xe0	; 224
      0000F8 08                     319 	.db #0x08	; 8
      0000F9 F8                     320 	.db #0xf8	; 248
      0000FA 18                     321 	.db #0x18	; 24
      0000FB F8                     322 	.db #0xf8	; 248
      0000FC 00                     323 	.db #0x00	; 0
      0000FD 00                     324 	.db #0x00	; 0
      0000FE 00                     325 	.db #0x00	; 0
      0000FF 00                     326 	.db #0x00	; 0
      000100 03                     327 	.db #0x03	; 3
      000101 0D                     328 	.db #0x0d	; 13
      000102 07                     329 	.db #0x07	; 7
      000103 18                     330 	.db #0x18	; 24
      000104 07                     331 	.db #0x07	; 7
      000105 08                     332 	.db #0x08	; 8
      000106 03                     333 	.db #0x03	; 3
      000107 07                     334 	.db #0x07	; 7
      000108 00                     335 	.db #0x00	; 0
      000109 0F                     336 	.db #0x0f	; 15
      00010A 11                     337 	.db #0x11	; 17
      00010B 1F                     338 	.db #0x1f	; 31
      00010C 18                     339 	.db #0x18	; 24
      00010D 1E                     340 	.db #0x1e	; 30
      00010E 00                     341 	.db #0x00	; 0
      00010F 00                     342 	.db #0x00	; 0
      000110 E8                     343 	.db #0xe8	; 232
      000111 F0                     344 	.db #0xf0	; 240
      000112 D8                     345 	.db #0xd8	; 216
      000113 E0                     346 	.db #0xe0	; 224
      000114 10                     347 	.db #0x10	; 16
      000115 E0                     348 	.db #0xe0	; 224
      000116 F0                     349 	.db #0xf0	; 240
      000117 30                     350 	.db #0x30	; 48	'0'
      000118 FC                     351 	.db #0xfc	; 252
      000119 FC                     352 	.db #0xfc	; 252
      00011A FC                     353 	.db #0xfc	; 252
      00011B FC                     354 	.db #0xfc	; 252
      00011C 18                     355 	.db #0x18	; 24
      00011D 18                     356 	.db #0x18	; 24
      00011E 00                     357 	.db #0x00	; 0
      00011F 00                     358 	.db #0x00	; 0
      000120 00                     359 	.db #0x00	; 0
      000121 00                     360 	.db #0x00	; 0
      000122 03                     361 	.db #0x03	; 3
      000123 03                     362 	.db #0x03	; 3
      000124 06                     363 	.db #0x06	; 6
      000125 07                     364 	.db #0x07	; 7
      000126 0F                     365 	.db #0x0f	; 15
      000127 0E                     366 	.db #0x0e	; 14
      000128 07                     367 	.db #0x07	; 7
      000129 0C                     368 	.db #0x0c	; 12
      00012A 07                     369 	.db #0x07	; 7
      00012B 0D                     370 	.db #0x0d	; 13
      00012C 0F                     371 	.db #0x0f	; 15
      00012D 0F                     372 	.db #0x0f	; 15
      00012E 03                     373 	.db #0x03	; 3
      00012F 0F                     374 	.db #0x0f	; 15
      000130 00                     375 	.db #0x00	; 0
      000131 1F                     376 	.db #0x1f	; 31
      000132 18                     377 	.db #0x18	; 24
      000133 07                     378 	.db #0x07	; 7
      000134 3D                     379 	.db #0x3d	; 61
      000135 03                     380 	.db #0x03	; 3
      000136 3E                     381 	.db #0x3e	; 62
      000137 07                     382 	.db #0x07	; 7
      000138 08                     383 	.db #0x08	; 8
      000139 0F                     384 	.db #0x0f	; 15
      00013A 04                     385 	.db #0x04	; 4
      00013B 07                     386 	.db #0x07	; 7
      00013C 04                     387 	.db #0x04	; 4
      00013D 06                     388 	.db #0x06	; 6
      00013E 00                     389 	.db #0x00	; 0
      00013F 00                     390 	.db #0x00	; 0
      000140 00                     391 	.db #0x00	; 0
      000141 00                     392 	.db #0x00	; 0
      000142 E0                     393 	.db #0xe0	; 224
      000143 E0                     394 	.db #0xe0	; 224
      000144 10                     395 	.db #0x10	; 16
      000145 F0                     396 	.db #0xf0	; 240
      000146 E0                     397 	.db #0xe0	; 224
      000147 10                     398 	.db #0x10	; 16
      000148 E0                     399 	.db #0xe0	; 224
      000149 D0                     400 	.db #0xd0	; 208
      00014A 20                     401 	.db #0x20	; 32
      00014B F0                     402 	.db #0xf0	; 240
      00014C F0                     403 	.db #0xf0	; 240
      00014D F0                     404 	.db #0xf0	; 240
      00014E E0                     405 	.db #0xe0	; 224
      00014F F0                     406 	.db #0xf0	; 240
      000150 80                     407 	.db #0x80	; 128
      000151 70                     408 	.db #0x70	; 112	'p'
      000152 10                     409 	.db #0x10	; 16
      000153 E0                     410 	.db #0xe0	; 224
      000154 F8                     411 	.db #0xf8	; 248
      000155 20                     412 	.db #0x20	; 32
      000156 38                     413 	.db #0x38	; 56	'8'
      000157 E0                     414 	.db #0xe0	; 224
      000158 60                     415 	.db #0x60	; 96
      000159 E0                     416 	.db #0xe0	; 224
      00015A E0                     417 	.db #0xe0	; 224
      00015B E0                     418 	.db #0xe0	; 224
      00015C C0                     419 	.db #0xc0	; 192
      00015D C0                     420 	.db #0xc0	; 192
      00015E 00                     421 	.db #0x00	; 0
      00015F 00                     422 	.db #0x00	; 0
      000160 63                     423 	.db #0x63	; 99	'c'
      000161 1F                     424 	.db #0x1f	; 31
      000162 61                     425 	.db #0x61	; 97	'a'
      000163 1F                     426 	.db #0x1f	; 31
      000164 30                     427 	.db #0x30	; 48	'0'
      000165 0F                     428 	.db #0x0f	; 15
      000166 0B                     429 	.db #0x0b	; 11
      000167 07                     430 	.db #0x07	; 7
      000168 04                     431 	.db #0x04	; 4
      000169 07                     432 	.db #0x07	; 7
      00016A 00                     433 	.db #0x00	; 0
      00016B 07                     434 	.db #0x07	; 7
      00016C 00                     435 	.db #0x00	; 0
      00016D 07                     436 	.db #0x07	; 7
      00016E 03                     437 	.db #0x03	; 3
      00016F 07                     438 	.db #0x07	; 7
      000170 E4                     439 	.db #0xe4	; 228
      000171 F8                     440 	.db #0xf8	; 248
      000172 CE                     441 	.db #0xce	; 206
      000173 F0                     442 	.db #0xf0	; 240
      000174 8C                     443 	.db #0x8c	; 140
      000175 70                     444 	.db #0x70	; 112	'p'
      000176 E0                     445 	.db #0xe0	; 224
      000177 20                     446 	.db #0x20	; 32
      000178 20                     447 	.db #0x20	; 32
      000179 E0                     448 	.db #0xe0	; 224
      00017A 60                     449 	.db #0x60	; 96
      00017B F0                     450 	.db #0xf0	; 240
      00017C F0                     451 	.db #0xf0	; 240
      00017D F0                     452 	.db #0xf0	; 240
      00017E 30                     453 	.db #0x30	; 48	'0'
      00017F 70                     454 	.db #0x70	; 112	'p'
      000180                        455 _idle0:
      000180 00                     456 	.db #0x00	;  0
      000181 F8                     457 	.db #0xf8	; -8
      000182 00                     458 	.db #0x00	; 0
      000183 00                     459 	.db #0x00	; 0
      000184 08                     460 	.db #0x08	;  8
      000185 00                     461 	.db #0x00	;  0
      000186 01                     462 	.db #0x01	; 1
      000187 00                     463 	.db #0x00	; 0
      000188 F8                     464 	.db #0xf8	; -8
      000189 08                     465 	.db #0x08	;  8
      00018A 02                     466 	.db #0x02	; 2
      00018B 00                     467 	.db #0x00	; 0
      00018C 08                     468 	.db #0x08	;  8
      00018D 00                     469 	.db #0x00	;  0
      00018E 03                     470 	.db #0x03	; 3
      00018F 00                     471 	.db #0x00	; 0
      000190 80                     472 	.db #0x80	; -128
      000191 00                     473 	.db #0x00	;  0
      000192 00                     474 	.db #0x00	; 0
      000193 00                     475 	.db #0x00	; 0
      000194                        476 _idle1:
      000194 01                     477 	.db #0x01	;  1
      000195 F8                     478 	.db #0xf8	; -8
      000196 00                     479 	.db #0x00	; 0
      000197 00                     480 	.db #0x00	; 0
      000198 07                     481 	.db #0x07	;  7
      000199 00                     482 	.db #0x00	;  0
      00019A 01                     483 	.db #0x01	; 1
      00019B 00                     484 	.db #0x00	; 0
      00019C F9                     485 	.db #0xf9	; -7
      00019D 08                     486 	.db #0x08	;  8
      00019E 02                     487 	.db #0x02	; 2
      00019F 00                     488 	.db #0x00	; 0
      0001A0 07                     489 	.db #0x07	;  7
      0001A1 00                     490 	.db #0x00	;  0
      0001A2 03                     491 	.db #0x03	; 3
      0001A3 00                     492 	.db #0x00	; 0
      0001A4 80                     493 	.db #0x80	; -128
      0001A5 00                     494 	.db #0x00	;  0
      0001A6 00                     495 	.db #0x00	; 0
      0001A7 00                     496 	.db #0x00	; 0
      0001A8                        497 _idle2:
      0001A8 01                     498 	.db #0x01	;  1
      0001A9 F8                     499 	.db #0xf8	; -8
      0001AA 00                     500 	.db #0x00	; 0
      0001AB 00                     501 	.db #0x00	; 0
      0001AC 07                     502 	.db #0x07	;  7
      0001AD 00                     503 	.db #0x00	;  0
      0001AE 0C                     504 	.db #0x0c	; 12
      0001AF 00                     505 	.db #0x00	; 0
      0001B0 F9                     506 	.db #0xf9	; -7
      0001B1 08                     507 	.db #0x08	;  8
      0001B2 02                     508 	.db #0x02	; 2
      0001B3 00                     509 	.db #0x00	; 0
      0001B4 07                     510 	.db #0x07	;  7
      0001B5 00                     511 	.db #0x00	;  0
      0001B6 0D                     512 	.db #0x0d	; 13
      0001B7 00                     513 	.db #0x00	; 0
      0001B8 80                     514 	.db #0x80	; -128
      0001B9 00                     515 	.db #0x00	;  0
      0001BA 00                     516 	.db #0x00	; 0
      0001BB 00                     517 	.db #0x00	; 0
      0001BC                        518 _idle3:
      0001BC 00                     519 	.db #0x00	;  0
      0001BD F8                     520 	.db #0xf8	; -8
      0001BE 00                     521 	.db #0x00	; 0
      0001BF 00                     522 	.db #0x00	; 0
      0001C0 08                     523 	.db #0x08	;  8
      0001C1 00                     524 	.db #0x00	;  0
      0001C2 0C                     525 	.db #0x0c	; 12
      0001C3 00                     526 	.db #0x00	; 0
      0001C4 F8                     527 	.db #0xf8	; -8
      0001C5 08                     528 	.db #0x08	;  8
      0001C6 02                     529 	.db #0x02	; 2
      0001C7 00                     530 	.db #0x00	; 0
      0001C8 08                     531 	.db #0x08	;  8
      0001C9 00                     532 	.db #0x00	;  0
      0001CA 0D                     533 	.db #0x0d	; 13
      0001CB 00                     534 	.db #0x00	; 0
      0001CC 80                     535 	.db #0x80	; -128
      0001CD 00                     536 	.db #0x00	;  0
      0001CE 00                     537 	.db #0x00	; 0
      0001CF 00                     538 	.db #0x00	; 0
      0001D0                        539 _idle_metasprites:
      0001D0r80r01                  540 	.dw _idle0
      0001D2r94r01                  541 	.dw _idle1
      0001D4rA8r01                  542 	.dw _idle2
      0001D6rBCr01                  543 	.dw _idle3
      0001D8                        544 _idle_speed:
      0001D8 1E                     545 	.db #0x1e	; 30
      0001D9 05                     546 	.db #0x05	; 5
      0001DA 05                     547 	.db #0x05	; 5
      0001DB 05                     548 	.db #0x05	; 5
      0001DC                        549 _run0:
      0001DC 00                     550 	.db #0x00	;  0
      0001DD F8                     551 	.db #0xf8	; -8
      0001DE 04                     552 	.db #0x04	; 4
      0001DF 00                     553 	.db #0x00	; 0
      0001E0 08                     554 	.db #0x08	;  8
      0001E1 00                     555 	.db #0x00	;  0
      0001E2 05                     556 	.db #0x05	; 5
      0001E3 00                     557 	.db #0x00	; 0
      0001E4 F8                     558 	.db #0xf8	; -8
      0001E5 08                     559 	.db #0x08	;  8
      0001E6 06                     560 	.db #0x06	; 6
      0001E7 00                     561 	.db #0x00	; 0
      0001E8 08                     562 	.db #0x08	;  8
      0001E9 00                     563 	.db #0x00	;  0
      0001EA 07                     564 	.db #0x07	; 7
      0001EB 00                     565 	.db #0x00	; 0
      0001EC 80                     566 	.db #0x80	; -128
      0001ED 00                     567 	.db #0x00	;  0
      0001EE 00                     568 	.db #0x00	; 0
      0001EF 00                     569 	.db #0x00	; 0
      0001F0                        570 _run1:
      0001F0 00                     571 	.db #0x00	;  0
      0001F1 F8                     572 	.db #0xf8	; -8
      0001F2 00                     573 	.db #0x00	; 0
      0001F3 00                     574 	.db #0x00	; 0
      0001F4 08                     575 	.db #0x08	;  8
      0001F5 00                     576 	.db #0x00	;  0
      0001F6 08                     577 	.db #0x08	; 8
      0001F7 00                     578 	.db #0x00	; 0
      0001F8 F8                     579 	.db #0xf8	; -8
      0001F9 08                     580 	.db #0x08	;  8
      0001FA 02                     581 	.db #0x02	; 2
      0001FB 00                     582 	.db #0x00	; 0
      0001FC 08                     583 	.db #0x08	;  8
      0001FD 00                     584 	.db #0x00	;  0
      0001FE 09                     585 	.db #0x09	; 9
      0001FF 00                     586 	.db #0x00	; 0
      000200 80                     587 	.db #0x80	; -128
      000201 00                     588 	.db #0x00	;  0
      000202 00                     589 	.db #0x00	; 0
      000203 00                     590 	.db #0x00	; 0
      000204                        591 _run2:
      000204 00                     592 	.db #0x00	;  0
      000205 F8                     593 	.db #0xf8	; -8
      000206 00                     594 	.db #0x00	; 0
      000207 00                     595 	.db #0x00	; 0
      000208 08                     596 	.db #0x08	;  8
      000209 00                     597 	.db #0x00	;  0
      00020A 0E                     598 	.db #0x0e	; 14
      00020B 00                     599 	.db #0x00	; 0
      00020C F8                     600 	.db #0xf8	; -8
      00020D 08                     601 	.db #0x08	;  8
      00020E 02                     602 	.db #0x02	; 2
      00020F 00                     603 	.db #0x00	; 0
      000210 08                     604 	.db #0x08	;  8
      000211 00                     605 	.db #0x00	;  0
      000212 0F                     606 	.db #0x0f	; 15
      000213 00                     607 	.db #0x00	; 0
      000214 80                     608 	.db #0x80	; -128
      000215 00                     609 	.db #0x00	;  0
      000216 00                     610 	.db #0x00	; 0
      000217 00                     611 	.db #0x00	; 0
      000218                        612 _run3:
      000218 00                     613 	.db #0x00	;  0
      000219 F8                     614 	.db #0xf8	; -8
      00021A 04                     615 	.db #0x04	; 4
      00021B 00                     616 	.db #0x00	; 0
      00021C 08                     617 	.db #0x08	;  8
      00021D 00                     618 	.db #0x00	;  0
      00021E 05                     619 	.db #0x05	; 5
      00021F 00                     620 	.db #0x00	; 0
      000220 F8                     621 	.db #0xf8	; -8
      000221 08                     622 	.db #0x08	;  8
      000222 06                     623 	.db #0x06	; 6
      000223 00                     624 	.db #0x00	; 0
      000224 08                     625 	.db #0x08	;  8
      000225 00                     626 	.db #0x00	;  0
      000226 07                     627 	.db #0x07	; 7
      000227 00                     628 	.db #0x00	; 0
      000228 80                     629 	.db #0x80	; -128
      000229 00                     630 	.db #0x00	;  0
      00022A 00                     631 	.db #0x00	; 0
      00022B 00                     632 	.db #0x00	; 0
      00022C                        633 _run4:
      00022C 00                     634 	.db #0x00	;  0
      00022D F8                     635 	.db #0xf8	; -8
      00022E 00                     636 	.db #0x00	; 0
      00022F 00                     637 	.db #0x00	; 0
      000230 08                     638 	.db #0x08	;  8
      000231 00                     639 	.db #0x00	;  0
      000232 0A                     640 	.db #0x0a	; 10
      000233 00                     641 	.db #0x00	; 0
      000234 F8                     642 	.db #0xf8	; -8
      000235 08                     643 	.db #0x08	;  8
      000236 02                     644 	.db #0x02	; 2
      000237 00                     645 	.db #0x00	; 0
      000238 08                     646 	.db #0x08	;  8
      000239 00                     647 	.db #0x00	;  0
      00023A 0B                     648 	.db #0x0b	; 11
      00023B 00                     649 	.db #0x00	; 0
      00023C 80                     650 	.db #0x80	; -128
      00023D 00                     651 	.db #0x00	;  0
      00023E 00                     652 	.db #0x00	; 0
      00023F 00                     653 	.db #0x00	; 0
      000240                        654 _run5:
      000240 00                     655 	.db #0x00	;  0
      000241 F8                     656 	.db #0xf8	; -8
      000242 00                     657 	.db #0x00	; 0
      000243 00                     658 	.db #0x00	; 0
      000244 08                     659 	.db #0x08	;  8
      000245 00                     660 	.db #0x00	;  0
      000246 10                     661 	.db #0x10	; 16
      000247 00                     662 	.db #0x00	; 0
      000248 F8                     663 	.db #0xf8	; -8
      000249 08                     664 	.db #0x08	;  8
      00024A 02                     665 	.db #0x02	; 2
      00024B 00                     666 	.db #0x00	; 0
      00024C 08                     667 	.db #0x08	;  8
      00024D 00                     668 	.db #0x00	;  0
      00024E 11                     669 	.db #0x11	; 17
      00024F 00                     670 	.db #0x00	; 0
      000250 80                     671 	.db #0x80	; -128
      000251 00                     672 	.db #0x00	;  0
      000252 00                     673 	.db #0x00	; 0
      000253 00                     674 	.db #0x00	; 0
      000254                        675 _run_metasprites:
      000254rDCr01                  676 	.dw _run0
      000256rF0r01                  677 	.dw _run1
      000258r04r02                  678 	.dw _run2
      00025Ar18r02                  679 	.dw _run3
      00025Cr2Cr02                  680 	.dw _run4
      00025Er40r02                  681 	.dw _run5
      000260                        682 _run_speed:
      000260 05                     683 	.db #0x05	; 5
      000261 02                     684 	.db #0x02	; 2
      000262 07                     685 	.db #0x07	; 7
      000263 05                     686 	.db #0x05	; 5
      000264 02                     687 	.db #0x02	; 2
      000265 07                     688 	.db #0x07	; 7
      000266                        689 _jump0:
      000266 00                     690 	.db #0x00	;  0
      000267 F8                     691 	.db #0xf8	; -8
      000268 12                     692 	.db #0x12	; 18
      000269 00                     693 	.db #0x00	; 0
      00026A 08                     694 	.db #0x08	;  8
      00026B 00                     695 	.db #0x00	;  0
      00026C 13                     696 	.db #0x13	; 19
      00026D 00                     697 	.db #0x00	; 0
      00026E F8                     698 	.db #0xf8	; -8
      00026F 08                     699 	.db #0x08	;  8
      000270 14                     700 	.db #0x14	; 20
      000271 00                     701 	.db #0x00	; 0
      000272 08                     702 	.db #0x08	;  8
      000273 00                     703 	.db #0x00	;  0
      000274 15                     704 	.db #0x15	; 21
      000275 00                     705 	.db #0x00	; 0
      000276 80                     706 	.db #0x80	; -128
      000277 00                     707 	.db #0x00	;  0
      000278 00                     708 	.db #0x00	; 0
      000279 00                     709 	.db #0x00	; 0
      00027A                        710 _jump_metasprites:
      00027Ar66r02                  711 	.dw _jump0
      00027C                        712 _jump_speed:
      00027C 64                     713 	.db #0x64	; 100	'd'
      00027D                        714 _fall0:
      00027D 00                     715 	.db #0x00	;  0
      00027E F8                     716 	.db #0xf8	; -8
      00027F 00                     717 	.db #0x00	; 0
      000280 00                     718 	.db #0x00	; 0
      000281 08                     719 	.db #0x08	;  8
      000282 00                     720 	.db #0x00	;  0
      000283 16                     721 	.db #0x16	; 22
      000284 00                     722 	.db #0x00	; 0
      000285 F8                     723 	.db #0xf8	; -8
      000286 08                     724 	.db #0x08	;  8
      000287 02                     725 	.db #0x02	; 2
      000288 00                     726 	.db #0x00	; 0
      000289 08                     727 	.db #0x08	;  8
      00028A 00                     728 	.db #0x00	;  0
      00028B 17                     729 	.db #0x17	; 23
      00028C 00                     730 	.db #0x00	; 0
      00028D 80                     731 	.db #0x80	; -128
      00028E 00                     732 	.db #0x00	;  0
      00028F 00                     733 	.db #0x00	; 0
      000290 00                     734 	.db #0x00	; 0
      000291                        735 _fall_metasprites:
      000291r7Dr02                  736 	.dw _fall0
      000293                        737 _fall_speed:
      000293 64                     738 	.db #0x64	; 100	'd'
      000294                        739 _hurt0:
      000294 01                     740 	.db #0x01	;  1
      000295 F8                     741 	.db #0xf8	; -8
      000296 00                     742 	.db #0x00	; 0
      000297 00                     743 	.db #0x00	; 0
      000298 07                     744 	.db #0x07	;  7
      000299 00                     745 	.db #0x00	;  0
      00029A 16                     746 	.db #0x16	; 22
      00029B 00                     747 	.db #0x00	; 0
      00029C F9                     748 	.db #0xf9	; -7
      00029D 08                     749 	.db #0x08	;  8
      00029E 02                     750 	.db #0x02	; 2
      00029F 00                     751 	.db #0x00	; 0
      0002A0 07                     752 	.db #0x07	;  7
      0002A1 00                     753 	.db #0x00	;  0
      0002A2 17                     754 	.db #0x17	; 23
      0002A3 00                     755 	.db #0x00	; 0
      0002A4 80                     756 	.db #0x80	; -128
      0002A5 00                     757 	.db #0x00	;  0
      0002A6 00                     758 	.db #0x00	; 0
      0002A7 00                     759 	.db #0x00	; 0
      0002A8                        760 _hurt_metasprites:
      0002A8r7Dr02                  761 	.dw _fall0
      0002AA                        762 _hurt_speed:
      0002AA 64                     763 	.db #0x64	; 100	'd'
      0002AB                        764 _metasprites_states:
      0002ABrD0r01                  765 	.dw _idle_metasprites
      0002ADr54r02                  766 	.dw _run_metasprites
      0002AFr7Ar02                  767 	.dw _jump_metasprites
      0002B1r91r02                  768 	.dw _fall_metasprites
      0002B3rA8r02                  769 	.dw _hurt_metasprites
      0002B5                        770 _metasprites_speeds:
      0002B5rD8r01                  771 	.dw _idle_speed
      0002B7r60r02                  772 	.dw _run_speed
      0002B9r7Cr02                  773 	.dw _jump_speed
      0002BBr93r02                  774 	.dw _fall_speed
      0002BDrAAr02                  775 	.dw _hurt_speed
      0002BF                        776 _frames_in_state:
      0002BF 04                     777 	.db #0x04	; 4
      0002C0 06                     778 	.db #0x06	; 6
      0002C1 01                     779 	.db #0x01	; 1
      0002C2 01                     780 	.db #0x01	; 1
      0002C3 01                     781 	.db #0x01	; 1
                                    782 	.area _INITIALIZER
                                    783 	.area _CABS (ABS)
