                                      1 ;--------------------------------------------------------
                                      2 ; File Created by SDCC : free open source ISO C Compiler 
                                      3 ; Version 4.3.2 #14228 (Linux)
                                      4 ;--------------------------------------------------------
                                      5 	.module PlayerSprites_cinematic
                                      6 	.optsdcc -msm83
                                      7 	
                                      8 ;--------------------------------------------------------
                                      9 ; Public variables in this module
                                     10 ;--------------------------------------------------------
                                     11 	.globl _look_up
                                     12 	.globl _fallen
                                     13 	.globl _pull_1
                                     14 	.globl _pull_0
                                     15 	.globl _key_right_1
                                     16 	.globl _key_right_0
                                     17 	.globl _key_left_1
                                     18 	.globl _key_left_0
                                     19 	.globl _playerSprite_extra
                                     20 ;--------------------------------------------------------
                                     21 ; special function registers
                                     22 ;--------------------------------------------------------
                                     23 ;--------------------------------------------------------
                                     24 ; ram data
                                     25 ;--------------------------------------------------------
                                     26 	.area _DATA
                                     27 ;--------------------------------------------------------
                                     28 ; ram data
                                     29 ;--------------------------------------------------------
                                     30 	.area _INITIALIZED
                                     31 ;--------------------------------------------------------
                                     32 ; absolute external ram data
                                     33 ;--------------------------------------------------------
                                     34 	.area _DABS (ABS)
                                     35 ;--------------------------------------------------------
                                     36 ; global & static initialisations
                                     37 ;--------------------------------------------------------
                                     38 	.area _HOME
                                     39 	.area _GSINIT
                                     40 	.area _GSFINAL
                                     41 	.area _GSINIT
                                     42 ;--------------------------------------------------------
                                     43 ; Home
                                     44 ;--------------------------------------------------------
                                     45 	.area _HOME
                                     46 	.area _HOME
                                     47 ;--------------------------------------------------------
                                     48 ; code
                                     49 ;--------------------------------------------------------
                                     50 	.area _CODE
                                     51 	.area _CODE
      000000                         52 _playerSprite_extra:
      000000 E0                      53 	.db #0xe0	; 224
      000001 30                      54 	.db #0x30	; 48	'0'
      000002 C0                      55 	.db #0xc0	; 192
      000003 F8                      56 	.db #0xf8	; 248
      000004 18                      57 	.db #0x18	; 24
      000005 E0                      58 	.db #0xe0	; 224
      000006 38                      59 	.db #0x38	; 56	'8'
      000007 C0                      60 	.db #0xc0	; 192
      000008 F0                      61 	.db #0xf0	; 240
      000009 80                      62 	.db #0x80	; 128
      00000A 60                      63 	.db #0x60	; 96
      00000B F0                      64 	.db #0xf0	; 240
      00000C 00                      65 	.db #0x00	; 0
      00000D F0                      66 	.db #0xf0	; 240
      00000E 30                      67 	.db #0x30	; 48	'0'
      00000F 70                      68 	.db #0x70	; 112	'p'
      000010 E0                      69 	.db #0xe0	; 224
      000011 30                      70 	.db #0x30	; 48	'0'
      000012 C0                      71 	.db #0xc0	; 192
      000013 F8                      72 	.db #0xf8	; 248
      000014 0C                      73 	.db #0x0c	; 12
      000015 F0                      74 	.db #0xf0	; 240
      000016 1C                      75 	.db #0x1c	; 28
      000017 E0                      76 	.db #0xe0	; 224
      000018 F8                      77 	.db #0xf8	; 248
      000019 C0                      78 	.db #0xc0	; 192
      00001A 30                      79 	.db #0x30	; 48	'0'
      00001B F0                      80 	.db #0xf0	; 240
      00001C 00                      81 	.db #0x00	; 0
      00001D F0                      82 	.db #0xf0	; 240
      00001E 30                      83 	.db #0x30	; 48	'0'
      00001F 70                      84 	.db #0x70	; 112	'p'
      000020 00                      85 	.db #0x00	; 0
      000021 00                      86 	.db #0x00	; 0
      000022 01                      87 	.db #0x01	; 1
      000023 01                      88 	.db #0x01	; 1
      000024 07                      89 	.db #0x07	; 7
      000025 07                      90 	.db #0x07	; 7
      000026 0F                      91 	.db #0x0f	; 15
      000027 0F                      92 	.db #0x0f	; 15
      000028 0F                      93 	.db #0x0f	; 15
      000029 0F                      94 	.db #0x0f	; 15
      00002A 0A                      95 	.db #0x0a	; 10
      00002B 0F                      96 	.db #0x0f	; 15
      00002C 0B                      97 	.db #0x0b	; 11
      00002D 0E                      98 	.db #0x0e	; 14
      00002E 07                      99 	.db #0x07	; 7
      00002F 04                     100 	.db #0x04	; 4
      000030 00                     101 	.db #0x00	; 0
      000031 00                     102 	.db #0x00	; 0
      000032 C0                     103 	.db #0xc0	; 192
      000033 C0                     104 	.db #0xc0	; 192
      000034 E0                     105 	.db #0xe0	; 224
      000035 E0                     106 	.db #0xe0	; 224
      000036 F0                     107 	.db #0xf0	; 240
      000037 F0                     108 	.db #0xf0	; 240
      000038 F0                     109 	.db #0xf0	; 240
      000039 F0                     110 	.db #0xf0	; 240
      00003A 10                     111 	.db #0x10	; 16
      00003B F0                     112 	.db #0xf0	; 240
      00003C F0                     113 	.db #0xf0	; 240
      00003D 10                     114 	.db #0x10	; 16
      00003E F0                     115 	.db #0xf0	; 240
      00003F D0                     116 	.db #0xd0	; 208
      000040 07                     117 	.db #0x07	; 7
      000041 0C                     118 	.db #0x0c	; 12
      000042 13                     119 	.db #0x13	; 19
      000043 0F                     120 	.db #0x0f	; 15
      000044 31                     121 	.db #0x31	; 49	'1'
      000045 0E                     122 	.db #0x0e	; 14
      000046 38                     123 	.db #0x38	; 56	'8'
      000047 07                     124 	.db #0x07	; 7
      000048 1B                     125 	.db #0x1b	; 27
      000049 0C                     126 	.db #0x0c	; 12
      00004A 16                     127 	.db #0x16	; 22
      00004B 1F                     128 	.db #0x1f	; 31
      00004C 0E                     129 	.db #0x0e	; 14
      00004D 0E                     130 	.db #0x0e	; 14
      00004E 0E                     131 	.db #0x0e	; 14
      00004F 0E                     132 	.db #0x0e	; 14
      000050 07                     133 	.db #0x07	; 7
      000051 04                     134 	.db #0x04	; 4
      000052 03                     135 	.db #0x03	; 3
      000053 0F                     136 	.db #0x0f	; 15
      000054 11                     137 	.db #0x11	; 17
      000055 0E                     138 	.db #0x0e	; 14
      000056 38                     139 	.db #0x38	; 56	'8'
      000057 07                     140 	.db #0x07	; 7
      000058 3B                     141 	.db #0x3b	; 59
      000059 0C                     142 	.db #0x0c	; 12
      00005A 16                     143 	.db #0x16	; 22
      00005B 1F                     144 	.db #0x1f	; 31
      00005C 0E                     145 	.db #0x0e	; 14
      00005D 0E                     146 	.db #0x0e	; 14
      00005E 0E                     147 	.db #0x0e	; 14
      00005F 0E                     148 	.db #0x0e	; 14
      000060 00                     149 	.db #0x00	; 0
      000061 03                     150 	.db #0x03	; 3
      000062 06                     151 	.db #0x06	; 6
      000063 01                     152 	.db #0x01	; 1
      000064 0F                     153 	.db #0x0f	; 15
      000065 00                     154 	.db #0x00	; 0
      000066 0F                     155 	.db #0x0f	; 15
      000067 10                     156 	.db #0x10	; 16
      000068 07                     157 	.db #0x07	; 7
      000069 39                     158 	.db #0x39	; 57	'9'
      00006A 04                     159 	.db #0x04	; 4
      00006B 3F                     160 	.db #0x3f	; 63
      00006C 0E                     161 	.db #0x0e	; 14
      00006D 7F                     162 	.db #0x7f	; 127
      00006E 5E                     163 	.db #0x5e	; 94
      00006F 7F                     164 	.db #0x7f	; 127
      000070 00                     165 	.db #0x00	; 0
      000071 80                     166 	.db #0x80	; 128
      000072 1C                     167 	.db #0x1c	; 28
      000073 DC                     168 	.db #0xdc	; 220
      000074 7E                     169 	.db #0x7e	; 126
      000075 FE                     170 	.db #0xfe	; 254
      000076 FE                     171 	.db #0xfe	; 254
      000077 FE                     172 	.db #0xfe	; 254
      000078 7F                     173 	.db #0x7f	; 127
      000079 FF                     174 	.db #0xff	; 255
      00007A 7F                     175 	.db #0x7f	; 127
      00007B FF                     176 	.db #0xff	; 255
      00007C 6F                     177 	.db #0x6f	; 111	'o'
      00007D FF                     178 	.db #0xff	; 255
      00007E 36                     179 	.db #0x36	; 54	'6'
      00007F EE                     180 	.db #0xee	; 238
      000080 E0                     181 	.db #0xe0	; 224
      000081 1F                     182 	.db #0x1f	; 31
      000082 E0                     183 	.db #0xe0	; 224
      000083 1F                     184 	.db #0x1f	; 31
      000084 E6                     185 	.db #0xe6	; 230
      000085 1F                     186 	.db #0x1f	; 31
      000086 18                     187 	.db #0x18	; 24
      000087 3F                     188 	.db #0x3f	; 63
      000088 66                     189 	.db #0x66	; 102	'f'
      000089 7F                     190 	.db #0x7f	; 127
      00008A 70                     191 	.db #0x70	; 112	'p'
      00008B 7F                     192 	.db #0x7f	; 127
      00008C F4                     193 	.db #0xf4	; 244
      00008D FF                     194 	.db #0xff	; 255
      00008E 76                     195 	.db #0x76	; 118	'v'
      00008F 77                     196 	.db #0x77	; 119	'w'
      000090 00                     197 	.db #0x00	; 0
      000091 C0                     198 	.db #0xc0	; 192
      000092 00                     199 	.db #0x00	; 0
      000093 C0                     200 	.db #0xc0	; 192
      000094 00                     201 	.db #0x00	; 0
      000095 C0                     202 	.db #0xc0	; 192
      000096 00                     203 	.db #0x00	; 0
      000097 80                     204 	.db #0x80	; 128
      000098 00                     205 	.db #0x00	; 0
      000099 00                     206 	.db #0x00	; 0
      00009A 00                     207 	.db #0x00	; 0
      00009B 00                     208 	.db #0x00	; 0
      00009C 00                     209 	.db #0x00	; 0
      00009D 80                     210 	.db #0x80	; 128
      00009E 00                     211 	.db #0x00	; 0
      00009F 80                     212 	.db #0x80	; 128
      0000A0                        213 _key_left_0:
      0000A0 00                     214 	.db #0x00	;  0
      0000A1 F8                     215 	.db #0xf8	; -8
      0000A2 27                     216 	.db #0x27	; 39
      0000A3 00                     217 	.db #0x00	; 0
      0000A4 08                     218 	.db #0x08	;  8
      0000A5 00                     219 	.db #0x00	;  0
      0000A6 03                     220 	.db #0x03	; 3
      0000A7 20                     221 	.db #0x20	; 32
      0000A8 F8                     222 	.db #0xf8	; -8
      0000A9 08                     223 	.db #0x08	;  8
      0000AA 28                     224 	.db #0x28	; 40
      0000AB 00                     225 	.db #0x00	; 0
      0000AC 08                     226 	.db #0x08	;  8
      0000AD 00                     227 	.db #0x00	;  0
      0000AE 25                     228 	.db #0x25	; 37
      0000AF 00                     229 	.db #0x00	; 0
      0000B0 80                     230 	.db #0x80	; -128
      0000B1 00                     231 	.db #0x00	;  0
      0000B2 00                     232 	.db #0x00	; 0
      0000B3 00                     233 	.db #0x00	; 0
      0000B4                        234 _key_left_1:
      0000B4 00                     235 	.db #0x00	;  0
      0000B5 F8                     236 	.db #0xf8	; -8
      0000B6 27                     237 	.db #0x27	; 39
      0000B7 00                     238 	.db #0x00	; 0
      0000B8 08                     239 	.db #0x08	;  8
      0000B9 00                     240 	.db #0x00	;  0
      0000BA 03                     241 	.db #0x03	; 3
      0000BB 20                     242 	.db #0x20	; 32
      0000BC F8                     243 	.db #0xf8	; -8
      0000BD 08                     244 	.db #0x08	;  8
      0000BE 28                     245 	.db #0x28	; 40
      0000BF 00                     246 	.db #0x00	; 0
      0000C0 08                     247 	.db #0x08	;  8
      0000C1 00                     248 	.db #0x00	;  0
      0000C2 26                     249 	.db #0x26	; 38
      0000C3 00                     250 	.db #0x00	; 0
      0000C4 80                     251 	.db #0x80	; -128
      0000C5 00                     252 	.db #0x00	;  0
      0000C6 00                     253 	.db #0x00	; 0
      0000C7 00                     254 	.db #0x00	; 0
      0000C8                        255 _key_right_0:
      0000C8 00                     256 	.db #0x00	;  0
      0000C9 F8                     257 	.db #0xf8	; -8
      0000CA 28                     258 	.db #0x28	; 40
      0000CB 20                     259 	.db #0x20	; 32
      0000CC 08                     260 	.db #0x08	;  8
      0000CD 00                     261 	.db #0x00	;  0
      0000CE 29                     262 	.db #0x29	; 41
      0000CF 00                     263 	.db #0x00	; 0
      0000D0 F8                     264 	.db #0xf8	; -8
      0000D1 08                     265 	.db #0x08	;  8
      0000D2 27                     266 	.db #0x27	; 39
      0000D3 20                     267 	.db #0x20	; 32
      0000D4 08                     268 	.db #0x08	;  8
      0000D5 00                     269 	.db #0x00	;  0
      0000D6 01                     270 	.db #0x01	; 1
      0000D7 20                     271 	.db #0x20	; 32
      0000D8 80                     272 	.db #0x80	; -128
      0000D9 00                     273 	.db #0x00	;  0
      0000DA 00                     274 	.db #0x00	; 0
      0000DB 00                     275 	.db #0x00	; 0
      0000DC                        276 _key_right_1:
      0000DC 00                     277 	.db #0x00	;  0
      0000DD F8                     278 	.db #0xf8	; -8
      0000DE 28                     279 	.db #0x28	; 40
      0000DF 20                     280 	.db #0x20	; 32
      0000E0 08                     281 	.db #0x08	;  8
      0000E1 00                     282 	.db #0x00	;  0
      0000E2 2A                     283 	.db #0x2a	; 42
      0000E3 00                     284 	.db #0x00	; 0
      0000E4 F8                     285 	.db #0xf8	; -8
      0000E5 08                     286 	.db #0x08	;  8
      0000E6 27                     287 	.db #0x27	; 39
      0000E7 20                     288 	.db #0x20	; 32
      0000E8 08                     289 	.db #0x08	;  8
      0000E9 00                     290 	.db #0x00	;  0
      0000EA 01                     291 	.db #0x01	; 1
      0000EB 20                     292 	.db #0x20	; 32
      0000EC 80                     293 	.db #0x80	; -128
      0000ED 00                     294 	.db #0x00	;  0
      0000EE 00                     295 	.db #0x00	; 0
      0000EF 00                     296 	.db #0x00	; 0
      0000F0                        297 _pull_0:
      0000F0 00                     298 	.db #0x00	;  0
      0000F1 F8                     299 	.db #0xf8	; -8
      0000F2 28                     300 	.db #0x28	; 40
      0000F3 20                     301 	.db #0x20	; 32
      0000F4 08                     302 	.db #0x08	;  8
      0000F5 00                     303 	.db #0x00	;  0
      0000F6 2D                     304 	.db #0x2d	; 45
      0000F7 00                     305 	.db #0x00	; 0
      0000F8 F8                     306 	.db #0xf8	; -8
      0000F9 08                     307 	.db #0x08	;  8
      0000FA 27                     308 	.db #0x27	; 39
      0000FB 20                     309 	.db #0x20	; 32
      0000FC 08                     310 	.db #0x08	;  8
      0000FD 00                     311 	.db #0x00	;  0
      0000FE 2E                     312 	.db #0x2e	; 46
      0000FF 00                     313 	.db #0x00	; 0
      000100 80                     314 	.db #0x80	; -128
      000101 00                     315 	.db #0x00	;  0
      000102 00                     316 	.db #0x00	; 0
      000103 00                     317 	.db #0x00	; 0
      000104                        318 _pull_1:
      000104 01                     319 	.db #0x01	;  1
      000105 F8                     320 	.db #0xf8	; -8
      000106 14                     321 	.db #0x14	; 20
      000107 20                     322 	.db #0x20	; 32
      000108 07                     323 	.db #0x07	;  7
      000109 00                     324 	.db #0x00	;  0
      00010A 2D                     325 	.db #0x2d	; 45
      00010B 00                     326 	.db #0x00	; 0
      00010C F9                     327 	.db #0xf9	; -7
      00010D 08                     328 	.db #0x08	;  8
      00010E 12                     329 	.db #0x12	; 18
      00010F 20                     330 	.db #0x20	; 32
      000110 07                     331 	.db #0x07	;  7
      000111 00                     332 	.db #0x00	;  0
      000112 2E                     333 	.db #0x2e	; 46
      000113 00                     334 	.db #0x00	; 0
      000114 80                     335 	.db #0x80	; -128
      000115 00                     336 	.db #0x00	;  0
      000116 00                     337 	.db #0x00	; 0
      000117 00                     338 	.db #0x00	; 0
      000118                        339 _fallen:
      000118 00                     340 	.db #0x00	;  0
      000119 F8                     341 	.db #0xf8	; -8
      00011A 2B                     342 	.db #0x2b	; 43
      00011B 00                     343 	.db #0x00	; 0
      00011C 00                     344 	.db #0x00	;  0
      00011D 08                     345 	.db #0x08	;  8
      00011E 2C                     346 	.db #0x2c	; 44
      00011F 00                     347 	.db #0x00	; 0
      000120 80                     348 	.db #0x80	; -128
      000121 00                     349 	.db #0x00	;  0
      000122 00                     350 	.db #0x00	; 0
      000123 00                     351 	.db #0x00	; 0
      000124                        352 _look_up:
      000124 01                     353 	.db #0x01	;  1
      000125 F8                     354 	.db #0xf8	; -8
      000126 12                     355 	.db #0x12	; 18
      000127 00                     356 	.db #0x00	; 0
      000128 07                     357 	.db #0x07	;  7
      000129 00                     358 	.db #0x00	;  0
      00012A 01                     359 	.db #0x01	; 1
      00012B 00                     360 	.db #0x00	; 0
      00012C F9                     361 	.db #0xf9	; -7
      00012D 08                     362 	.db #0x08	;  8
      00012E 14                     363 	.db #0x14	; 20
      00012F 00                     364 	.db #0x00	; 0
      000130 07                     365 	.db #0x07	;  7
      000131 00                     366 	.db #0x00	;  0
      000132 03                     367 	.db #0x03	; 3
      000133 00                     368 	.db #0x00	; 0
      000134 80                     369 	.db #0x80	; -128
      000135 00                     370 	.db #0x00	;  0
      000136 00                     371 	.db #0x00	; 0
      000137 00                     372 	.db #0x00	; 0
                                    373 	.area _INITIALIZER
                                    374 	.area _CABS (ABS)
