                                      1 ;--------------------------------------------------------
                                      2 ; File Created by SDCC : free open source ANSI-C Compiler
                                      3 ; Version 4.1.6 #12539 (MINGW32)
                                      4 ;--------------------------------------------------------
                                      5 	.module Sfx
                                      6 	.optsdcc -mgbz80
                                      7 	
                                      8 ;--------------------------------------------------------
                                      9 ; Public variables in this module
                                     10 ;--------------------------------------------------------
                                     11 	.globl _Sfx
                                     12 ;--------------------------------------------------------
                                     13 ; special function registers
                                     14 ;--------------------------------------------------------
                                     15 ;--------------------------------------------------------
                                     16 ; ram data
                                     17 ;--------------------------------------------------------
                                     18 	.area _DATA
                                     19 ;--------------------------------------------------------
                                     20 ; ram data
                                     21 ;--------------------------------------------------------
                                     22 	.area _INITIALIZED
                                     23 ;--------------------------------------------------------
                                     24 ; absolute external ram data
                                     25 ;--------------------------------------------------------
                                     26 	.area _DABS (ABS)
                                     27 ;--------------------------------------------------------
                                     28 ; global & static initialisations
                                     29 ;--------------------------------------------------------
                                     30 	.area _HOME
                                     31 	.area _GSINIT
                                     32 	.area _GSFINAL
                                     33 	.area _GSINIT
                                     34 ;--------------------------------------------------------
                                     35 ; Home
                                     36 ;--------------------------------------------------------
                                     37 	.area _HOME
                                     38 	.area _HOME
                                     39 ;--------------------------------------------------------
                                     40 ; code
                                     41 ;--------------------------------------------------------
                                     42 	.area _CODE
                                     43 	.area _CODE
                           000000    44 G$Sfx$0_0$0 == .
      000000                         45 _Sfx:
      000000 00                      46 	.db #0x00	; 0
      000001 00                      47 	.db #0x00	; 0
      000002 00                      48 	.db #0x00	; 0
      000003 00                      49 	.db #0x00	; 0
      000004 00                      50 	.db #0x00	; 0
      000005 00                      51 	.db #0x00	; 0
      000006 00                      52 	.db #0x00	; 0
      000007 00                      53 	.db #0x00	; 0
      000008 00                      54 	.db #0x00	; 0
      000009 00                      55 	.db #0x00	; 0
      00000A 00                      56 	.db #0x00	; 0
      00000B 00                      57 	.db #0x00	; 0
      00000C 00                      58 	.db #0x00	; 0
      00000D 00                      59 	.db #0x00	; 0
      00000E 02                      60 	.db #0x02	; 2
      00000F 00                      61 	.db #0x00	; 0
      000010 00                      62 	.db #0x00	; 0
      000011 00                      63 	.db #0x00	; 0
      000012 00                      64 	.db #0x00	; 0
      000013 00                      65 	.db #0x00	; 0
      000014 00                      66 	.db #0x00	; 0
      000015 00                      67 	.db #0x00	; 0
      000016 00                      68 	.db #0x00	; 0
      000017 00                      69 	.db #0x00	; 0
      000018 00                      70 	.db #0x00	; 0
      000019 00                      71 	.db #0x00	; 0
      00001A 0C                      72 	.db #0x0c	; 12
      00001B 00                      73 	.db #0x00	; 0
      00001C 0C                      74 	.db #0x0c	; 12
      00001D 00                      75 	.db #0x00	; 0
      00001E 00                      76 	.db #0x00	; 0
      00001F 00                      77 	.db #0x00	; 0
      000020 00                      78 	.db #0x00	; 0
      000021 00                      79 	.db #0x00	; 0
      000022 00                      80 	.db #0x00	; 0
      000023 00                      81 	.db #0x00	; 0
      000024 00                      82 	.db #0x00	; 0
      000025 00                      83 	.db #0x00	; 0
      000026 00                      84 	.db #0x00	; 0
      000027 00                      85 	.db #0x00	; 0
      000028 08                      86 	.db #0x08	; 8
      000029 00                      87 	.db #0x00	; 0
      00002A 60                      88 	.db #0x60	; 96
      00002B 00                      89 	.db #0x00	; 0
      00002C 40                      90 	.db #0x40	; 64
      00002D 00                      91 	.db #0x00	; 0
      00002E 00                      92 	.db #0x00	; 0
      00002F 00                      93 	.db #0x00	; 0
                                     94 	.area _INITIALIZER
                                     95 	.area _CABS (ABS)
