                                      1 ;--------------------------------------------------------
                                      2 ; File Created by SDCC : free open source ISO C Compiler 
                                      3 ; Version 4.3.2 #14228 (Linux)
                                      4 ;--------------------------------------------------------
                                      5 	.module soundfx
                                      6 	.optsdcc -msm83
                                      7 	
                                      8 ;--------------------------------------------------------
                                      9 ; Public variables in this module
                                     10 ;--------------------------------------------------------
                                     11 	.globl _soundfx_38
                                     12 	.globl _soundfx_37
                                     13 	.globl _soundfx_2d
                                     14 	.globl _soundfx_2b
                                     15 	.globl _soundfx_2a
                                     16 	.globl _soundfx_1a
                                     17 	.globl _soundfx_15
                                     18 	.globl _soundfx_0d
                                     19 	.globl _soundfx_0b
                                     20 	.globl _soundfx_08
                                     21 	.globl _soundfx_01
                                     22 	.globl b___func_soundfx_38
                                     23 	.globl ___func_soundfx_38
                                     24 	.globl b___func_soundfx_37
                                     25 	.globl ___func_soundfx_37
                                     26 	.globl b___func_soundfx_2d
                                     27 	.globl ___func_soundfx_2d
                                     28 	.globl b___func_soundfx_2b
                                     29 	.globl ___func_soundfx_2b
                                     30 	.globl b___func_soundfx_2a
                                     31 	.globl ___func_soundfx_2a
                                     32 	.globl b___func_soundfx_1a
                                     33 	.globl ___func_soundfx_1a
                                     34 	.globl b___func_soundfx_15
                                     35 	.globl ___func_soundfx_15
                                     36 	.globl b___func_soundfx_0d
                                     37 	.globl ___func_soundfx_0d
                                     38 	.globl b___func_soundfx_0b
                                     39 	.globl ___func_soundfx_0b
                                     40 	.globl b___func_soundfx_08
                                     41 	.globl ___func_soundfx_08
                                     42 	.globl b___func_soundfx_01
                                     43 	.globl ___func_soundfx_01
                                     44 	.globl ___mute_mask_soundfx_38
                                     45 	.globl ___mute_mask_soundfx_37
                                     46 	.globl ___mute_mask_soundfx_2d
                                     47 	.globl ___mute_mask_soundfx_2b
                                     48 	.globl ___mute_mask_soundfx_2a
                                     49 	.globl ___mute_mask_soundfx_1a
                                     50 	.globl ___mute_mask_soundfx_15
                                     51 	.globl ___mute_mask_soundfx_0d
                                     52 	.globl ___mute_mask_soundfx_0b
                                     53 	.globl ___mute_mask_soundfx_08
                                     54 	.globl ___mute_mask_soundfx_01
                                     55 ;--------------------------------------------------------
                                     56 ; special function registers
                                     57 ;--------------------------------------------------------
                                     58 ;--------------------------------------------------------
                                     59 ; ram data
                                     60 ;--------------------------------------------------------
                                     61 	.area _DATA
                           000002    62 ___mute_mask_soundfx_01	=	0x0002
                           00000A    63 ___mute_mask_soundfx_08	=	0x000a
                           000002    64 ___mute_mask_soundfx_0b	=	0x0002
                           000002    65 ___mute_mask_soundfx_0d	=	0x0002
                           000002    66 ___mute_mask_soundfx_15	=	0x0002
                           000008    67 ___mute_mask_soundfx_1a	=	0x0008
                           000002    68 ___mute_mask_soundfx_2a	=	0x0002
                           000002    69 ___mute_mask_soundfx_2b	=	0x0002
                           00000A    70 ___mute_mask_soundfx_2d	=	0x000a
                           00000A    71 ___mute_mask_soundfx_37	=	0x000a
                           000002    72 ___mute_mask_soundfx_38	=	0x0002
                                     73 ;--------------------------------------------------------
                                     74 ; ram data
                                     75 ;--------------------------------------------------------
                                     76 	.area _INITIALIZED
                                     77 ;--------------------------------------------------------
                                     78 ; absolute external ram data
                                     79 ;--------------------------------------------------------
                                     80 	.area _DABS (ABS)
                                     81 ;--------------------------------------------------------
                                     82 ; global & static initialisations
                                     83 ;--------------------------------------------------------
                                     84 	.area _HOME
                                     85 	.area _GSINIT
                                     86 	.area _GSFINAL
                                     87 	.area _GSINIT
                                     88 ;--------------------------------------------------------
                                     89 ; Home
                                     90 ;--------------------------------------------------------
                                     91 	.area _HOME
                                     92 	.area _HOME
                                     93 ;--------------------------------------------------------
                                     94 ; code
                                     95 ;--------------------------------------------------------
                                     96 	.area _CODE_255
                                     97 ;res/soundfx.c:6: BANKREF(soundfx_01)
                                     98 ;	---------------------------------
                                     99 ; Function __func_soundfx_01
                                    100 ; ---------------------------------
                           0000FF   101 	b___func_soundfx_01	= 255
      000000                        102 ___func_soundfx_01::
                                    103 	.local b___func_soundfx_01 
                           0000FF   104 	___bank_soundfx_01 = b___func_soundfx_01 
                                    105 	.globl ___bank_soundfx_01 
                                    106 ;res/soundfx.c:16: BANKREF(soundfx_08)
                                    107 ;	---------------------------------
                                    108 ; Function __func_soundfx_08
                                    109 ; ---------------------------------
                           0000FF   110 	b___func_soundfx_08	= 255
      000000                        111 ___func_soundfx_08::
                                    112 	.local b___func_soundfx_08 
                           0000FF   113 	___bank_soundfx_08 = b___func_soundfx_08 
                                    114 	.globl ___bank_soundfx_08 
                                    115 ;res/soundfx.c:30: BANKREF(soundfx_0b)
                                    116 ;	---------------------------------
                                    117 ; Function __func_soundfx_0b
                                    118 ; ---------------------------------
                           0000FF   119 	b___func_soundfx_0b	= 255
      000000                        120 ___func_soundfx_0b::
                                    121 	.local b___func_soundfx_0b 
                           0000FF   122 	___bank_soundfx_0b = b___func_soundfx_0b 
                                    123 	.globl ___bank_soundfx_0b 
                                    124 ;res/soundfx.c:47: BANKREF(soundfx_0d)
                                    125 ;	---------------------------------
                                    126 ; Function __func_soundfx_0d
                                    127 ; ---------------------------------
                           0000FF   128 	b___func_soundfx_0d	= 255
      000000                        129 ___func_soundfx_0d::
                                    130 	.local b___func_soundfx_0d 
                           0000FF   131 	___bank_soundfx_0d = b___func_soundfx_0d 
                                    132 	.globl ___bank_soundfx_0d 
                                    133 ;res/soundfx.c:60: BANKREF(soundfx_15)
                                    134 ;	---------------------------------
                                    135 ; Function __func_soundfx_15
                                    136 ; ---------------------------------
                           0000FF   137 	b___func_soundfx_15	= 255
      000000                        138 ___func_soundfx_15::
                                    139 	.local b___func_soundfx_15 
                           0000FF   140 	___bank_soundfx_15 = b___func_soundfx_15 
                                    141 	.globl ___bank_soundfx_15 
                                    142 ;res/soundfx.c:77: BANKREF(soundfx_1a)
                                    143 ;	---------------------------------
                                    144 ; Function __func_soundfx_1a
                                    145 ; ---------------------------------
                           0000FF   146 	b___func_soundfx_1a	= 255
      000000                        147 ___func_soundfx_1a::
                                    148 	.local b___func_soundfx_1a 
                           0000FF   149 	___bank_soundfx_1a = b___func_soundfx_1a 
                                    150 	.globl ___bank_soundfx_1a 
                                    151 ;res/soundfx.c:88: BANKREF(soundfx_2a)
                                    152 ;	---------------------------------
                                    153 ; Function __func_soundfx_2a
                                    154 ; ---------------------------------
                           0000FF   155 	b___func_soundfx_2a	= 255
      000000                        156 ___func_soundfx_2a::
                                    157 	.local b___func_soundfx_2a 
                           0000FF   158 	___bank_soundfx_2a = b___func_soundfx_2a 
                                    159 	.globl ___bank_soundfx_2a 
                                    160 ;res/soundfx.c:95: BANKREF(soundfx_2b)
                                    161 ;	---------------------------------
                                    162 ; Function __func_soundfx_2b
                                    163 ; ---------------------------------
                           0000FF   164 	b___func_soundfx_2b	= 255
      000000                        165 ___func_soundfx_2b::
                                    166 	.local b___func_soundfx_2b 
                           0000FF   167 	___bank_soundfx_2b = b___func_soundfx_2b 
                                    168 	.globl ___bank_soundfx_2b 
                                    169 ;res/soundfx.c:120: BANKREF(soundfx_2d)
                                    170 ;	---------------------------------
                                    171 ; Function __func_soundfx_2d
                                    172 ; ---------------------------------
                           0000FF   173 	b___func_soundfx_2d	= 255
      000000                        174 ___func_soundfx_2d::
                                    175 	.local b___func_soundfx_2d 
                           0000FF   176 	___bank_soundfx_2d = b___func_soundfx_2d 
                                    177 	.globl ___bank_soundfx_2d 
                                    178 ;res/soundfx.c:131: BANKREF(soundfx_37)
                                    179 ;	---------------------------------
                                    180 ; Function __func_soundfx_37
                                    181 ; ---------------------------------
                           0000FF   182 	b___func_soundfx_37	= 255
      000000                        183 ___func_soundfx_37::
                                    184 	.local b___func_soundfx_37 
                           0000FF   185 	___bank_soundfx_37 = b___func_soundfx_37 
                                    186 	.globl ___bank_soundfx_37 
                                    187 ;res/soundfx.c:142: BANKREF(soundfx_38)
                                    188 ;	---------------------------------
                                    189 ; Function __func_soundfx_38
                                    190 ; ---------------------------------
                           0000FF   191 	b___func_soundfx_38	= 255
      000000                        192 ___func_soundfx_38::
                                    193 	.local b___func_soundfx_38 
                           0000FF   194 	___bank_soundfx_38 = b___func_soundfx_38 
                                    195 	.globl ___bank_soundfx_38 
                                    196 	.area _CODE_255
      000000                        197 _soundfx_01:
      000000 02                     198 	.db #0x02	; 2
      000001 44                     199 	.db #0x44	; 68	'D'
      000002 77                     200 	.db #0x77	; 119	'w'
      000003 79                     201 	.db #0x79	; 121	'y'
      000004 80                     202 	.db #0x80	; 128
      000005 F8                     203 	.db #0xf8	; 248
      000006 9B                     204 	.db #0x9b	; 155
      000007 83                     205 	.db #0x83	; 131
      000008 11                     206 	.db #0x11	; 17
      000009 59                     207 	.db #0x59	; 89	'Y'
      00000A 80                     208 	.db #0x80	; 128
      00000B 23                     209 	.db #0x23	; 35
      00000C 82                     210 	.db #0x82	; 130
      00000D 01                     211 	.db #0x01	; 1
      00000E 79                     212 	.db #0x79	; 121	'y'
      00000F 80                     213 	.db #0x80	; 128
      000010 C8                     214 	.db #0xc8	; 200
      000011 6B                     215 	.db #0x6b	; 107	'k'
      000012 81                     216 	.db #0x81	; 129
      000013 01                     217 	.db #0x01	; 1
      000014 79                     218 	.db #0x79	; 121	'y'
      000015 80                     219 	.db #0x80	; 128
      000016 98                     220 	.db #0x98	; 152
      000017 9C                     221 	.db #0x9c	; 156
      000018 80                     222 	.db #0x80	; 128
      000019 02                     223 	.db #0x02	; 2
      00001A 44                     224 	.db #0x44	; 68	'D'
      00001B FF                     225 	.db #0xff	; 255
      00001C 07                     226 	.db #0x07	; 7
      00001D                        227 _soundfx_08:
      00001D 12                     228 	.db #0x12	; 18
      00001E 79                     229 	.db #0x79	; 121	'y'
      00001F 40                     230 	.db #0x40	; 64
      000020 F8                     231 	.db #0xf8	; 248
      000021 2C                     232 	.db #0x2c	; 44
      000022 80                     233 	.db #0x80	; 128
      000023 7B                     234 	.db #0x7b	; 123
      000024 2A                     235 	.db #0x2a	; 42
      000025 C8                     236 	.db #0xc8	; 200
      000026 80                     237 	.db #0x80	; 128
      000027 80                     238 	.db #0x80	; 128
      000028 02                     239 	.db #0x02	; 2
      000029 69                     240 	.db #0x69	; 105	'i'
      00002A 00                     241 	.db #0x00	; 0
      00002B 08                     242 	.db #0x08	; 8
      00002C 80                     243 	.db #0x80	; 128
      00002D 7B                     244 	.db #0x7b	; 123
      00002E 2A                     245 	.db #0x2a	; 42
      00002F 08                     246 	.db #0x08	; 8
      000030 20                     247 	.db #0x20	; 32
      000031 80                     248 	.db #0x80	; 128
      000032 12                     249 	.db #0x12	; 18
      000033 79                     250 	.db #0x79	; 121	'y'
      000034 40                     251 	.db #0x40	; 64
      000035 F8                     252 	.db #0xf8	; 248
      000036 77                     253 	.db #0x77	; 119	'w'
      000037 82                     254 	.db #0x82	; 130
      000038 7B                     255 	.db #0x7b	; 123
      000039 2A                     256 	.db #0x2a	; 42
      00003A 88                     257 	.db #0x88	; 136
      00003B 60                     258 	.db #0x60	; 96
      00003C 80                     259 	.db #0x80	; 128
      00003D 02                     260 	.db #0x02	; 2
      00003E 79                     261 	.db #0x79	; 121	'y'
      00003F 00                     262 	.db #0x00	; 0
      000040 08                     263 	.db #0x08	; 8
      000041 2C                     264 	.db #0x2c	; 44
      000042 80                     265 	.db #0x80	; 128
      000043 7B                     266 	.db #0x7b	; 123
      000044 2A                     267 	.db #0x2a	; 42
      000045 18                     268 	.db #0x18	; 24
      000046 20                     269 	.db #0x20	; 32
      000047 80                     270 	.db #0x80	; 128
      000048 12                     271 	.db #0x12	; 18
      000049 79                     272 	.db #0x79	; 121	'y'
      00004A 40                     273 	.db #0x40	; 64
      00004B E8                     274 	.db #0xe8	; 232
      00004C 77                     275 	.db #0x77	; 119	'w'
      00004D 82                     276 	.db #0x82	; 130
      00004E 7B                     277 	.db #0x7b	; 123
      00004F 2A                     278 	.db #0x2a	; 42
      000050 88                     279 	.db #0x88	; 136
      000051 60                     280 	.db #0x60	; 96
      000052 80                     281 	.db #0x80	; 128
      000053 12                     282 	.db #0x12	; 18
      000054 79                     283 	.db #0x79	; 121	'y'
      000055 40                     284 	.db #0x40	; 64
      000056 A8                     285 	.db #0xa8	; 168
      000057 56                     286 	.db #0x56	; 86	'V'
      000058 83                     287 	.db #0x83	; 131
      000059 6B                     288 	.db #0x6b	; 107	'k'
      00005A 2A                     289 	.db #0x2a	; 42
      00005B 48                     290 	.db #0x48	; 72	'H'
      00005C 80                     291 	.db #0x80	; 128
      00005D 12                     292 	.db #0x12	; 18
      00005E 44                     293 	.db #0x44	; 68	'D'
      00005F DD                     294 	.db #0xdd	; 221
      000060 7B                     295 	.db #0x7b	; 123
      000061 2A                     296 	.db #0x2a	; 42
      000062 28                     297 	.db #0x28	; 40
      000063 40                     298 	.db #0x40	; 64
      000064 80                     299 	.db #0x80	; 128
      000065 11                     300 	.db #0x11	; 17
      000066 7B                     301 	.db #0x7b	; 123
      000067 2A                     302 	.db #0x2a	; 42
      000068 18                     303 	.db #0x18	; 24
      000069 20                     304 	.db #0x20	; 32
      00006A 80                     305 	.db #0x80	; 128
      00006B 02                     306 	.db #0x02	; 2
      00006C 44                     307 	.db #0x44	; 68	'D'
      00006D FF                     308 	.db #0xff	; 255
      00006E 07                     309 	.db #0x07	; 7
      00006F                        310 _soundfx_0b:
      00006F 02                     311 	.db #0x02	; 2
      000070 44                     312 	.db #0x44	; 68	'D'
      000071 77                     313 	.db #0x77	; 119	'w'
      000072 79                     314 	.db #0x79	; 121	'y'
      000073 40                     315 	.db #0x40	; 64
      000074 B8                     316 	.db #0xb8	; 184
      000075 0A                     317 	.db #0x0a	; 10
      000076 86                     318 	.db #0x86	; 134
      000077 01                     319 	.db #0x01	; 1
      000078 79                     320 	.db #0x79	; 121	'y'
      000079 40                     321 	.db #0x40	; 64
      00007A C8                     322 	.db #0xc8	; 200
      00007B ED                     323 	.db #0xed	; 237
      00007C 85                     324 	.db #0x85	; 133
      00007D 01                     325 	.db #0x01	; 1
      00007E 79                     326 	.db #0x79	; 121	'y'
      00007F 40                     327 	.db #0x40	; 64
      000080 D8                     328 	.db #0xd8	; 216
      000081 CE                     329 	.db #0xce	; 206
      000082 85                     330 	.db #0x85	; 133
      000083 01                     331 	.db #0x01	; 1
      000084 79                     332 	.db #0x79	; 121	'y'
      000085 40                     333 	.db #0x40	; 64
      000086 E8                     334 	.db #0xe8	; 232
      000087 56                     335 	.db #0x56	; 86	'V'
      000088 83                     336 	.db #0x83	; 131
      000089 21                     337 	.db #0x21	; 33
      00008A 79                     338 	.db #0x79	; 121	'y'
      00008B 40                     339 	.db #0x40	; 64
      00008C F8                     340 	.db #0xf8	; 248
      00008D 12                     341 	.db #0x12	; 18
      00008E 83                     342 	.db #0x83	; 131
      00008F 01                     343 	.db #0x01	; 1
      000090 59                     344 	.db #0x59	; 89	'Y'
      000091 40                     345 	.db #0x40	; 64
      000092 C6                     346 	.db #0xc6	; 198
      000093 82                     347 	.db #0x82	; 130
      000094 01                     348 	.db #0x01	; 1
      000095 59                     349 	.db #0x59	; 89	'Y'
      000096 40                     350 	.db #0x40	; 64
      000097 77                     351 	.db #0x77	; 119	'w'
      000098 82                     352 	.db #0x82	; 130
      000099 21                     353 	.db #0x21	; 33
      00009A 79                     354 	.db #0x79	; 121	'y'
      00009B 40                     355 	.db #0x40	; 64
      00009C B8                     356 	.db #0xb8	; 184
      00009D 23                     357 	.db #0x23	; 35
      00009E 82                     358 	.db #0x82	; 130
      00009F 01                     359 	.db #0x01	; 1
      0000A0 79                     360 	.db #0x79	; 121	'y'
      0000A1 40                     361 	.db #0x40	; 64
      0000A2 88                     362 	.db #0x88	; 136
      0000A3 C9                     363 	.db #0xc9	; 201
      0000A4 81                     364 	.db #0x81	; 129
      0000A5 01                     365 	.db #0x01	; 1
      0000A6 79                     366 	.db #0x79	; 121	'y'
      0000A7 40                     367 	.db #0x40	; 64
      0000A8 58                     368 	.db #0x58	; 88	'X'
      0000A9 6B                     369 	.db #0x6b	; 107	'k'
      0000AA 81                     370 	.db #0x81	; 129
      0000AB 01                     371 	.db #0x01	; 1
      0000AC 59                     372 	.db #0x59	; 89	'Y'
      0000AD 40                     373 	.db #0x40	; 64
      0000AE 06                     374 	.db #0x06	; 6
      0000AF 81                     375 	.db #0x81	; 129
      0000B0 02                     376 	.db #0x02	; 2
      0000B1 44                     377 	.db #0x44	; 68	'D'
      0000B2 FF                     378 	.db #0xff	; 255
      0000B3 07                     379 	.db #0x07	; 7
      0000B4                        380 _soundfx_0d:
      0000B4 22                     381 	.db #0x22	; 34
      0000B5 44                     382 	.db #0x44	; 68	'D'
      0000B6 77                     383 	.db #0x77	; 119	'w'
      0000B7 79                     384 	.db #0x79	; 121	'y'
      0000B8 C0                     385 	.db #0xc0	; 192
      0000B9 F8                     386 	.db #0xf8	; 248
      0000BA 83                     387 	.db #0x83	; 131
      0000BB 87                     388 	.db #0x87	; 135
      0000BC 11                     389 	.db #0x11	; 17
      0000BD 79                     390 	.db #0x79	; 121	'y'
      0000BE 00                     391 	.db #0x00	; 0
      0000BF 08                     392 	.db #0x08	; 8
      0000C0 2C                     393 	.db #0x2c	; 44
      0000C1 80                     394 	.db #0x80	; 128
      0000C2 21                     395 	.db #0x21	; 33
      0000C3 79                     396 	.db #0x79	; 121	'y'
      0000C4 C0                     397 	.db #0xc0	; 192
      0000C5 F8                     398 	.db #0xf8	; 248
      0000C6 D6                     399 	.db #0xd6	; 214
      0000C7 86                     400 	.db #0x86	; 134
      0000C8 11                     401 	.db #0x11	; 17
      0000C9 79                     402 	.db #0x79	; 121	'y'
      0000CA 00                     403 	.db #0x00	; 0
      0000CB 08                     404 	.db #0x08	; 8
      0000CC 2C                     405 	.db #0x2c	; 44
      0000CD 80                     406 	.db #0x80	; 128
      0000CE 21                     407 	.db #0x21	; 33
      0000CF 79                     408 	.db #0x79	; 121	'y'
      0000D0 C0                     409 	.db #0xc0	; 192
      0000D1 F8                     410 	.db #0xf8	; 248
      0000D2 83                     411 	.db #0x83	; 131
      0000D3 87                     412 	.db #0x87	; 135
      0000D4 31                     413 	.db #0x31	; 49	'1'
      0000D5 79                     414 	.db #0x79	; 121	'y'
      0000D6 00                     415 	.db #0x00	; 0
      0000D7 08                     416 	.db #0x08	; 8
      0000D8 2C                     417 	.db #0x2c	; 44
      0000D9 80                     418 	.db #0x80	; 128
      0000DA 21                     419 	.db #0x21	; 33
      0000DB 79                     420 	.db #0x79	; 121	'y'
      0000DC C0                     421 	.db #0xc0	; 192
      0000DD F8                     422 	.db #0xf8	; 248
      0000DE AC                     423 	.db #0xac	; 172
      0000DF 87                     424 	.db #0x87	; 135
      0000E0 02                     425 	.db #0x02	; 2
      0000E1 44                     426 	.db #0x44	; 68	'D'
      0000E2 FF                     427 	.db #0xff	; 255
      0000E3 07                     428 	.db #0x07	; 7
      0000E4                        429 _soundfx_15:
      0000E4 12                     430 	.db #0x12	; 18
      0000E5 44                     431 	.db #0x44	; 68	'D'
      0000E6 77                     432 	.db #0x77	; 119	'w'
      0000E7 79                     433 	.db #0x79	; 121	'y'
      0000E8 40                     434 	.db #0x40	; 64
      0000E9 B8                     435 	.db #0xb8	; 184
      0000EA 0A                     436 	.db #0x0a	; 10
      0000EB 86                     437 	.db #0x86	; 134
      0000EC 11                     438 	.db #0x11	; 17
      0000ED 79                     439 	.db #0x79	; 121	'y'
      0000EE 40                     440 	.db #0x40	; 64
      0000EF C8                     441 	.db #0xc8	; 200
      0000F0 ED                     442 	.db #0xed	; 237
      0000F1 85                     443 	.db #0x85	; 133
      0000F2 11                     444 	.db #0x11	; 17
      0000F3 79                     445 	.db #0x79	; 121	'y'
      0000F4 40                     446 	.db #0x40	; 64
      0000F5 D8                     447 	.db #0xd8	; 216
      0000F6 CE                     448 	.db #0xce	; 206
      0000F7 85                     449 	.db #0x85	; 133
      0000F8 11                     450 	.db #0x11	; 17
      0000F9 79                     451 	.db #0x79	; 121	'y'
      0000FA 40                     452 	.db #0x40	; 64
      0000FB E8                     453 	.db #0xe8	; 232
      0000FC 56                     454 	.db #0x56	; 86	'V'
      0000FD 83                     455 	.db #0x83	; 131
      0000FE 31                     456 	.db #0x31	; 49	'1'
      0000FF 79                     457 	.db #0x79	; 121	'y'
      000100 40                     458 	.db #0x40	; 64
      000101 F8                     459 	.db #0xf8	; 248
      000102 12                     460 	.db #0x12	; 18
      000103 83                     461 	.db #0x83	; 131
      000104 11                     462 	.db #0x11	; 17
      000105 59                     463 	.db #0x59	; 89	'Y'
      000106 40                     464 	.db #0x40	; 64
      000107 C6                     465 	.db #0xc6	; 198
      000108 82                     466 	.db #0x82	; 130
      000109 11                     467 	.db #0x11	; 17
      00010A 59                     468 	.db #0x59	; 89	'Y'
      00010B 40                     469 	.db #0x40	; 64
      00010C 77                     470 	.db #0x77	; 119	'w'
      00010D 82                     471 	.db #0x82	; 130
      00010E 31                     472 	.db #0x31	; 49	'1'
      00010F 79                     473 	.db #0x79	; 121	'y'
      000110 40                     474 	.db #0x40	; 64
      000111 B8                     475 	.db #0xb8	; 184
      000112 23                     476 	.db #0x23	; 35
      000113 82                     477 	.db #0x82	; 130
      000114 11                     478 	.db #0x11	; 17
      000115 79                     479 	.db #0x79	; 121	'y'
      000116 40                     480 	.db #0x40	; 64
      000117 88                     481 	.db #0x88	; 136
      000118 C9                     482 	.db #0xc9	; 201
      000119 81                     483 	.db #0x81	; 129
      00011A 11                     484 	.db #0x11	; 17
      00011B 79                     485 	.db #0x79	; 121	'y'
      00011C 40                     486 	.db #0x40	; 64
      00011D 58                     487 	.db #0x58	; 88	'X'
      00011E 6B                     488 	.db #0x6b	; 107	'k'
      00011F 81                     489 	.db #0x81	; 129
      000120 11                     490 	.db #0x11	; 17
      000121 59                     491 	.db #0x59	; 89	'Y'
      000122 40                     492 	.db #0x40	; 64
      000123 06                     493 	.db #0x06	; 6
      000124 81                     494 	.db #0x81	; 129
      000125 02                     495 	.db #0x02	; 2
      000126 44                     496 	.db #0x44	; 68	'D'
      000127 FF                     497 	.db #0xff	; 255
      000128 07                     498 	.db #0x07	; 7
      000129                        499 _soundfx_1a:
      000129 02                     500 	.db #0x02	; 2
      00012A 44                     501 	.db #0x44	; 68	'D'
      00012B DD                     502 	.db #0xdd	; 221
      00012C 7B                     503 	.db #0x7b	; 123
      00012D 2A                     504 	.db #0x2a	; 42
      00012E 28                     505 	.db #0x28	; 40
      00012F 45                     506 	.db #0x45	; 69	'E'
      000130 80                     507 	.db #0x80	; 128
      000131 01                     508 	.db #0x01	; 1
      000132 7B                     509 	.db #0x7b	; 123
      000133 2A                     510 	.db #0x2a	; 42
      000134 68                     511 	.db #0x68	; 104	'h'
      000135 54                     512 	.db #0x54	; 84	'T'
      000136 80                     513 	.db #0x80	; 128
      000137 01                     514 	.db #0x01	; 1
      000138 7B                     515 	.db #0x7b	; 123
      000139 2A                     516 	.db #0x2a	; 42
      00013A F8                     517 	.db #0xf8	; 248
      00013B 45                     518 	.db #0x45	; 69	'E'
      00013C 80                     519 	.db #0x80	; 128
      00013D 11                     520 	.db #0x11	; 17
      00013E 7B                     521 	.db #0x7b	; 123
      00013F 2A                     522 	.db #0x2a	; 42
      000140 B8                     523 	.db #0xb8	; 184
      000141 37                     524 	.db #0x37	; 55	'7'
      000142 80                     525 	.db #0x80	; 128
      000143 01                     526 	.db #0x01	; 1
      000144 6B                     527 	.db #0x6b	; 107	'k'
      000145 2A                     528 	.db #0x2a	; 42
      000146 68                     529 	.db #0x68	; 104	'h'
      000147 80                     530 	.db #0x80	; 128
      000148 02                     531 	.db #0x02	; 2
      000149 44                     532 	.db #0x44	; 68	'D'
      00014A FF                     533 	.db #0xff	; 255
      00014B 07                     534 	.db #0x07	; 7
      00014C                        535 _soundfx_2a:
      00014C 02                     536 	.db #0x02	; 2
      00014D 44                     537 	.db #0x44	; 68	'D'
      00014E 77                     538 	.db #0x77	; 119	'w'
      00014F 79                     539 	.db #0x79	; 121	'y'
      000150 80                     540 	.db #0x80	; 128
      000151 08                     541 	.db #0x08	; 8
      000152 2C                     542 	.db #0x2c	; 44
      000153 80                     543 	.db #0x80	; 128
      000154 02                     544 	.db #0x02	; 2
      000155 44                     545 	.db #0x44	; 68	'D'
      000156 FF                     546 	.db #0xff	; 255
      000157 07                     547 	.db #0x07	; 7
      000158                        548 _soundfx_2b:
      000158 02                     549 	.db #0x02	; 2
      000159 44                     550 	.db #0x44	; 68	'D'
      00015A 77                     551 	.db #0x77	; 119	'w'
      00015B 79                     552 	.db #0x79	; 121	'y'
      00015C 80                     553 	.db #0x80	; 128
      00015D A8                     554 	.db #0xa8	; 168
      00015E 3B                     555 	.db #0x3b	; 59
      00015F 85                     556 	.db #0x85	; 133
      000160 01                     557 	.db #0x01	; 1
      000161 79                     558 	.db #0x79	; 121	'y'
      000162 80                     559 	.db #0x80	; 128
      000163 B8                     560 	.db #0xb8	; 184
      000164 63                     561 	.db #0x63	; 99	'c'
      000165 85                     562 	.db #0x85	; 133
      000166 01                     563 	.db #0x01	; 1
      000167 79                     564 	.db #0x79	; 121	'y'
      000168 80                     565 	.db #0x80	; 128
      000169 C8                     566 	.db #0xc8	; 200
      00016A 89                     567 	.db #0x89	; 137
      00016B 85                     568 	.db #0x85	; 133
      00016C 01                     569 	.db #0x01	; 1
      00016D 79                     570 	.db #0x79	; 121	'y'
      00016E 80                     571 	.db #0x80	; 128
      00016F D8                     572 	.db #0xd8	; 216
      000170 AC                     573 	.db #0xac	; 172
      000171 85                     574 	.db #0x85	; 133
      000172 01                     575 	.db #0x01	; 1
      000173 79                     576 	.db #0x79	; 121	'y'
      000174 80                     577 	.db #0x80	; 128
      000175 E8                     578 	.db #0xe8	; 232
      000176 CE                     579 	.db #0xce	; 206
      000177 85                     580 	.db #0x85	; 133
      000178 01                     581 	.db #0x01	; 1
      000179 79                     582 	.db #0x79	; 121	'y'
      00017A 80                     583 	.db #0x80	; 128
      00017B F8                     584 	.db #0xf8	; 248
      00017C ED                     585 	.db #0xed	; 237
      00017D 85                     586 	.db #0x85	; 133
      00017E 01                     587 	.db #0x01	; 1
      00017F 79                     588 	.db #0x79	; 121	'y'
      000180 80                     589 	.db #0x80	; 128
      000181 E8                     590 	.db #0xe8	; 232
      000182 0A                     591 	.db #0x0a	; 10
      000183 86                     592 	.db #0x86	; 134
      000184 01                     593 	.db #0x01	; 1
      000185 79                     594 	.db #0x79	; 121	'y'
      000186 80                     595 	.db #0x80	; 128
      000187 D8                     596 	.db #0xd8	; 216
      000188 27                     597 	.db #0x27	; 39
      000189 86                     598 	.db #0x86	; 134
      00018A 01                     599 	.db #0x01	; 1
      00018B 79                     600 	.db #0x79	; 121	'y'
      00018C 80                     601 	.db #0x80	; 128
      00018D C8                     602 	.db #0xc8	; 200
      00018E 42                     603 	.db #0x42	; 66	'B'
      00018F 86                     604 	.db #0x86	; 134
      000190 01                     605 	.db #0x01	; 1
      000191 79                     606 	.db #0x79	; 121	'y'
      000192 80                     607 	.db #0x80	; 128
      000193 B8                     608 	.db #0xb8	; 184
      000194 5B                     609 	.db #0x5b	; 91
      000195 86                     610 	.db #0x86	; 134
      000196 01                     611 	.db #0x01	; 1
      000197 79                     612 	.db #0x79	; 121	'y'
      000198 80                     613 	.db #0x80	; 128
      000199 A8                     614 	.db #0xa8	; 168
      00019A 72                     615 	.db #0x72	; 114	'r'
      00019B 86                     616 	.db #0x86	; 134
      00019C 01                     617 	.db #0x01	; 1
      00019D 79                     618 	.db #0x79	; 121	'y'
      00019E 80                     619 	.db #0x80	; 128
      00019F 98                     620 	.db #0x98	; 152
      0001A0 89                     621 	.db #0x89	; 137
      0001A1 86                     622 	.db #0x86	; 134
      0001A2 01                     623 	.db #0x01	; 1
      0001A3 79                     624 	.db #0x79	; 121	'y'
      0001A4 80                     625 	.db #0x80	; 128
      0001A5 88                     626 	.db #0x88	; 136
      0001A6 9E                     627 	.db #0x9e	; 158
      0001A7 86                     628 	.db #0x86	; 134
      0001A8 01                     629 	.db #0x01	; 1
      0001A9 79                     630 	.db #0x79	; 121	'y'
      0001AA 80                     631 	.db #0x80	; 128
      0001AB 78                     632 	.db #0x78	; 120	'x'
      0001AC B2                     633 	.db #0xb2	; 178
      0001AD 86                     634 	.db #0x86	; 134
      0001AE 01                     635 	.db #0x01	; 1
      0001AF 79                     636 	.db #0x79	; 121	'y'
      0001B0 00                     637 	.db #0x00	; 0
      0001B1 68                     638 	.db #0x68	; 104	'h'
      0001B2 C4                     639 	.db #0xc4	; 196
      0001B3 86                     640 	.db #0x86	; 134
      0001B4 01                     641 	.db #0x01	; 1
      0001B5 79                     642 	.db #0x79	; 121	'y'
      0001B6 00                     643 	.db #0x00	; 0
      0001B7 58                     644 	.db #0x58	; 88	'X'
      0001B8 D6                     645 	.db #0xd6	; 214
      0001B9 86                     646 	.db #0x86	; 134
      0001BA 01                     647 	.db #0x01	; 1
      0001BB 79                     648 	.db #0x79	; 121	'y'
      0001BC 00                     649 	.db #0x00	; 0
      0001BD 48                     650 	.db #0x48	; 72	'H'
      0001BE E7                     651 	.db #0xe7	; 231
      0001BF 86                     652 	.db #0x86	; 134
      0001C0 01                     653 	.db #0x01	; 1
      0001C1 79                     654 	.db #0x79	; 121	'y'
      0001C2 00                     655 	.db #0x00	; 0
      0001C3 38                     656 	.db #0x38	; 56	'8'
      0001C4 F7                     657 	.db #0xf7	; 247
      0001C5 86                     658 	.db #0x86	; 134
      0001C6 01                     659 	.db #0x01	; 1
      0001C7 79                     660 	.db #0x79	; 121	'y'
      0001C8 00                     661 	.db #0x00	; 0
      0001C9 28                     662 	.db #0x28	; 40
      0001CA 06                     663 	.db #0x06	; 6
      0001CB 87                     664 	.db #0x87	; 135
      0001CC 02                     665 	.db #0x02	; 2
      0001CD 44                     666 	.db #0x44	; 68	'D'
      0001CE FF                     667 	.db #0xff	; 255
      0001CF 07                     668 	.db #0x07	; 7
      0001D0                        669 _soundfx_2d:
      0001D0 22                     670 	.db #0x22	; 34
      0001D1 79                     671 	.db #0x79	; 121	'y'
      0001D2 00                     672 	.db #0x00	; 0
      0001D3 A8                     673 	.db #0xa8	; 168
      0001D4 B5                     674 	.db #0xb5	; 181
      0001D5 84                     675 	.db #0x84	; 132
      0001D6 7B                     676 	.db #0x7b	; 123
      0001D7 2A                     677 	.db #0x2a	; 42
      0001D8 68                     678 	.db #0x68	; 104	'h'
      0001D9 80                     679 	.db #0x80	; 128
      0001DA 80                     680 	.db #0x80	; 128
      0001DB 02                     681 	.db #0x02	; 2
      0001DC 79                     682 	.db #0x79	; 121	'y'
      0001DD 00                     683 	.db #0x00	; 0
      0001DE 08                     684 	.db #0x08	; 8
      0001DF 2C                     685 	.db #0x2c	; 44
      0001E0 80                     686 	.db #0x80	; 128
      0001E1 6B                     687 	.db #0x6b	; 107	'k'
      0001E2 2A                     688 	.db #0x2a	; 42
      0001E3 28                     689 	.db #0x28	; 40
      0001E4 80                     690 	.db #0x80	; 128
      0001E5 22                     691 	.db #0x22	; 34
      0001E6 79                     692 	.db #0x79	; 121	'y'
      0001E7 00                     693 	.db #0x00	; 0
      0001E8 A8                     694 	.db #0xa8	; 168
      0001E9 B5                     695 	.db #0xb5	; 181
      0001EA 84                     696 	.db #0x84	; 132
      0001EB 6B                     697 	.db #0x6b	; 107	'k'
      0001EC 2A                     698 	.db #0x2a	; 42
      0001ED 68                     699 	.db #0x68	; 104	'h'
      0001EE 80                     700 	.db #0x80	; 128
      0001EF 02                     701 	.db #0x02	; 2
      0001F0 79                     702 	.db #0x79	; 121	'y'
      0001F1 00                     703 	.db #0x00	; 0
      0001F2 08                     704 	.db #0x08	; 8
      0001F3 2C                     705 	.db #0x2c	; 44
      0001F4 80                     706 	.db #0x80	; 128
      0001F5 6B                     707 	.db #0x6b	; 107	'k'
      0001F6 2A                     708 	.db #0x2a	; 42
      0001F7 28                     709 	.db #0x28	; 40
      0001F8 80                     710 	.db #0x80	; 128
      0001F9 22                     711 	.db #0x22	; 34
      0001FA 79                     712 	.db #0x79	; 121	'y'
      0001FB 00                     713 	.db #0x00	; 0
      0001FC A8                     714 	.db #0xa8	; 168
      0001FD B5                     715 	.db #0xb5	; 181
      0001FE 84                     716 	.db #0x84	; 132
      0001FF 6B                     717 	.db #0x6b	; 107	'k'
      000200 2A                     718 	.db #0x2a	; 42
      000201 68                     719 	.db #0x68	; 104	'h'
      000202 80                     720 	.db #0x80	; 128
      000203 02                     721 	.db #0x02	; 2
      000204 44                     722 	.db #0x44	; 68	'D'
      000205 FF                     723 	.db #0xff	; 255
      000206 07                     724 	.db #0x07	; 7
      000207                        725 _soundfx_37:
      000207 02                     726 	.db #0x02	; 2
      000208 79                     727 	.db #0x79	; 121	'y'
      000209 80                     728 	.db #0x80	; 128
      00020A F8                     729 	.db #0xf8	; 248
      00020B 9B                     730 	.db #0x9b	; 155
      00020C 83                     731 	.db #0x83	; 131
      00020D 7B                     732 	.db #0x7b	; 123
      00020E 2A                     733 	.db #0x2a	; 42
      00020F A8                     734 	.db #0xa8	; 168
      000210 60                     735 	.db #0x60	; 96
      000211 80                     736 	.db #0x80	; 128
      000212 12                     737 	.db #0x12	; 18
      000213 59                     738 	.db #0x59	; 89	'Y'
      000214 80                     739 	.db #0x80	; 128
      000215 23                     740 	.db #0x23	; 35
      000216 82                     741 	.db #0x82	; 130
      000217 7B                     742 	.db #0x7b	; 123
      000218 2A                     743 	.db #0x2a	; 42
      000219 18                     744 	.db #0x18	; 24
      00021A 40                     745 	.db #0x40	; 64
      00021B 80                     746 	.db #0x80	; 128
      00021C 02                     747 	.db #0x02	; 2
      00021D 79                     748 	.db #0x79	; 121	'y'
      00021E 80                     749 	.db #0x80	; 128
      00021F C8                     750 	.db #0xc8	; 200
      000220 6B                     751 	.db #0x6b	; 107	'k'
      000221 81                     752 	.db #0x81	; 129
      000222 7B                     753 	.db #0x7b	; 123
      000223 2A                     754 	.db #0x2a	; 42
      000224 F8                     755 	.db #0xf8	; 248
      000225 60                     756 	.db #0x60	; 96
      000226 80                     757 	.db #0x80	; 128
      000227 12                     758 	.db #0x12	; 18
      000228 79                     759 	.db #0x79	; 121	'y'
      000229 80                     760 	.db #0x80	; 128
      00022A 98                     761 	.db #0x98	; 152
      00022B 9C                     762 	.db #0x9c	; 156
      00022C 80                     763 	.db #0x80	; 128
      00022D 6B                     764 	.db #0x6b	; 107	'k'
      00022E 2A                     765 	.db #0x2a	; 42
      00022F A8                     766 	.db #0xa8	; 168
      000230 80                     767 	.db #0x80	; 128
      000231 02                     768 	.db #0x02	; 2
      000232 44                     769 	.db #0x44	; 68	'D'
      000233 DD                     770 	.db #0xdd	; 221
      000234 7B                     771 	.db #0x7b	; 123
      000235 2A                     772 	.db #0x2a	; 42
      000236 88                     773 	.db #0x88	; 136
      000237 50                     774 	.db #0x50	; 80	'P'
      000238 80                     775 	.db #0x80	; 128
      000239 02                     776 	.db #0x02	; 2
      00023A 44                     777 	.db #0x44	; 68	'D'
      00023B FF                     778 	.db #0xff	; 255
      00023C 07                     779 	.db #0x07	; 7
      00023D                        780 _soundfx_38:
      00023D 02                     781 	.db #0x02	; 2
      00023E 44                     782 	.db #0x44	; 68	'D'
      00023F 77                     783 	.db #0x77	; 119	'w'
      000240 79                     784 	.db #0x79	; 121	'y'
      000241 80                     785 	.db #0x80	; 128
      000242 C8                     786 	.db #0xc8	; 200
      000243 3B                     787 	.db #0x3b	; 59
      000244 85                     788 	.db #0x85	; 133
      000245 01                     789 	.db #0x01	; 1
      000246 79                     790 	.db #0x79	; 121	'y'
      000247 80                     791 	.db #0x80	; 128
      000248 D8                     792 	.db #0xd8	; 216
      000249 63                     793 	.db #0x63	; 99	'c'
      00024A 85                     794 	.db #0x85	; 133
      00024B 01                     795 	.db #0x01	; 1
      00024C 79                     796 	.db #0x79	; 121	'y'
      00024D 80                     797 	.db #0x80	; 128
      00024E E8                     798 	.db #0xe8	; 232
      00024F 89                     799 	.db #0x89	; 137
      000250 85                     800 	.db #0x85	; 133
      000251 01                     801 	.db #0x01	; 1
      000252 79                     802 	.db #0x79	; 121	'y'
      000253 80                     803 	.db #0x80	; 128
      000254 F8                     804 	.db #0xf8	; 248
      000255 AC                     805 	.db #0xac	; 172
      000256 85                     806 	.db #0x85	; 133
      000257 01                     807 	.db #0x01	; 1
      000258 59                     808 	.db #0x59	; 89	'Y'
      000259 80                     809 	.db #0x80	; 128
      00025A CE                     810 	.db #0xce	; 206
      00025B 85                     811 	.db #0x85	; 133
      00025C 01                     812 	.db #0x01	; 1
      00025D 79                     813 	.db #0x79	; 121	'y'
      00025E 80                     814 	.db #0x80	; 128
      00025F E8                     815 	.db #0xe8	; 232
      000260 ED                     816 	.db #0xed	; 237
      000261 85                     817 	.db #0x85	; 133
      000262 01                     818 	.db #0x01	; 1
      000263 79                     819 	.db #0x79	; 121	'y'
      000264 80                     820 	.db #0x80	; 128
      000265 D8                     821 	.db #0xd8	; 216
      000266 0A                     822 	.db #0x0a	; 10
      000267 86                     823 	.db #0x86	; 134
      000268 01                     824 	.db #0x01	; 1
      000269 79                     825 	.db #0x79	; 121	'y'
      00026A 80                     826 	.db #0x80	; 128
      00026B C8                     827 	.db #0xc8	; 200
      00026C 27                     828 	.db #0x27	; 39
      00026D 86                     829 	.db #0x86	; 134
      00026E 01                     830 	.db #0x01	; 1
      00026F 79                     831 	.db #0x79	; 121	'y'
      000270 80                     832 	.db #0x80	; 128
      000271 B8                     833 	.db #0xb8	; 184
      000272 42                     834 	.db #0x42	; 66	'B'
      000273 86                     835 	.db #0x86	; 134
      000274 01                     836 	.db #0x01	; 1
      000275 79                     837 	.db #0x79	; 121	'y'
      000276 80                     838 	.db #0x80	; 128
      000277 A8                     839 	.db #0xa8	; 168
      000278 5B                     840 	.db #0x5b	; 91
      000279 86                     841 	.db #0x86	; 134
      00027A 01                     842 	.db #0x01	; 1
      00027B 79                     843 	.db #0x79	; 121	'y'
      00027C 80                     844 	.db #0x80	; 128
      00027D 98                     845 	.db #0x98	; 152
      00027E 72                     846 	.db #0x72	; 114	'r'
      00027F 86                     847 	.db #0x86	; 134
      000280 01                     848 	.db #0x01	; 1
      000281 79                     849 	.db #0x79	; 121	'y'
      000282 80                     850 	.db #0x80	; 128
      000283 88                     851 	.db #0x88	; 136
      000284 89                     852 	.db #0x89	; 137
      000285 86                     853 	.db #0x86	; 134
      000286 01                     854 	.db #0x01	; 1
      000287 79                     855 	.db #0x79	; 121	'y'
      000288 80                     856 	.db #0x80	; 128
      000289 78                     857 	.db #0x78	; 120	'x'
      00028A 9E                     858 	.db #0x9e	; 158
      00028B 86                     859 	.db #0x86	; 134
      00028C 01                     860 	.db #0x01	; 1
      00028D 79                     861 	.db #0x79	; 121	'y'
      00028E 80                     862 	.db #0x80	; 128
      00028F 68                     863 	.db #0x68	; 104	'h'
      000290 B2                     864 	.db #0xb2	; 178
      000291 86                     865 	.db #0x86	; 134
      000292 02                     866 	.db #0x02	; 2
      000293 44                     867 	.db #0x44	; 68	'D'
      000294 FF                     868 	.db #0xff	; 255
      000295 07                     869 	.db #0x07	; 7
                                    870 	.area _INITIALIZER
                                    871 	.area _CABS (ABS)
