                                      1 ;--------------------------------------------------------
                                      2 ; File Created by SDCC : free open source ISO C Compiler 
                                      3 ; Version 4.3.2 #14228 (Linux)
                                      4 ;--------------------------------------------------------
                                      5 	.module Thought_bubble
                                      6 	.optsdcc -msm83
                                      7 	
                                      8 ;--------------------------------------------------------
                                      9 ; Public variables in this module
                                     10 ;--------------------------------------------------------
                                     11 	.globl _button_2
                                     12 	.globl _button_1
                                     13 	.globl _bubble_qmark
                                     14 	.globl _bubble_empty
                                     15 	.globl _bubble_key
                                     16 	.globl _thought_bubble
                                     17 ;--------------------------------------------------------
                                     18 ; special function registers
                                     19 ;--------------------------------------------------------
                                     20 ;--------------------------------------------------------
                                     21 ; ram data
                                     22 ;--------------------------------------------------------
                                     23 	.area _DATA
                                     24 ;--------------------------------------------------------
                                     25 ; ram data
                                     26 ;--------------------------------------------------------
                                     27 	.area _INITIALIZED
                                     28 ;--------------------------------------------------------
                                     29 ; absolute external ram data
                                     30 ;--------------------------------------------------------
                                     31 	.area _DABS (ABS)
                                     32 ;--------------------------------------------------------
                                     33 ; global & static initialisations
                                     34 ;--------------------------------------------------------
                                     35 	.area _HOME
                                     36 	.area _GSINIT
                                     37 	.area _GSFINAL
                                     38 	.area _GSINIT
                                     39 ;--------------------------------------------------------
                                     40 ; Home
                                     41 ;--------------------------------------------------------
                                     42 	.area _HOME
                                     43 	.area _HOME
                                     44 ;--------------------------------------------------------
                                     45 ; code
                                     46 ;--------------------------------------------------------
                                     47 	.area _CODE
                                     48 	.area _CODE
      000000                         49 _thought_bubble:
      000000 7F                      50 	.db #0x7f	; 127
      000001 7F                      51 	.db #0x7f	; 127
      000002 FF                      52 	.db #0xff	; 255
      000003 80                      53 	.db #0x80	; 128
      000004 FF                      54 	.db #0xff	; 255
      000005 80                      55 	.db #0x80	; 128
      000006 FF                      56 	.db #0xff	; 255
      000007 80                      57 	.db #0x80	; 128
      000008 FF                      58 	.db #0xff	; 255
      000009 B9                      59 	.db #0xb9	; 185
      00000A FF                      60 	.db #0xff	; 255
      00000B C6                      61 	.db #0xc6	; 198
      00000C F6                      62 	.db #0xf6	; 246
      00000D D9                      63 	.db #0xd9	; 217
      00000E FD                      64 	.db #0xfd	; 253
      00000F DB                      65 	.db #0xdb	; 219
      000010 CF                      66 	.db #0xcf	; 207
      000011 FA                      67 	.db #0xfa	; 250
      000012 FF                      68 	.db #0xff	; 255
      000013 A2                      69 	.db #0xa2	; 162
      000014 FF                      70 	.db #0xff	; 255
      000015 9C                      71 	.db #0x9c	; 156
      000016 FF                      72 	.db #0xff	; 255
      000017 80                      73 	.db #0x80	; 128
      000018 7F                      74 	.db #0x7f	; 127
      000019 7C                      75 	.db #0x7c	; 124
      00001A 03                      76 	.db #0x03	; 3
      00001B 02                      77 	.db #0x02	; 2
      00001C 01                      78 	.db #0x01	; 1
      00001D 01                      79 	.db #0x01	; 1
      00001E 00                      80 	.db #0x00	; 0
      00001F 00                      81 	.db #0x00	; 0
      000020 FE                      82 	.db #0xfe	; 254
      000021 FE                      83 	.db #0xfe	; 254
      000022 FF                      84 	.db #0xff	; 255
      000023 01                      85 	.db #0x01	; 1
      000024 FF                      86 	.db #0xff	; 255
      000025 19                      87 	.db #0x19	; 25
      000026 FF                      88 	.db #0xff	; 255
      000027 65                      89 	.db #0x65	; 101	'e'
      000028 EF                      90 	.db #0xef	; 239
      000029 9D                      91 	.db #0x9d	; 157
      00002A AF                      92 	.db #0xaf	; 175
      00002B 77                      93 	.db #0x77	; 119	'w'
      00002C F7                      94 	.db #0xf7	; 247
      00002D CB                      95 	.db #0xcb	; 203
      00002E FF                      96 	.db #0xff	; 255
      00002F 2D                      97 	.db #0x2d	; 45
      000030 FF                      98 	.db #0xff	; 255
      000031 31                      99 	.db #0x31	; 49	'1'
      000032 FF                     100 	.db #0xff	; 255
      000033 01                     101 	.db #0x01	; 1
      000034 FF                     102 	.db #0xff	; 255
      000035 01                     103 	.db #0x01	; 1
      000036 FF                     104 	.db #0xff	; 255
      000037 01                     105 	.db #0x01	; 1
      000038 FE                     106 	.db #0xfe	; 254
      000039 3E                     107 	.db #0x3e	; 62
      00003A C0                     108 	.db #0xc0	; 192
      00003B 40                     109 	.db #0x40	; 64
      00003C 80                     110 	.db #0x80	; 128
      00003D 80                     111 	.db #0x80	; 128
      00003E 00                     112 	.db #0x00	; 0
      00003F 00                     113 	.db #0x00	; 0
      000040 7F                     114 	.db #0x7f	; 127
      000041 7F                     115 	.db #0x7f	; 127
      000042 FF                     116 	.db #0xff	; 255
      000043 80                     117 	.db #0x80	; 128
      000044 FF                     118 	.db #0xff	; 255
      000045 80                     119 	.db #0x80	; 128
      000046 FF                     120 	.db #0xff	; 255
      000047 80                     121 	.db #0x80	; 128
      000048 FF                     122 	.db #0xff	; 255
      000049 80                     123 	.db #0x80	; 128
      00004A FF                     124 	.db #0xff	; 255
      00004B 80                     125 	.db #0x80	; 128
      00004C FF                     126 	.db #0xff	; 255
      00004D 80                     127 	.db #0x80	; 128
      00004E FF                     128 	.db #0xff	; 255
      00004F 80                     129 	.db #0x80	; 128
      000050 FF                     130 	.db #0xff	; 255
      000051 80                     131 	.db #0x80	; 128
      000052 FF                     132 	.db #0xff	; 255
      000053 80                     133 	.db #0x80	; 128
      000054 FF                     134 	.db #0xff	; 255
      000055 80                     135 	.db #0x80	; 128
      000056 FF                     136 	.db #0xff	; 255
      000057 80                     137 	.db #0x80	; 128
      000058 7F                     138 	.db #0x7f	; 127
      000059 7C                     139 	.db #0x7c	; 124
      00005A 03                     140 	.db #0x03	; 3
      00005B 02                     141 	.db #0x02	; 2
      00005C 01                     142 	.db #0x01	; 1
      00005D 01                     143 	.db #0x01	; 1
      00005E 00                     144 	.db #0x00	; 0
      00005F 00                     145 	.db #0x00	; 0
      000060 FE                     146 	.db #0xfe	; 254
      000061 FE                     147 	.db #0xfe	; 254
      000062 FF                     148 	.db #0xff	; 255
      000063 01                     149 	.db #0x01	; 1
      000064 FF                     150 	.db #0xff	; 255
      000065 01                     151 	.db #0x01	; 1
      000066 FF                     152 	.db #0xff	; 255
      000067 01                     153 	.db #0x01	; 1
      000068 FF                     154 	.db #0xff	; 255
      000069 01                     155 	.db #0x01	; 1
      00006A FF                     156 	.db #0xff	; 255
      00006B 01                     157 	.db #0x01	; 1
      00006C FF                     158 	.db #0xff	; 255
      00006D 01                     159 	.db #0x01	; 1
      00006E FF                     160 	.db #0xff	; 255
      00006F 01                     161 	.db #0x01	; 1
      000070 FF                     162 	.db #0xff	; 255
      000071 01                     163 	.db #0x01	; 1
      000072 FF                     164 	.db #0xff	; 255
      000073 01                     165 	.db #0x01	; 1
      000074 FF                     166 	.db #0xff	; 255
      000075 01                     167 	.db #0x01	; 1
      000076 FF                     168 	.db #0xff	; 255
      000077 01                     169 	.db #0x01	; 1
      000078 FE                     170 	.db #0xfe	; 254
      000079 3E                     171 	.db #0x3e	; 62
      00007A C0                     172 	.db #0xc0	; 192
      00007B 40                     173 	.db #0x40	; 64
      00007C 80                     174 	.db #0x80	; 128
      00007D 80                     175 	.db #0x80	; 128
      00007E 00                     176 	.db #0x00	; 0
      00007F 00                     177 	.db #0x00	; 0
      000080 7F                     178 	.db #0x7f	; 127
      000081 7F                     179 	.db #0x7f	; 127
      000082 FF                     180 	.db #0xff	; 255
      000083 83                     181 	.db #0x83	; 131
      000084 FF                     182 	.db #0xff	; 255
      000085 84                     183 	.db #0x84	; 132
      000086 FF                     184 	.db #0xff	; 255
      000087 89                     185 	.db #0x89	; 137
      000088 FF                     186 	.db #0xff	; 255
      000089 8A                     187 	.db #0x8a	; 138
      00008A FF                     188 	.db #0xff	; 255
      00008B 86                     189 	.db #0x86	; 134
      00008C FF                     190 	.db #0xff	; 255
      00008D 81                     191 	.db #0x81	; 129
      00008E FF                     192 	.db #0xff	; 255
      00008F 82                     193 	.db #0x82	; 130
      000090 FF                     194 	.db #0xff	; 255
      000091 82                     195 	.db #0x82	; 130
      000092 FF                     196 	.db #0xff	; 255
      000093 81                     197 	.db #0x81	; 129
      000094 FF                     198 	.db #0xff	; 255
      000095 82                     199 	.db #0x82	; 130
      000096 FF                     200 	.db #0xff	; 255
      000097 81                     201 	.db #0x81	; 129
      000098 7F                     202 	.db #0x7f	; 127
      000099 7C                     203 	.db #0x7c	; 124
      00009A 03                     204 	.db #0x03	; 3
      00009B 02                     205 	.db #0x02	; 2
      00009C 01                     206 	.db #0x01	; 1
      00009D 01                     207 	.db #0x01	; 1
      00009E 00                     208 	.db #0x00	; 0
      00009F 00                     209 	.db #0x00	; 0
      0000A0 FE                     210 	.db #0xfe	; 254
      0000A1 FE                     211 	.db #0xfe	; 254
      0000A2 FF                     212 	.db #0xff	; 255
      0000A3 C1                     213 	.db #0xc1	; 193
      0000A4 FF                     214 	.db #0xff	; 255
      0000A5 21                     215 	.db #0x21	; 33
      0000A6 FF                     216 	.db #0xff	; 255
      0000A7 91                     217 	.db #0x91	; 145
      0000A8 FF                     218 	.db #0xff	; 255
      0000A9 51                     219 	.db #0x51	; 81	'Q'
      0000AA FF                     220 	.db #0xff	; 255
      0000AB D1                     221 	.db #0xd1	; 209
      0000AC FF                     222 	.db #0xff	; 255
      0000AD 11                     223 	.db #0x11	; 17
      0000AE FF                     224 	.db #0xff	; 255
      0000AF 61                     225 	.db #0x61	; 97	'a'
      0000B0 FF                     226 	.db #0xff	; 255
      0000B1 81                     227 	.db #0x81	; 129
      0000B2 FF                     228 	.db #0xff	; 255
      0000B3 81                     229 	.db #0x81	; 129
      0000B4 FF                     230 	.db #0xff	; 255
      0000B5 41                     231 	.db #0x41	; 65	'A'
      0000B6 FF                     232 	.db #0xff	; 255
      0000B7 81                     233 	.db #0x81	; 129
      0000B8 FE                     234 	.db #0xfe	; 254
      0000B9 3E                     235 	.db #0x3e	; 62
      0000BA C0                     236 	.db #0xc0	; 192
      0000BB 40                     237 	.db #0x40	; 64
      0000BC 80                     238 	.db #0x80	; 128
      0000BD 80                     239 	.db #0x80	; 128
      0000BE 00                     240 	.db #0x00	; 0
      0000BF 00                     241 	.db #0x00	; 0
      0000C0 00                     242 	.db #0x00	; 0
      0000C1 00                     243 	.db #0x00	; 0
      0000C2 00                     244 	.db #0x00	; 0
      0000C3 00                     245 	.db #0x00	; 0
      0000C4 18                     246 	.db #0x18	; 24
      0000C5 18                     247 	.db #0x18	; 24
      0000C6 3C                     248 	.db #0x3c	; 60
      0000C7 24                     249 	.db #0x24	; 36
      0000C8 3C                     250 	.db #0x3c	; 60
      0000C9 24                     251 	.db #0x24	; 36
      0000CA 18                     252 	.db #0x18	; 24
      0000CB 18                     253 	.db #0x18	; 24
      0000CC 00                     254 	.db #0x00	; 0
      0000CD 00                     255 	.db #0x00	; 0
      0000CE 00                     256 	.db #0x00	; 0
      0000CF 00                     257 	.db #0x00	; 0
      0000D0 00                     258 	.db #0x00	; 0
      0000D1 00                     259 	.db #0x00	; 0
      0000D2 3C                     260 	.db #0x3c	; 60
      0000D3 3C                     261 	.db #0x3c	; 60
      0000D4 7E                     262 	.db #0x7e	; 126
      0000D5 42                     263 	.db #0x42	; 66	'B'
      0000D6 7E                     264 	.db #0x7e	; 126
      0000D7 42                     265 	.db #0x42	; 66	'B'
      0000D8 7E                     266 	.db #0x7e	; 126
      0000D9 42                     267 	.db #0x42	; 66	'B'
      0000DA 7E                     268 	.db #0x7e	; 126
      0000DB 42                     269 	.db #0x42	; 66	'B'
      0000DC 3C                     270 	.db #0x3c	; 60
      0000DD 3C                     271 	.db #0x3c	; 60
      0000DE 00                     272 	.db #0x00	; 0
      0000DF 00                     273 	.db #0x00	; 0
      0000E0 7E                     274 	.db #0x7e	; 126
      0000E1 7E                     275 	.db #0x7e	; 126
      0000E2 FF                     276 	.db #0xff	; 255
      0000E3 81                     277 	.db #0x81	; 129
      0000E4 FF                     278 	.db #0xff	; 255
      0000E5 81                     279 	.db #0x81	; 129
      0000E6 FF                     280 	.db #0xff	; 255
      0000E7 81                     281 	.db #0x81	; 129
      0000E8 FF                     282 	.db #0xff	; 255
      0000E9 81                     283 	.db #0x81	; 129
      0000EA FF                     284 	.db #0xff	; 255
      0000EB 81                     285 	.db #0x81	; 129
      0000EC 7E                     286 	.db #0x7e	; 126
      0000ED 66                     287 	.db #0x66	; 102	'f'
      0000EE 18                     288 	.db #0x18	; 24
      0000EF 18                     289 	.db #0x18	; 24
      0000F0 07                     290 	.db #0x07	; 7
      0000F1 07                     291 	.db #0x07	; 7
      0000F2 1F                     292 	.db #0x1f	; 31
      0000F3 18                     293 	.db #0x18	; 24
      0000F4 3F                     294 	.db #0x3f	; 63
      0000F5 20                     295 	.db #0x20	; 32
      0000F6 7C                     296 	.db #0x7c	; 124
      0000F7 43                     297 	.db #0x43	; 67	'C'
      0000F8 7B                     298 	.db #0x7b	; 123
      0000F9 44                     299 	.db #0x44	; 68	'D'
      0000FA F3                     300 	.db #0xf3	; 243
      0000FB 8C                     301 	.db #0x8c	; 140
      0000FC F3                     302 	.db #0xf3	; 243
      0000FD 8C                     303 	.db #0x8c	; 140
      0000FE F0                     304 	.db #0xf0	; 240
      0000FF 8F                     305 	.db #0x8f	; 143
      000100 F3                     306 	.db #0xf3	; 243
      000101 8C                     307 	.db #0x8c	; 140
      000102 F3                     308 	.db #0xf3	; 243
      000103 8C                     309 	.db #0x8c	; 140
      000104 B3                     310 	.db #0xb3	; 179
      000105 CC                     311 	.db #0xcc	; 204
      000106 7F                     312 	.db #0x7f	; 127
      000107 40                     313 	.db #0x40	; 64
      000108 5F                     314 	.db #0x5f	; 95
      000109 60                     315 	.db #0x60	; 96
      00010A 27                     316 	.db #0x27	; 39
      00010B 38                     317 	.db #0x38	; 56	'8'
      00010C 18                     318 	.db #0x18	; 24
      00010D 1F                     319 	.db #0x1f	; 31
      00010E 07                     320 	.db #0x07	; 7
      00010F 07                     321 	.db #0x07	; 7
      000110 C0                     322 	.db #0xc0	; 192
      000111 C0                     323 	.db #0xc0	; 192
      000112 F0                     324 	.db #0xf0	; 240
      000113 30                     325 	.db #0x30	; 48	'0'
      000114 F8                     326 	.db #0xf8	; 248
      000115 08                     327 	.db #0x08	; 8
      000116 7C                     328 	.db #0x7c	; 124
      000117 84                     329 	.db #0x84	; 132
      000118 BA                     330 	.db #0xba	; 186
      000119 46                     331 	.db #0x46	; 70	'F'
      00011A 9D                     332 	.db #0x9d	; 157
      00011B 63                     333 	.db #0x63	; 99	'c'
      00011C 9D                     334 	.db #0x9d	; 157
      00011D 63                     335 	.db #0x63	; 99	'c'
      00011E 1D                     336 	.db #0x1d	; 29
      00011F E3                     337 	.db #0xe3	; 227
      000120 9D                     338 	.db #0x9d	; 157
      000121 63                     339 	.db #0x63	; 99	'c'
      000122 9D                     340 	.db #0x9d	; 157
      000123 63                     341 	.db #0x63	; 99	'c'
      000124 99                     342 	.db #0x99	; 153
      000125 67                     343 	.db #0x67	; 103	'g'
      000126 FA                     344 	.db #0xfa	; 250
      000127 06                     345 	.db #0x06	; 6
      000128 F2                     346 	.db #0xf2	; 242
      000129 0E                     347 	.db #0x0e	; 14
      00012A C4                     348 	.db #0xc4	; 196
      00012B 3C                     349 	.db #0x3c	; 60
      00012C 18                     350 	.db #0x18	; 24
      00012D F8                     351 	.db #0xf8	; 248
      00012E E0                     352 	.db #0xe0	; 224
      00012F E0                     353 	.db #0xe0	; 224
      000130 00                     354 	.db #0x00	; 0
      000131 00                     355 	.db #0x00	; 0
      000132 03                     356 	.db #0x03	; 3
      000133 03                     357 	.db #0x03	; 3
      000134 0F                     358 	.db #0x0f	; 15
      000135 0C                     359 	.db #0x0c	; 12
      000136 1F                     360 	.db #0x1f	; 31
      000137 10                     361 	.db #0x10	; 16
      000138 3E                     362 	.db #0x3e	; 62
      000139 21                     363 	.db #0x21	; 33
      00013A 3D                     364 	.db #0x3d	; 61
      00013B 22                     365 	.db #0x22	; 34
      00013C 79                     366 	.db #0x79	; 121	'y'
      00013D 46                     367 	.db #0x46	; 70	'F'
      00013E 79                     368 	.db #0x79	; 121	'y'
      00013F 46                     369 	.db #0x46	; 70	'F'
      000140 78                     370 	.db #0x78	; 120	'x'
      000141 47                     371 	.db #0x47	; 71	'G'
      000142 79                     372 	.db #0x79	; 121	'y'
      000143 46                     373 	.db #0x46	; 70	'F'
      000144 79                     374 	.db #0x79	; 121	'y'
      000145 46                     375 	.db #0x46	; 70	'F'
      000146 39                     376 	.db #0x39	; 57	'9'
      000147 26                     377 	.db #0x26	; 38
      000148 3F                     378 	.db #0x3f	; 63
      000149 20                     379 	.db #0x20	; 32
      00014A 1F                     380 	.db #0x1f	; 31
      00014B 10                     381 	.db #0x10	; 16
      00014C 0F                     382 	.db #0x0f	; 15
      00014D 0C                     383 	.db #0x0c	; 12
      00014E 03                     384 	.db #0x03	; 3
      00014F 03                     385 	.db #0x03	; 3
      000150 00                     386 	.db #0x00	; 0
      000151 00                     387 	.db #0x00	; 0
      000152 E0                     388 	.db #0xe0	; 224
      000153 E0                     389 	.db #0xe0	; 224
      000154 F8                     390 	.db #0xf8	; 248
      000155 18                     391 	.db #0x18	; 24
      000156 FC                     392 	.db #0xfc	; 252
      000157 04                     393 	.db #0x04	; 4
      000158 3E                     394 	.db #0x3e	; 62
      000159 C2                     395 	.db #0xc2	; 194
      00015A DE                     396 	.db #0xde	; 222
      00015B 22                     397 	.db #0x22	; 34
      00015C CF                     398 	.db #0xcf	; 207
      00015D 31                     399 	.db #0x31	; 49	'1'
      00015E CF                     400 	.db #0xcf	; 207
      00015F 31                     401 	.db #0x31	; 49	'1'
      000160 0F                     402 	.db #0x0f	; 15
      000161 F1                     403 	.db #0xf1	; 241
      000162 CF                     404 	.db #0xcf	; 207
      000163 31                     405 	.db #0x31	; 49	'1'
      000164 CF                     406 	.db #0xcf	; 207
      000165 31                     407 	.db #0x31	; 49	'1'
      000166 CE                     408 	.db #0xce	; 206
      000167 32                     409 	.db #0x32	; 50	'2'
      000168 FE                     410 	.db #0xfe	; 254
      000169 02                     411 	.db #0x02	; 2
      00016A FC                     412 	.db #0xfc	; 252
      00016B 04                     413 	.db #0x04	; 4
      00016C F8                     414 	.db #0xf8	; 248
      00016D 18                     415 	.db #0x18	; 24
      00016E E0                     416 	.db #0xe0	; 224
      00016F E0                     417 	.db #0xe0	; 224
      000170                        418 _bubble_key:
      000170 00                     419 	.db #0x00	;  0
      000171 F8                     420 	.db #0xf8	; -8
      000172 2F                     421 	.db #0x2f	; 47
      000173 10                     422 	.db #0x10	; 16
      000174 08                     423 	.db #0x08	;  8
      000175 00                     424 	.db #0x00	;  0
      000176 30                     425 	.db #0x30	; 48	'0'
      000177 10                     426 	.db #0x10	; 16
      000178 F8                     427 	.db #0xf8	; -8
      000179 08                     428 	.db #0x08	;  8
      00017A 31                     429 	.db #0x31	; 49	'1'
      00017B 10                     430 	.db #0x10	; 16
      00017C 08                     431 	.db #0x08	;  8
      00017D 00                     432 	.db #0x00	;  0
      00017E 32                     433 	.db #0x32	; 50	'2'
      00017F 10                     434 	.db #0x10	; 16
      000180 80                     435 	.db #0x80	; -128
      000181 00                     436 	.db #0x00	;  0
      000182 00                     437 	.db #0x00	; 0
      000183 00                     438 	.db #0x00	; 0
      000184                        439 _bubble_empty:
      000184 00                     440 	.db #0x00	;  0
      000185 F8                     441 	.db #0xf8	; -8
      000186 33                     442 	.db #0x33	; 51	'3'
      000187 10                     443 	.db #0x10	; 16
      000188 08                     444 	.db #0x08	;  8
      000189 00                     445 	.db #0x00	;  0
      00018A 34                     446 	.db #0x34	; 52	'4'
      00018B 10                     447 	.db #0x10	; 16
      00018C F8                     448 	.db #0xf8	; -8
      00018D 08                     449 	.db #0x08	;  8
      00018E 35                     450 	.db #0x35	; 53	'5'
      00018F 10                     451 	.db #0x10	; 16
      000190 08                     452 	.db #0x08	;  8
      000191 00                     453 	.db #0x00	;  0
      000192 36                     454 	.db #0x36	; 54	'6'
      000193 10                     455 	.db #0x10	; 16
      000194 80                     456 	.db #0x80	; -128
      000195 00                     457 	.db #0x00	;  0
      000196 00                     458 	.db #0x00	; 0
      000197 00                     459 	.db #0x00	; 0
      000198                        460 _bubble_qmark:
      000198 00                     461 	.db #0x00	;  0
      000199 F8                     462 	.db #0xf8	; -8
      00019A 37                     463 	.db #0x37	; 55	'7'
      00019B 10                     464 	.db #0x10	; 16
      00019C 08                     465 	.db #0x08	;  8
      00019D 00                     466 	.db #0x00	;  0
      00019E 38                     467 	.db #0x38	; 56	'8'
      00019F 10                     468 	.db #0x10	; 16
      0001A0 F8                     469 	.db #0xf8	; -8
      0001A1 08                     470 	.db #0x08	;  8
      0001A2 39                     471 	.db #0x39	; 57	'9'
      0001A3 10                     472 	.db #0x10	; 16
      0001A4 08                     473 	.db #0x08	;  8
      0001A5 00                     474 	.db #0x00	;  0
      0001A6 3A                     475 	.db #0x3a	; 58
      0001A7 10                     476 	.db #0x10	; 16
      0001A8 80                     477 	.db #0x80	; -128
      0001A9 00                     478 	.db #0x00	;  0
      0001AA 00                     479 	.db #0x00	; 0
      0001AB 00                     480 	.db #0x00	; 0
      0001AC                        481 _button_1:
      0001AC 00                     482 	.db #0x00	;  0
      0001AD F8                     483 	.db #0xf8	; -8
      0001AE 3E                     484 	.db #0x3e	; 62
      0001AF 00                     485 	.db #0x00	; 0
      0001B0 08                     486 	.db #0x08	;  8
      0001B1 00                     487 	.db #0x00	;  0
      0001B2 3F                     488 	.db #0x3f	; 63
      0001B3 00                     489 	.db #0x00	; 0
      0001B4 F8                     490 	.db #0xf8	; -8
      0001B5 08                     491 	.db #0x08	;  8
      0001B6 40                     492 	.db #0x40	; 64
      0001B7 00                     493 	.db #0x00	; 0
      0001B8 08                     494 	.db #0x08	;  8
      0001B9 00                     495 	.db #0x00	;  0
      0001BA 41                     496 	.db #0x41	; 65	'A'
      0001BB 00                     497 	.db #0x00	; 0
      0001BC 80                     498 	.db #0x80	; -128
      0001BD 00                     499 	.db #0x00	;  0
      0001BE 00                     500 	.db #0x00	; 0
      0001BF 00                     501 	.db #0x00	; 0
      0001C0                        502 _button_2:
      0001C0 00                     503 	.db #0x00	;  0
      0001C1 F8                     504 	.db #0xf8	; -8
      0001C2 42                     505 	.db #0x42	; 66	'B'
      0001C3 00                     506 	.db #0x00	; 0
      0001C4 08                     507 	.db #0x08	;  8
      0001C5 00                     508 	.db #0x00	;  0
      0001C6 43                     509 	.db #0x43	; 67	'C'
      0001C7 00                     510 	.db #0x00	; 0
      0001C8 F8                     511 	.db #0xf8	; -8
      0001C9 08                     512 	.db #0x08	;  8
      0001CA 44                     513 	.db #0x44	; 68	'D'
      0001CB 00                     514 	.db #0x00	; 0
      0001CC 08                     515 	.db #0x08	;  8
      0001CD 00                     516 	.db #0x00	;  0
      0001CE 45                     517 	.db #0x45	; 69	'E'
      0001CF 00                     518 	.db #0x00	; 0
      0001D0 80                     519 	.db #0x80	; -128
      0001D1 00                     520 	.db #0x00	;  0
      0001D2 00                     521 	.db #0x00	; 0
      0001D3 00                     522 	.db #0x00	; 0
                                    523 	.area _INITIALIZER
                                    524 	.area _CABS (ABS)
