                                      1 ;--------------------------------------------------------
                                      2 ; File Created by SDCC : free open source ANSI-C Compiler
                                      3 ; Version 4.1.6 #12539 (MINGW32)
                                      4 ;--------------------------------------------------------
                                      5 	.module window_maps
                                      6 	.optsdcc -mgbz80
                                      7 	
                                      8 ;--------------------------------------------------------
                                      9 ; Public variables in this module
                                     10 ;--------------------------------------------------------
                                     11 	.globl _top_map_02_broken
                                     12 	.globl _bot_map_02_broken
                                     13 	.globl _top_map_04
                                     14 	.globl _top_map_03
                                     15 	.globl _top_map_02
                                     16 	.globl _top_map_01
                                     17 	.globl _top_map_00
                                     18 	.globl _bot_map_05
                                     19 	.globl _bot_map_04
                                     20 	.globl _bot_map_03
                                     21 	.globl _bot_map_02
                                     22 	.globl _bot_map_01
                                     23 	.globl _bot_map_00
                                     24 	.globl _base
                                     25 ;--------------------------------------------------------
                                     26 ; special function registers
                                     27 ;--------------------------------------------------------
                                     28 ;--------------------------------------------------------
                                     29 ; ram data
                                     30 ;--------------------------------------------------------
                                     31 	.area _DATA
                                     32 ;--------------------------------------------------------
                                     33 ; ram data
                                     34 ;--------------------------------------------------------
                                     35 	.area _INITIALIZED
                                     36 ;--------------------------------------------------------
                                     37 ; absolute external ram data
                                     38 ;--------------------------------------------------------
                                     39 	.area _DABS (ABS)
                                     40 ;--------------------------------------------------------
                                     41 ; global & static initialisations
                                     42 ;--------------------------------------------------------
                                     43 	.area _HOME
                                     44 	.area _GSINIT
                                     45 	.area _GSFINAL
                                     46 	.area _GSINIT
                                     47 ;--------------------------------------------------------
                                     48 ; Home
                                     49 ;--------------------------------------------------------
                                     50 	.area _HOME
                                     51 	.area _HOME
                                     52 ;--------------------------------------------------------
                                     53 ; code
                                     54 ;--------------------------------------------------------
                                     55 	.area _CODE
                                     56 	.area _CODE
                           000000    57 G$base$0_0$0 == .
      000000                         58 _base:
      000000 04                      59 	.db #0x04	; 4
      000001 1A                      60 	.db #0x1a	; 26
      000002 1B                      61 	.db #0x1b	; 27
      000003 07                      62 	.db #0x07	; 7
      000004 04                      63 	.db #0x04	; 4
      000005 1D                      64 	.db #0x1d	; 29
      000006 1A                      65 	.db #0x1a	; 26
      000007 07                      66 	.db #0x07	; 7
      000008 04                      67 	.db #0x04	; 4
      000009 1B                      68 	.db #0x1b	; 27
      00000A 1D                      69 	.db #0x1d	; 29
      00000B 07                      70 	.db #0x07	; 7
                           00000C    71 G$bot_map_00$0_0$0 == .
      00000C                         72 _bot_map_00:
      00000C 25                      73 	.db #0x25	; 37
      00000D 26                      74 	.db #0x26	; 38
      00000E 26                      75 	.db #0x26	; 38
      00000F 27                      76 	.db #0x27	; 39
      000010 00                      77 	.db #0x00	; 0
      000011 00                      78 	.db #0x00	; 0
      000012 00                      79 	.db #0x00	; 0
      000013 00                      80 	.db #0x00	; 0
                           000014    81 G$bot_map_01$0_0$0 == .
      000014                         82 _bot_map_01:
      000014 28                      83 	.db #0x28	; 40
      000015 29                      84 	.db #0x29	; 41
      000016 29                      85 	.db #0x29	; 41
      000017 2A                      86 	.db #0x2a	; 42
      000018 00                      87 	.db #0x00	; 0
      000019 00                      88 	.db #0x00	; 0
      00001A 00                      89 	.db #0x00	; 0
      00001B 00                      90 	.db #0x00	; 0
                           00001C    91 G$bot_map_02$0_0$0 == .
      00001C                         92 _bot_map_02:
      00001C 22                      93 	.db #0x22	; 34
      00001D 23                      94 	.db #0x23	; 35
      00001E 23                      95 	.db #0x23	; 35
      00001F 24                      96 	.db #0x24	; 36
      000020 2B                      97 	.db #0x2b	; 43
      000021 2C                      98 	.db #0x2c	; 44
      000022 2C                      99 	.db #0x2c	; 44
      000023 2E                     100 	.db #0x2e	; 46
                           000024   101 G$bot_map_03$0_0$0 == .
      000024                        102 _bot_map_03:
      000024 1E                     103 	.db #0x1e	; 30
      000025 1F                     104 	.db #0x1f	; 31
      000026 1F                     105 	.db #0x1f	; 31
      000027 21                     106 	.db #0x21	; 33
      000028 22                     107 	.db #0x22	; 34
      000029 23                     108 	.db #0x23	; 35
      00002A 23                     109 	.db #0x23	; 35
      00002B 24                     110 	.db #0x24	; 36
      00002C 2B                     111 	.db #0x2b	; 43
      00002D 2C                     112 	.db #0x2c	; 44
      00002E 2C                     113 	.db #0x2c	; 44
      00002F 2E                     114 	.db #0x2e	; 46
                           000030   115 G$bot_map_04$0_0$0 == .
      000030                        116 _bot_map_04:
      000030 01                     117 	.db #0x01	; 1
      000031 23                     118 	.db #0x23	; 35
      000032 23                     119 	.db #0x23	; 35
      000033 01                     120 	.db #0x01	; 1
      000034 01                     121 	.db #0x01	; 1
      000035 01                     122 	.db #0x01	; 1
      000036 01                     123 	.db #0x01	; 1
      000037 01                     124 	.db #0x01	; 1
                           000038   125 G$bot_map_05$0_0$0 == .
      000038                        126 _bot_map_05:
      000038 33                     127 	.db #0x33	; 51	'3'
      000039 34                     128 	.db #0x34	; 52	'4'
      00003A 34                     129 	.db #0x34	; 52	'4'
      00003B 35                     130 	.db #0x35	; 53	'5'
      00003C 00                     131 	.db #0x00	; 0
      00003D 00                     132 	.db #0x00	; 0
      00003E 00                     133 	.db #0x00	; 0
      00003F 00                     134 	.db #0x00	; 0
                           000040   135 G$top_map_00$0_0$0 == .
      000040                        136 _top_map_00:
      000040 11                     137 	.db #0x11	; 17
      000041 12                     138 	.db #0x12	; 18
      000042 12                     139 	.db #0x12	; 18
      000043 13                     140 	.db #0x13	; 19
                           000044   141 G$top_map_01$0_0$0 == .
      000044                        142 _top_map_01:
      000044 0E                     143 	.db #0x0e	; 14
      000045 0F                     144 	.db #0x0f	; 15
      000046 0F                     145 	.db #0x0f	; 15
      000047 10                     146 	.db #0x10	; 16
                           000048   147 G$top_map_02$0_0$0 == .
      000048                        148 _top_map_02:
      000048 17                     149 	.db #0x17	; 23
      000049 18                     150 	.db #0x18	; 24
      00004A 18                     151 	.db #0x18	; 24
      00004B 19                     152 	.db #0x19	; 25
                           00004C   153 G$top_map_03$0_0$0 == .
      00004C                        154 _top_map_03:
      00004C 14                     155 	.db #0x14	; 20
      00004D 15                     156 	.db #0x15	; 21
      00004E 15                     157 	.db #0x15	; 21
      00004F 16                     158 	.db #0x16	; 22
      000050 1C                     159 	.db #0x1c	; 28
      000051 1A                     160 	.db #0x1a	; 26
      000052 1B                     161 	.db #0x1b	; 27
      000053 1C                     162 	.db #0x1c	; 28
                           000054   163 G$top_map_04$0_0$0 == .
      000054                        164 _top_map_04:
      000054 2F                     165 	.db #0x2f	; 47
      000055 30                     166 	.db #0x30	; 48	'0'
      000056 30                     167 	.db #0x30	; 48	'0'
      000057 31                     168 	.db #0x31	; 49	'1'
                           000058   169 G$bot_map_02_broken$0_0$0 == .
      000058                        170 _bot_map_02_broken:
      000058 22                     171 	.db #0x22	; 34
      000059 7E                     172 	.db #0x7e	; 126
      00005A 7E                     173 	.db #0x7e	; 126
      00005B 24                     174 	.db #0x24	; 36
      00005C 2B                     175 	.db #0x2b	; 43
      00005D 2C                     176 	.db #0x2c	; 44
      00005E 2C                     177 	.db #0x2c	; 44
      00005F 2E                     178 	.db #0x2e	; 46
                           000060   179 G$top_map_02_broken$0_0$0 == .
      000060                        180 _top_map_02_broken:
      000060 17                     181 	.db #0x17	; 23
      000061 7D                     182 	.db #0x7d	; 125
      000062 7D                     183 	.db #0x7d	; 125
      000063 19                     184 	.db #0x19	; 25
                                    185 	.area _INITIALIZER
                                    186 	.area _CABS (ABS)
